2022-07-12 07:37:08,548:INFO:PyCaret Supervised Module
2022-07-12 07:37:08,549:INFO:ML Usecase: regression
2022-07-12 07:37:08,549:INFO:version 2.2.2
2022-07-12 07:37:08,549:INFO:Initializing setup()
2022-07-12 07:37:08,549:INFO:setup(target=Passengers, ml_usecase=regression, available_plots={'parameter': 'Hyperparameters', 'residuals': 'Residuals', 'error': 'Prediction Error', 'cooks': 'Cooks Distance', 'rfe': 'Feature Selection', 'learning': 'Learning Curve', 'manifold': 'Manifold Learning', 'vc': 'Validation Curve', 'feature': 'Feature Importance', 'feature_all': 'Feature Importance (All)', 'tree': 'Decision Tree'}, train_size=0.7, test_data=     Series  Year  Month  Passengers
132     133  1960      1         417
133     134  1960      2         391
134     135  1960      3         419
135     136  1960      4         461
136     137  1960      5         472
137     138  1960      6         535
138     139  1960      7         622
139     140  1960      8         606
140     141  1960      9         508
141     142  1960     10         461
142     143  1960     11         390
143     144  1960     12         432, preprocess=True, imputation_type=simple, iterative_imputation_iters=5, categorical_features=None, categorical_imputation=constant, categorical_iterative_imputer=lightgbm, ordinal_features=None, high_cardinality_features=None, high_cardinality_method=frequency, numeric_features=['Year', 'Series'], numeric_imputation=mean, numeric_iterative_imputer=lightgbm, date_features=None, ignore_features=None, normalize=False, normalize_method=zscore, transformation=False, transformation_method=yeo-johnson, handle_unknown_categorical=True, unknown_categorical_method=least_frequent, pca=False, pca_method=linear, pca_components=None, ignore_low_variance=False, combine_rare_levels=False, rare_level_threshold=0.1, bin_numeric_features=None, remove_outliers=False, outliers_threshold=0.05, remove_multicollinearity=False, multicollinearity_threshold=0.9, remove_perfect_collinearity=True, create_clusters=False, cluster_iter=20, polynomial_features=False, polynomial_degree=2, trigonometry_features=False, polynomial_threshold=0.1, group_features=None, group_names=None, feature_selection=False, feature_selection_threshold=0.8, feature_selection_method=classic, feature_interaction=False, feature_ratio=False, interaction_threshold=0.01, fix_imbalance=False, fix_imbalance_method=None, transform_target=True, transform_target_method=box-cox, data_split_shuffle=True, data_split_stratify=False, fold_strategy=timeseries, fold=3, fold_shuffle=False, fold_groups=None, n_jobs=-1, use_gpu=False, custom_pipeline=None, html=True, session_id=123, log_experiment=False, experiment_name=None, log_plots=False, log_profile=False, log_data=False, silent=False, verbose=True, profile=False, profile_kwargs=None, display=None)
2022-07-12 07:37:08,549:INFO:Checking environment
2022-07-12 07:37:08,549:INFO:python_version: 3.9.12
2022-07-12 07:37:08,549:INFO:python_build: ('main', 'Apr  4 2022 05:22:27')
2022-07-12 07:37:08,549:INFO:machine: AMD64
2022-07-12 07:37:08,549:INFO:platform: Windows-10-10.0.22000-SP0
2022-07-12 07:37:08,549:INFO:Memory: svmem(total=137220710400, available=25666932736, percent=81.3, used=111553777664, free=25666932736)
2022-07-12 07:37:08,549:INFO:Physical Core: 12
2022-07-12 07:37:08,550:INFO:Logical Core: 20
2022-07-12 07:37:08,550:INFO:Checking libraries
2022-07-12 07:37:08,550:INFO:pd==1.4.2
2022-07-12 07:37:08,550:INFO:numpy==1.21.5
2022-07-12 07:37:08,550:INFO:sklearn==1.1.1
2022-07-12 07:37:08,565:INFO:xgboost==1.6.1
2022-07-12 07:37:08,565:INFO:lightgbm==3.3.2
2022-07-12 07:37:08,583:INFO:catboost==1.0.6
2022-07-12 07:37:08,791:INFO:mlflow==1.27.0
2022-07-12 07:37:08,791:INFO:Checking Exceptions
2022-07-12 07:37:08,791:INFO:Declaring global variables
2022-07-12 07:37:08,791:INFO:USI: 6272
2022-07-12 07:37:08,791:INFO:pycaret_globals: {'y_test', 'imputation_classifier', 'master_model_container', 'y_train', '_gpu_n_jobs_param', '_all_models_internal', '_available_plots', 'seed', 'logging_param', 'exp_name_log', 'html_param', 'transform_target_method_param', 'USI', 'fix_imbalance_param', 'log_plots_param', 'display_container', 'prep_pipe', 'fold_generator', '_internal_pipeline', '_ml_usecase', 'transform_target_param', 'gpu_param', 'fix_imbalance_method_param', 'fold_groups_param', 'data_before_preprocess', 'X_test', 'experiment__', 'fold_shuffle_param', 'pycaret_globals', '_all_models', 'stratify_param', '_all_metrics', 'n_jobs_param', 'imputation_regressor', 'iterative_imputation_iters_param', 'X_train', 'y', 'X', 'fold_param', 'create_model_container', 'target_param'}
2022-07-12 07:37:08,791:INFO:Preparing display monitor
2022-07-12 07:37:08,791:INFO:Preparing display monitor
2022-07-12 07:37:08,797:INFO:Importing libraries
2022-07-12 07:37:08,797:INFO:Copying data for preprocessing
2022-07-12 07:37:08,800:INFO:Declaring preprocessing parameters
2022-07-12 07:37:08,801:INFO:Creating preprocessing pipeline
2022-07-12 07:37:08,802:INFO:Preprocessing pipeline created successfully
2022-07-12 07:37:08,802:ERROR:(Process Exit): setup has been interupted with user command 'quit'. setup must rerun.
2022-07-12 07:37:08,802:INFO:Creating global containers
2022-07-12 07:37:08,803:INFO:Internal pipeline: Pipeline(memory=None, steps=[('empty_step', 'passthrough')], verbose=False)
2022-07-12 07:37:14,263:INFO:Creating grid variables
2022-07-12 07:37:14,269:INFO:create_model_container: 0
2022-07-12 07:37:14,269:INFO:master_model_container: 0
2022-07-12 07:37:14,269:INFO:display_container: 0
2022-07-12 07:37:27,521:INFO:PyCaret Supervised Module
2022-07-12 07:37:27,521:INFO:ML Usecase: regression
2022-07-12 07:37:27,521:INFO:version 2.2.2
2022-07-12 07:37:27,521:INFO:Initializing setup()
2022-07-12 07:37:27,522:INFO:setup(target=Passengers, ml_usecase=regression, available_plots={'parameter': 'Hyperparameters', 'residuals': 'Residuals', 'error': 'Prediction Error', 'cooks': 'Cooks Distance', 'rfe': 'Feature Selection', 'learning': 'Learning Curve', 'manifold': 'Manifold Learning', 'vc': 'Validation Curve', 'feature': 'Feature Importance', 'feature_all': 'Feature Importance (All)', 'tree': 'Decision Tree'}, train_size=0.7, test_data=     Series  Year  Month  Passengers
132     133  1960      1         417
133     134  1960      2         391
134     135  1960      3         419
135     136  1960      4         461
136     137  1960      5         472
137     138  1960      6         535
138     139  1960      7         622
139     140  1960      8         606
140     141  1960      9         508
141     142  1960     10         461
142     143  1960     11         390
143     144  1960     12         432, preprocess=True, imputation_type=simple, iterative_imputation_iters=5, categorical_features=None, categorical_imputation=constant, categorical_iterative_imputer=lightgbm, ordinal_features=None, high_cardinality_features=None, high_cardinality_method=frequency, numeric_features=['Year', 'Series'], numeric_imputation=mean, numeric_iterative_imputer=lightgbm, date_features=None, ignore_features=None, normalize=False, normalize_method=zscore, transformation=False, transformation_method=yeo-johnson, handle_unknown_categorical=True, unknown_categorical_method=least_frequent, pca=False, pca_method=linear, pca_components=None, ignore_low_variance=False, combine_rare_levels=False, rare_level_threshold=0.1, bin_numeric_features=None, remove_outliers=False, outliers_threshold=0.05, remove_multicollinearity=False, multicollinearity_threshold=0.9, remove_perfect_collinearity=True, create_clusters=False, cluster_iter=20, polynomial_features=False, polynomial_degree=2, trigonometry_features=False, polynomial_threshold=0.1, group_features=None, group_names=None, feature_selection=False, feature_selection_threshold=0.8, feature_selection_method=classic, feature_interaction=False, feature_ratio=False, interaction_threshold=0.01, fix_imbalance=False, fix_imbalance_method=None, transform_target=True, transform_target_method=box-cox, data_split_shuffle=True, data_split_stratify=False, fold_strategy=timeseries, fold=3, fold_shuffle=False, fold_groups=None, n_jobs=-1, use_gpu=False, custom_pipeline=None, html=True, session_id=123, log_experiment=False, experiment_name=None, log_plots=False, log_profile=False, log_data=False, silent=False, verbose=True, profile=False, profile_kwargs=None, display=None)
2022-07-12 07:37:27,522:INFO:Checking environment
2022-07-12 07:37:27,522:INFO:python_version: 3.9.12
2022-07-12 07:37:27,522:INFO:python_build: ('main', 'Apr  4 2022 05:22:27')
2022-07-12 07:37:27,522:INFO:machine: AMD64
2022-07-12 07:37:27,522:INFO:platform: Windows-10-10.0.22000-SP0
2022-07-12 07:37:27,522:INFO:Memory: svmem(total=137220710400, available=25538781184, percent=81.4, used=111681929216, free=25538781184)
2022-07-12 07:37:27,522:INFO:Physical Core: 12
2022-07-12 07:37:27,522:INFO:Logical Core: 20
2022-07-12 07:37:27,522:INFO:Checking libraries
2022-07-12 07:37:27,522:INFO:pd==1.4.2
2022-07-12 07:37:27,522:INFO:numpy==1.21.5
2022-07-12 07:37:27,522:INFO:sklearn==1.1.1
2022-07-12 07:37:27,522:INFO:xgboost==1.6.1
2022-07-12 07:37:27,522:INFO:lightgbm==3.3.2
2022-07-12 07:37:27,522:INFO:catboost==1.0.6
2022-07-12 07:37:27,522:INFO:mlflow==1.27.0
2022-07-12 07:37:27,522:INFO:Checking Exceptions
2022-07-12 07:37:27,522:INFO:Declaring global variables
2022-07-12 07:37:27,522:INFO:USI: e321
2022-07-12 07:37:27,522:INFO:pycaret_globals: {'y_test', 'imputation_classifier', 'master_model_container', 'y_train', '_gpu_n_jobs_param', '_all_models_internal', '_available_plots', 'seed', 'logging_param', 'exp_name_log', 'html_param', 'transform_target_method_param', 'USI', 'fix_imbalance_param', 'log_plots_param', 'display_container', 'prep_pipe', 'fold_generator', '_internal_pipeline', '_ml_usecase', 'transform_target_param', 'gpu_param', 'fix_imbalance_method_param', 'fold_groups_param', 'data_before_preprocess', 'X_test', 'experiment__', 'fold_shuffle_param', 'pycaret_globals', '_all_models', 'stratify_param', '_all_metrics', 'n_jobs_param', 'imputation_regressor', 'iterative_imputation_iters_param', 'X_train', 'y', 'X', 'fold_param', 'create_model_container', 'target_param'}
2022-07-12 07:37:27,522:INFO:Preparing display monitor
2022-07-12 07:37:27,522:INFO:Preparing display monitor
2022-07-12 07:37:27,529:INFO:Importing libraries
2022-07-12 07:37:27,529:INFO:Copying data for preprocessing
2022-07-12 07:37:27,534:INFO:Declaring preprocessing parameters
2022-07-12 07:37:27,534:INFO:Creating preprocessing pipeline
2022-07-12 07:37:27,535:INFO:Preprocessing pipeline created successfully
2022-07-12 07:37:27,536:ERROR:(Process Exit): setup has been interupted with user command 'quit'. setup must rerun.
2022-07-12 07:37:27,536:INFO:Creating global containers
2022-07-12 07:37:27,536:INFO:Internal pipeline: Pipeline(memory=None, steps=[('empty_step', 'passthrough')], verbose=False)
2022-07-12 07:37:34,029:INFO:Creating grid variables
2022-07-12 07:37:34,034:INFO:create_model_container: 0
2022-07-12 07:37:34,035:INFO:master_model_container: 0
2022-07-12 07:37:34,035:INFO:display_container: 0
2022-07-12 07:38:00,511:INFO:Initializing compare_models()
2022-07-12 07:38:00,511:INFO:compare_models(include=None, fold=None, round=4, cross_validation=True, sort=MAE, n_select=1, budget_time=None, turbo=True, errors=ignore, fit_kwargs=None, groups=None, verbose=True, display=None, exclude=None)
2022-07-12 07:38:00,511:INFO:Checking exceptions
2022-07-12 07:38:00,511:INFO:Preparing display monitor
2022-07-12 07:38:00,511:INFO:Preparing display monitor
2022-07-12 07:38:00,523:INFO:Initializing Linear Regression
2022-07-12 07:38:00,523:INFO:Total runtime is 0.0 minutes
2022-07-12 07:38:00,526:INFO:SubProcess create_model() called ==================================
2022-07-12 07:38:00,527:INFO:Initializing create_model()
2022-07-12 07:38:00,527:INFO:create_model(estimator=lr, fold=TimeSeriesSplit(gap=0, max_train_size=None, n_splits=3, test_size=None), round=4, cross_validation=True, predict=True, fit_kwargs={}, groups=None, refit=False, verbose=False, system=False, metrics=None, display=<pycaret.internal.Display.Display object at 0x0000027A585733D0>, kwargs={})
2022-07-12 07:38:00,527:INFO:Checking exceptions
2022-07-12 07:38:00,527:INFO:Importing libraries
2022-07-12 07:38:00,527:INFO:Copying training dataset
2022-07-12 07:38:00,527:INFO:Defining folds
2022-07-12 07:38:00,527:INFO:Declaring metric variables
2022-07-12 07:38:00,531:INFO:Importing untrained model
2022-07-12 07:38:00,535:INFO:Linear Regression Imported succesfully
2022-07-12 07:38:00,542:INFO:Starting cross validation
2022-07-12 07:38:00,544:INFO:Cross validating with TimeSeriesSplit(gap=0, max_train_size=None, n_splits=3, test_size=None), n_jobs=-1
2022-07-12 07:38:02,299:WARNING:create_model() for lr raised an exception or returned all 0.0, trying without fit_kwargs:
2022-07-12 07:38:02,300:WARNING:joblib.externals.loky.process_executor._RemoteTraceback: 
"""
Traceback (most recent call last):
  File "C:\Users\Main\anaconda3\lib\site-packages\pandas\compat\_optional.py", line 138, in import_optional_dependency
    module = importlib.import_module(name)
  File "C:\Users\Main\anaconda3\lib\importlib\__init__.py", line 127, in import_module
    return _bootstrap._gcd_import(name[level:], package, level)
  File "<frozen importlib._bootstrap>", line 1030, in _gcd_import
  File "<frozen importlib._bootstrap>", line 1007, in _find_and_load
  File "<frozen importlib._bootstrap>", line 986, in _find_and_load_unlocked
  File "<frozen importlib._bootstrap>", line 680, in _load_unlocked
  File "<frozen importlib._bootstrap_external>", line 850, in exec_module
  File "<frozen importlib._bootstrap>", line 228, in _call_with_frames_removed
  File "C:\Users\Main\anaconda3\lib\site-packages\jinja2\__init__.py", line 12, in <module>
    from .environment import Environment
  File "C:\Users\Main\anaconda3\lib\site-packages\jinja2\environment.py", line 25, in <module>
    from .defaults import BLOCK_END_STRING
  File "C:\Users\Main\anaconda3\lib\site-packages\jinja2\defaults.py", line 3, in <module>
    from .filters import FILTERS as DEFAULT_FILTERS  # noqa: F401
  File "C:\Users\Main\anaconda3\lib\site-packages\jinja2\filters.py", line 13, in <module>
    from markupsafe import soft_unicode
ImportError: cannot import name 'soft_unicode' from 'markupsafe' (C:\Users\Main\anaconda3\lib\site-packages\markupsafe\__init__.py)

During handling of the above exception, another exception occurred:

Traceback (most recent call last):
  File "C:\Users\Main\anaconda3\lib\site-packages\joblib\externals\loky\process_executor.py", line 407, in _process_worker
    call_item = call_queue.get(block=True, timeout=timeout)
  File "C:\Users\Main\anaconda3\lib\multiprocessing\queues.py", line 122, in get
    return _ForkingPickler.loads(res)
  File "C:\Users\Main\anaconda3\lib\site-packages\pycaret\internal\pipeline.py", line 11, in <module>
    from pycaret.internal.utils import get_all_object_vars_and_properties, is_fit_var
  File "C:\Users\Main\anaconda3\lib\site-packages\pycaret\internal\utils.py", line 10, in <module>
    import pandas.io.formats.style
  File "C:\Users\Main\anaconda3\lib\site-packages\pandas\io\formats\style.py", line 52, in <module>
    jinja2 = import_optional_dependency("jinja2", extra="DataFrame.style requires jinja2.")
  File "C:\Users\Main\anaconda3\lib\site-packages\pandas\compat\_optional.py", line 141, in import_optional_dependency
    raise ImportError(msg)
ImportError: Missing optional dependency 'Jinja2'. DataFrame.style requires jinja2. Use pip or conda to install Jinja2.
"""

The above exception was the direct cause of the following exception:

Traceback (most recent call last):
  File "C:\Users\Main\anaconda3\lib\site-packages\pycaret\internal\tabular.py", line 2136, in compare_models
    model, model_fit_time = create_model_supervised(
  File "C:\Users\Main\anaconda3\lib\site-packages\pycaret\internal\tabular.py", line 3085, in create_model_supervised
    scores = cross_validate(
  File "C:\Users\Main\anaconda3\lib\site-packages\sklearn\model_selection\_validation.py", line 266, in cross_validate
    results = parallel(
  File "C:\Users\Main\anaconda3\lib\site-packages\joblib\parallel.py", line 1056, in __call__
    self.retrieve()
  File "C:\Users\Main\anaconda3\lib\site-packages\joblib\parallel.py", line 935, in retrieve
    self._output.extend(job.get(timeout=self.timeout))
  File "C:\Users\Main\anaconda3\lib\site-packages\joblib\_parallel_backends.py", line 542, in wrap_future_result
    return future.result(timeout=timeout)
  File "C:\Users\Main\anaconda3\lib\concurrent\futures\_base.py", line 446, in result
    return self.__get_result()
  File "C:\Users\Main\anaconda3\lib\concurrent\futures\_base.py", line 391, in __get_result
    raise self._exception
joblib.externals.loky.process_executor.BrokenProcessPool: A task has failed to un-serialize. Please ensure that the arguments of the function are all picklable.

2022-07-12 07:38:02,301:INFO:Initializing create_model()
2022-07-12 07:38:02,301:INFO:create_model(estimator=lr, fold=TimeSeriesSplit(gap=0, max_train_size=None, n_splits=3, test_size=None), round=4, cross_validation=True, predict=True, fit_kwargs=None, groups=None, refit=False, verbose=False, system=False, metrics=None, display=<pycaret.internal.Display.Display object at 0x0000027A585733D0>, kwargs={})
2022-07-12 07:38:02,301:INFO:Checking exceptions
2022-07-12 07:38:02,301:INFO:Importing libraries
2022-07-12 07:38:02,301:INFO:Copying training dataset
2022-07-12 07:38:02,301:INFO:Defining folds
2022-07-12 07:38:02,301:INFO:Declaring metric variables
2022-07-12 07:38:02,305:INFO:Importing untrained model
2022-07-12 07:38:02,308:INFO:Linear Regression Imported succesfully
2022-07-12 07:38:02,315:INFO:Starting cross validation
2022-07-12 07:38:02,316:INFO:Cross validating with TimeSeriesSplit(gap=0, max_train_size=None, n_splits=3, test_size=None), n_jobs=-1
2022-07-12 07:38:03,980:ERROR:create_model() for lr raised an exception:
2022-07-12 07:38:03,980:ERROR:joblib.externals.loky.process_executor._RemoteTraceback: 
"""
Traceback (most recent call last):
  File "C:\Users\Main\anaconda3\lib\site-packages\pandas\compat\_optional.py", line 138, in import_optional_dependency
    module = importlib.import_module(name)
  File "C:\Users\Main\anaconda3\lib\importlib\__init__.py", line 127, in import_module
    return _bootstrap._gcd_import(name[level:], package, level)
  File "<frozen importlib._bootstrap>", line 1030, in _gcd_import
  File "<frozen importlib._bootstrap>", line 1007, in _find_and_load
  File "<frozen importlib._bootstrap>", line 986, in _find_and_load_unlocked
  File "<frozen importlib._bootstrap>", line 680, in _load_unlocked
  File "<frozen importlib._bootstrap_external>", line 850, in exec_module
  File "<frozen importlib._bootstrap>", line 228, in _call_with_frames_removed
  File "C:\Users\Main\anaconda3\lib\site-packages\jinja2\__init__.py", line 12, in <module>
    from .environment import Environment
  File "C:\Users\Main\anaconda3\lib\site-packages\jinja2\environment.py", line 25, in <module>
    from .defaults import BLOCK_END_STRING
  File "C:\Users\Main\anaconda3\lib\site-packages\jinja2\defaults.py", line 3, in <module>
    from .filters import FILTERS as DEFAULT_FILTERS  # noqa: F401
  File "C:\Users\Main\anaconda3\lib\site-packages\jinja2\filters.py", line 13, in <module>
    from markupsafe import soft_unicode
ImportError: cannot import name 'soft_unicode' from 'markupsafe' (C:\Users\Main\anaconda3\lib\site-packages\markupsafe\__init__.py)

During handling of the above exception, another exception occurred:

Traceback (most recent call last):
  File "C:\Users\Main\anaconda3\lib\site-packages\joblib\externals\loky\process_executor.py", line 407, in _process_worker
    call_item = call_queue.get(block=True, timeout=timeout)
  File "C:\Users\Main\anaconda3\lib\multiprocessing\queues.py", line 122, in get
    return _ForkingPickler.loads(res)
  File "C:\Users\Main\anaconda3\lib\site-packages\pycaret\internal\pipeline.py", line 11, in <module>
    from pycaret.internal.utils import get_all_object_vars_and_properties, is_fit_var
  File "C:\Users\Main\anaconda3\lib\site-packages\pycaret\internal\utils.py", line 10, in <module>
    import pandas.io.formats.style
  File "C:\Users\Main\anaconda3\lib\site-packages\pandas\io\formats\style.py", line 52, in <module>
    jinja2 = import_optional_dependency("jinja2", extra="DataFrame.style requires jinja2.")
  File "C:\Users\Main\anaconda3\lib\site-packages\pandas\compat\_optional.py", line 141, in import_optional_dependency
    raise ImportError(msg)
ImportError: Missing optional dependency 'Jinja2'. DataFrame.style requires jinja2. Use pip or conda to install Jinja2.
"""

The above exception was the direct cause of the following exception:

Traceback (most recent call last):
  File "C:\Users\Main\anaconda3\lib\site-packages\pycaret\internal\tabular.py", line 2156, in compare_models
    model, model_fit_time = create_model_supervised(
  File "C:\Users\Main\anaconda3\lib\site-packages\pycaret\internal\tabular.py", line 3085, in create_model_supervised
    scores = cross_validate(
  File "C:\Users\Main\anaconda3\lib\site-packages\sklearn\model_selection\_validation.py", line 266, in cross_validate
    results = parallel(
  File "C:\Users\Main\anaconda3\lib\site-packages\joblib\parallel.py", line 1056, in __call__
    self.retrieve()
  File "C:\Users\Main\anaconda3\lib\site-packages\joblib\parallel.py", line 935, in retrieve
    self._output.extend(job.get(timeout=self.timeout))
  File "C:\Users\Main\anaconda3\lib\site-packages\joblib\_parallel_backends.py", line 542, in wrap_future_result
    return future.result(timeout=timeout)
  File "C:\Users\Main\anaconda3\lib\concurrent\futures\_base.py", line 446, in result
    return self.__get_result()
  File "C:\Users\Main\anaconda3\lib\concurrent\futures\_base.py", line 391, in __get_result
    raise self._exception
joblib.externals.loky.process_executor.BrokenProcessPool: A task has failed to un-serialize. Please ensure that the arguments of the function are all picklable.

2022-07-12 07:38:03,980:INFO:Initializing Lasso Regression
2022-07-12 07:38:03,980:INFO:Total runtime is 0.05761662721633911 minutes
2022-07-12 07:38:03,984:INFO:SubProcess create_model() called ==================================
2022-07-12 07:38:03,985:INFO:Initializing create_model()
2022-07-12 07:38:03,985:INFO:create_model(estimator=lasso, fold=TimeSeriesSplit(gap=0, max_train_size=None, n_splits=3, test_size=None), round=4, cross_validation=True, predict=True, fit_kwargs={}, groups=None, refit=False, verbose=False, system=False, metrics=None, display=<pycaret.internal.Display.Display object at 0x0000027A585733D0>, kwargs={})
2022-07-12 07:38:03,985:INFO:Checking exceptions
2022-07-12 07:38:03,985:INFO:Importing libraries
2022-07-12 07:38:03,985:INFO:Copying training dataset
2022-07-12 07:38:03,985:INFO:Defining folds
2022-07-12 07:38:03,985:INFO:Declaring metric variables
2022-07-12 07:38:03,989:INFO:Importing untrained model
2022-07-12 07:38:03,992:INFO:Lasso Regression Imported succesfully
2022-07-12 07:38:03,998:INFO:Starting cross validation
2022-07-12 07:38:03,999:INFO:Cross validating with TimeSeriesSplit(gap=0, max_train_size=None, n_splits=3, test_size=None), n_jobs=-1
2022-07-12 07:38:05,679:WARNING:create_model() for lasso raised an exception or returned all 0.0, trying without fit_kwargs:
2022-07-12 07:38:05,679:WARNING:joblib.externals.loky.process_executor._RemoteTraceback: 
"""
Traceback (most recent call last):
  File "C:\Users\Main\anaconda3\lib\site-packages\pandas\compat\_optional.py", line 138, in import_optional_dependency
    module = importlib.import_module(name)
  File "C:\Users\Main\anaconda3\lib\importlib\__init__.py", line 127, in import_module
    return _bootstrap._gcd_import(name[level:], package, level)
  File "<frozen importlib._bootstrap>", line 1030, in _gcd_import
  File "<frozen importlib._bootstrap>", line 1007, in _find_and_load
  File "<frozen importlib._bootstrap>", line 986, in _find_and_load_unlocked
  File "<frozen importlib._bootstrap>", line 680, in _load_unlocked
  File "<frozen importlib._bootstrap_external>", line 850, in exec_module
  File "<frozen importlib._bootstrap>", line 228, in _call_with_frames_removed
  File "C:\Users\Main\anaconda3\lib\site-packages\jinja2\__init__.py", line 12, in <module>
    from .environment import Environment
  File "C:\Users\Main\anaconda3\lib\site-packages\jinja2\environment.py", line 25, in <module>
    from .defaults import BLOCK_END_STRING
  File "C:\Users\Main\anaconda3\lib\site-packages\jinja2\defaults.py", line 3, in <module>
    from .filters import FILTERS as DEFAULT_FILTERS  # noqa: F401
  File "C:\Users\Main\anaconda3\lib\site-packages\jinja2\filters.py", line 13, in <module>
    from markupsafe import soft_unicode
ImportError: cannot import name 'soft_unicode' from 'markupsafe' (C:\Users\Main\anaconda3\lib\site-packages\markupsafe\__init__.py)

During handling of the above exception, another exception occurred:

Traceback (most recent call last):
  File "C:\Users\Main\anaconda3\lib\site-packages\joblib\externals\loky\process_executor.py", line 407, in _process_worker
    call_item = call_queue.get(block=True, timeout=timeout)
  File "C:\Users\Main\anaconda3\lib\multiprocessing\queues.py", line 122, in get
    return _ForkingPickler.loads(res)
  File "C:\Users\Main\anaconda3\lib\site-packages\pycaret\internal\pipeline.py", line 11, in <module>
    from pycaret.internal.utils import get_all_object_vars_and_properties, is_fit_var
  File "C:\Users\Main\anaconda3\lib\site-packages\pycaret\internal\utils.py", line 10, in <module>
    import pandas.io.formats.style
  File "C:\Users\Main\anaconda3\lib\site-packages\pandas\io\formats\style.py", line 52, in <module>
    jinja2 = import_optional_dependency("jinja2", extra="DataFrame.style requires jinja2.")
  File "C:\Users\Main\anaconda3\lib\site-packages\pandas\compat\_optional.py", line 141, in import_optional_dependency
    raise ImportError(msg)
ImportError: Missing optional dependency 'Jinja2'. DataFrame.style requires jinja2. Use pip or conda to install Jinja2.
"""

The above exception was the direct cause of the following exception:

Traceback (most recent call last):
  File "C:\Users\Main\anaconda3\lib\site-packages\pycaret\internal\tabular.py", line 2136, in compare_models
    model, model_fit_time = create_model_supervised(
  File "C:\Users\Main\anaconda3\lib\site-packages\pycaret\internal\tabular.py", line 3085, in create_model_supervised
    scores = cross_validate(
  File "C:\Users\Main\anaconda3\lib\site-packages\sklearn\model_selection\_validation.py", line 266, in cross_validate
    results = parallel(
  File "C:\Users\Main\anaconda3\lib\site-packages\joblib\parallel.py", line 1056, in __call__
    self.retrieve()
  File "C:\Users\Main\anaconda3\lib\site-packages\joblib\parallel.py", line 935, in retrieve
    self._output.extend(job.get(timeout=self.timeout))
  File "C:\Users\Main\anaconda3\lib\site-packages\joblib\_parallel_backends.py", line 542, in wrap_future_result
    return future.result(timeout=timeout)
  File "C:\Users\Main\anaconda3\lib\concurrent\futures\_base.py", line 446, in result
    return self.__get_result()
  File "C:\Users\Main\anaconda3\lib\concurrent\futures\_base.py", line 391, in __get_result
    raise self._exception
joblib.externals.loky.process_executor.BrokenProcessPool: A task has failed to un-serialize. Please ensure that the arguments of the function are all picklable.

2022-07-12 07:38:05,680:INFO:Initializing create_model()
2022-07-12 07:38:05,680:INFO:create_model(estimator=lasso, fold=TimeSeriesSplit(gap=0, max_train_size=None, n_splits=3, test_size=None), round=4, cross_validation=True, predict=True, fit_kwargs=None, groups=None, refit=False, verbose=False, system=False, metrics=None, display=<pycaret.internal.Display.Display object at 0x0000027A585733D0>, kwargs={})
2022-07-12 07:38:05,680:INFO:Checking exceptions
2022-07-12 07:38:05,680:INFO:Importing libraries
2022-07-12 07:38:05,680:INFO:Copying training dataset
2022-07-12 07:38:05,680:INFO:Defining folds
2022-07-12 07:38:05,680:INFO:Declaring metric variables
2022-07-12 07:38:05,684:INFO:Importing untrained model
2022-07-12 07:38:05,687:INFO:Lasso Regression Imported succesfully
2022-07-12 07:38:05,694:INFO:Starting cross validation
2022-07-12 07:38:05,694:INFO:Cross validating with TimeSeriesSplit(gap=0, max_train_size=None, n_splits=3, test_size=None), n_jobs=-1
2022-07-12 07:38:07,377:ERROR:create_model() for lasso raised an exception:
2022-07-12 07:38:07,378:ERROR:joblib.externals.loky.process_executor._RemoteTraceback: 
"""
Traceback (most recent call last):
  File "C:\Users\Main\anaconda3\lib\site-packages\pandas\compat\_optional.py", line 138, in import_optional_dependency
    module = importlib.import_module(name)
  File "C:\Users\Main\anaconda3\lib\importlib\__init__.py", line 127, in import_module
    return _bootstrap._gcd_import(name[level:], package, level)
  File "<frozen importlib._bootstrap>", line 1030, in _gcd_import
  File "<frozen importlib._bootstrap>", line 1007, in _find_and_load
  File "<frozen importlib._bootstrap>", line 986, in _find_and_load_unlocked
  File "<frozen importlib._bootstrap>", line 680, in _load_unlocked
  File "<frozen importlib._bootstrap_external>", line 850, in exec_module
  File "<frozen importlib._bootstrap>", line 228, in _call_with_frames_removed
  File "C:\Users\Main\anaconda3\lib\site-packages\jinja2\__init__.py", line 12, in <module>
    from .environment import Environment
  File "C:\Users\Main\anaconda3\lib\site-packages\jinja2\environment.py", line 25, in <module>
    from .defaults import BLOCK_END_STRING
  File "C:\Users\Main\anaconda3\lib\site-packages\jinja2\defaults.py", line 3, in <module>
    from .filters import FILTERS as DEFAULT_FILTERS  # noqa: F401
  File "C:\Users\Main\anaconda3\lib\site-packages\jinja2\filters.py", line 13, in <module>
    from markupsafe import soft_unicode
ImportError: cannot import name 'soft_unicode' from 'markupsafe' (C:\Users\Main\anaconda3\lib\site-packages\markupsafe\__init__.py)

During handling of the above exception, another exception occurred:

Traceback (most recent call last):
  File "C:\Users\Main\anaconda3\lib\site-packages\joblib\externals\loky\process_executor.py", line 407, in _process_worker
    call_item = call_queue.get(block=True, timeout=timeout)
  File "C:\Users\Main\anaconda3\lib\multiprocessing\queues.py", line 122, in get
    return _ForkingPickler.loads(res)
  File "C:\Users\Main\anaconda3\lib\site-packages\pycaret\internal\pipeline.py", line 11, in <module>
    from pycaret.internal.utils import get_all_object_vars_and_properties, is_fit_var
  File "C:\Users\Main\anaconda3\lib\site-packages\pycaret\internal\utils.py", line 10, in <module>
    import pandas.io.formats.style
  File "C:\Users\Main\anaconda3\lib\site-packages\pandas\io\formats\style.py", line 52, in <module>
    jinja2 = import_optional_dependency("jinja2", extra="DataFrame.style requires jinja2.")
  File "C:\Users\Main\anaconda3\lib\site-packages\pandas\compat\_optional.py", line 141, in import_optional_dependency
    raise ImportError(msg)
ImportError: Missing optional dependency 'Jinja2'. DataFrame.style requires jinja2. Use pip or conda to install Jinja2.
"""

The above exception was the direct cause of the following exception:

Traceback (most recent call last):
  File "C:\Users\Main\anaconda3\lib\site-packages\pycaret\internal\tabular.py", line 2156, in compare_models
    model, model_fit_time = create_model_supervised(
  File "C:\Users\Main\anaconda3\lib\site-packages\pycaret\internal\tabular.py", line 3085, in create_model_supervised
    scores = cross_validate(
  File "C:\Users\Main\anaconda3\lib\site-packages\sklearn\model_selection\_validation.py", line 266, in cross_validate
    results = parallel(
  File "C:\Users\Main\anaconda3\lib\site-packages\joblib\parallel.py", line 1056, in __call__
    self.retrieve()
  File "C:\Users\Main\anaconda3\lib\site-packages\joblib\parallel.py", line 935, in retrieve
    self._output.extend(job.get(timeout=self.timeout))
  File "C:\Users\Main\anaconda3\lib\site-packages\joblib\_parallel_backends.py", line 542, in wrap_future_result
    return future.result(timeout=timeout)
  File "C:\Users\Main\anaconda3\lib\concurrent\futures\_base.py", line 446, in result
    return self.__get_result()
  File "C:\Users\Main\anaconda3\lib\concurrent\futures\_base.py", line 391, in __get_result
    raise self._exception
joblib.externals.loky.process_executor.BrokenProcessPool: A task has failed to un-serialize. Please ensure that the arguments of the function are all picklable.

2022-07-12 07:38:07,378:INFO:Initializing Ridge Regression
2022-07-12 07:38:07,378:INFO:Total runtime is 0.11425930658976237 minutes
2022-07-12 07:38:07,382:INFO:SubProcess create_model() called ==================================
2022-07-12 07:38:07,382:INFO:Initializing create_model()
2022-07-12 07:38:07,382:INFO:create_model(estimator=ridge, fold=TimeSeriesSplit(gap=0, max_train_size=None, n_splits=3, test_size=None), round=4, cross_validation=True, predict=True, fit_kwargs={}, groups=None, refit=False, verbose=False, system=False, metrics=None, display=<pycaret.internal.Display.Display object at 0x0000027A585733D0>, kwargs={})
2022-07-12 07:38:07,382:INFO:Checking exceptions
2022-07-12 07:38:07,382:INFO:Importing libraries
2022-07-12 07:38:07,382:INFO:Copying training dataset
2022-07-12 07:38:07,383:INFO:Defining folds
2022-07-12 07:38:07,383:INFO:Declaring metric variables
2022-07-12 07:38:07,386:INFO:Importing untrained model
2022-07-12 07:38:07,389:INFO:Ridge Regression Imported succesfully
2022-07-12 07:38:07,395:INFO:Starting cross validation
2022-07-12 07:38:07,395:INFO:Cross validating with TimeSeriesSplit(gap=0, max_train_size=None, n_splits=3, test_size=None), n_jobs=-1
2022-07-12 07:38:09,012:WARNING:create_model() for ridge raised an exception or returned all 0.0, trying without fit_kwargs:
2022-07-12 07:38:09,013:WARNING:joblib.externals.loky.process_executor._RemoteTraceback: 
"""
Traceback (most recent call last):
  File "C:\Users\Main\anaconda3\lib\site-packages\pandas\compat\_optional.py", line 138, in import_optional_dependency
    module = importlib.import_module(name)
  File "C:\Users\Main\anaconda3\lib\importlib\__init__.py", line 127, in import_module
    return _bootstrap._gcd_import(name[level:], package, level)
  File "<frozen importlib._bootstrap>", line 1030, in _gcd_import
  File "<frozen importlib._bootstrap>", line 1007, in _find_and_load
  File "<frozen importlib._bootstrap>", line 986, in _find_and_load_unlocked
  File "<frozen importlib._bootstrap>", line 680, in _load_unlocked
  File "<frozen importlib._bootstrap_external>", line 850, in exec_module
  File "<frozen importlib._bootstrap>", line 228, in _call_with_frames_removed
  File "C:\Users\Main\anaconda3\lib\site-packages\jinja2\__init__.py", line 12, in <module>
    from .environment import Environment
  File "C:\Users\Main\anaconda3\lib\site-packages\jinja2\environment.py", line 25, in <module>
    from .defaults import BLOCK_END_STRING
  File "C:\Users\Main\anaconda3\lib\site-packages\jinja2\defaults.py", line 3, in <module>
    from .filters import FILTERS as DEFAULT_FILTERS  # noqa: F401
  File "C:\Users\Main\anaconda3\lib\site-packages\jinja2\filters.py", line 13, in <module>
    from markupsafe import soft_unicode
ImportError: cannot import name 'soft_unicode' from 'markupsafe' (C:\Users\Main\anaconda3\lib\site-packages\markupsafe\__init__.py)

During handling of the above exception, another exception occurred:

Traceback (most recent call last):
  File "C:\Users\Main\anaconda3\lib\site-packages\joblib\externals\loky\process_executor.py", line 407, in _process_worker
    call_item = call_queue.get(block=True, timeout=timeout)
  File "C:\Users\Main\anaconda3\lib\multiprocessing\queues.py", line 122, in get
    return _ForkingPickler.loads(res)
  File "C:\Users\Main\anaconda3\lib\site-packages\pycaret\internal\pipeline.py", line 11, in <module>
    from pycaret.internal.utils import get_all_object_vars_and_properties, is_fit_var
  File "C:\Users\Main\anaconda3\lib\site-packages\pycaret\internal\utils.py", line 10, in <module>
    import pandas.io.formats.style
  File "C:\Users\Main\anaconda3\lib\site-packages\pandas\io\formats\style.py", line 52, in <module>
    jinja2 = import_optional_dependency("jinja2", extra="DataFrame.style requires jinja2.")
  File "C:\Users\Main\anaconda3\lib\site-packages\pandas\compat\_optional.py", line 141, in import_optional_dependency
    raise ImportError(msg)
ImportError: Missing optional dependency 'Jinja2'. DataFrame.style requires jinja2. Use pip or conda to install Jinja2.
"""

The above exception was the direct cause of the following exception:

Traceback (most recent call last):
  File "C:\Users\Main\anaconda3\lib\site-packages\pycaret\internal\tabular.py", line 2136, in compare_models
    model, model_fit_time = create_model_supervised(
  File "C:\Users\Main\anaconda3\lib\site-packages\pycaret\internal\tabular.py", line 3085, in create_model_supervised
    scores = cross_validate(
  File "C:\Users\Main\anaconda3\lib\site-packages\sklearn\model_selection\_validation.py", line 266, in cross_validate
    results = parallel(
  File "C:\Users\Main\anaconda3\lib\site-packages\joblib\parallel.py", line 1056, in __call__
    self.retrieve()
  File "C:\Users\Main\anaconda3\lib\site-packages\joblib\parallel.py", line 935, in retrieve
    self._output.extend(job.get(timeout=self.timeout))
  File "C:\Users\Main\anaconda3\lib\site-packages\joblib\_parallel_backends.py", line 542, in wrap_future_result
    return future.result(timeout=timeout)
  File "C:\Users\Main\anaconda3\lib\concurrent\futures\_base.py", line 446, in result
    return self.__get_result()
  File "C:\Users\Main\anaconda3\lib\concurrent\futures\_base.py", line 391, in __get_result
    raise self._exception
joblib.externals.loky.process_executor.BrokenProcessPool: A task has failed to un-serialize. Please ensure that the arguments of the function are all picklable.

2022-07-12 07:38:09,013:INFO:Initializing create_model()
2022-07-12 07:38:09,013:INFO:create_model(estimator=ridge, fold=TimeSeriesSplit(gap=0, max_train_size=None, n_splits=3, test_size=None), round=4, cross_validation=True, predict=True, fit_kwargs=None, groups=None, refit=False, verbose=False, system=False, metrics=None, display=<pycaret.internal.Display.Display object at 0x0000027A585733D0>, kwargs={})
2022-07-12 07:38:09,013:INFO:Checking exceptions
2022-07-12 07:38:09,013:INFO:Importing libraries
2022-07-12 07:38:09,013:INFO:Copying training dataset
2022-07-12 07:38:09,013:INFO:Defining folds
2022-07-12 07:38:09,014:INFO:Declaring metric variables
2022-07-12 07:38:09,017:INFO:Importing untrained model
2022-07-12 07:38:09,020:INFO:Ridge Regression Imported succesfully
2022-07-12 07:38:09,027:INFO:Starting cross validation
2022-07-12 07:38:09,027:INFO:Cross validating with TimeSeriesSplit(gap=0, max_train_size=None, n_splits=3, test_size=None), n_jobs=-1
2022-07-12 07:38:10,710:ERROR:create_model() for ridge raised an exception:
2022-07-12 07:38:10,711:ERROR:joblib.externals.loky.process_executor._RemoteTraceback: 
"""
Traceback (most recent call last):
  File "C:\Users\Main\anaconda3\lib\site-packages\pandas\compat\_optional.py", line 138, in import_optional_dependency
    module = importlib.import_module(name)
  File "C:\Users\Main\anaconda3\lib\importlib\__init__.py", line 127, in import_module
    return _bootstrap._gcd_import(name[level:], package, level)
  File "<frozen importlib._bootstrap>", line 1030, in _gcd_import
  File "<frozen importlib._bootstrap>", line 1007, in _find_and_load
  File "<frozen importlib._bootstrap>", line 986, in _find_and_load_unlocked
  File "<frozen importlib._bootstrap>", line 680, in _load_unlocked
  File "<frozen importlib._bootstrap_external>", line 850, in exec_module
  File "<frozen importlib._bootstrap>", line 228, in _call_with_frames_removed
  File "C:\Users\Main\anaconda3\lib\site-packages\jinja2\__init__.py", line 12, in <module>
    from .environment import Environment
  File "C:\Users\Main\anaconda3\lib\site-packages\jinja2\environment.py", line 25, in <module>
    from .defaults import BLOCK_END_STRING
  File "C:\Users\Main\anaconda3\lib\site-packages\jinja2\defaults.py", line 3, in <module>
    from .filters import FILTERS as DEFAULT_FILTERS  # noqa: F401
  File "C:\Users\Main\anaconda3\lib\site-packages\jinja2\filters.py", line 13, in <module>
    from markupsafe import soft_unicode
ImportError: cannot import name 'soft_unicode' from 'markupsafe' (C:\Users\Main\anaconda3\lib\site-packages\markupsafe\__init__.py)

During handling of the above exception, another exception occurred:

Traceback (most recent call last):
  File "C:\Users\Main\anaconda3\lib\site-packages\joblib\externals\loky\process_executor.py", line 407, in _process_worker
    call_item = call_queue.get(block=True, timeout=timeout)
  File "C:\Users\Main\anaconda3\lib\multiprocessing\queues.py", line 122, in get
    return _ForkingPickler.loads(res)
  File "C:\Users\Main\anaconda3\lib\site-packages\pycaret\internal\pipeline.py", line 11, in <module>
    from pycaret.internal.utils import get_all_object_vars_and_properties, is_fit_var
  File "C:\Users\Main\anaconda3\lib\site-packages\pycaret\internal\utils.py", line 10, in <module>
    import pandas.io.formats.style
  File "C:\Users\Main\anaconda3\lib\site-packages\pandas\io\formats\style.py", line 52, in <module>
    jinja2 = import_optional_dependency("jinja2", extra="DataFrame.style requires jinja2.")
  File "C:\Users\Main\anaconda3\lib\site-packages\pandas\compat\_optional.py", line 141, in import_optional_dependency
    raise ImportError(msg)
ImportError: Missing optional dependency 'Jinja2'. DataFrame.style requires jinja2. Use pip or conda to install Jinja2.
"""

The above exception was the direct cause of the following exception:

Traceback (most recent call last):
  File "C:\Users\Main\anaconda3\lib\site-packages\pycaret\internal\tabular.py", line 2156, in compare_models
    model, model_fit_time = create_model_supervised(
  File "C:\Users\Main\anaconda3\lib\site-packages\pycaret\internal\tabular.py", line 3085, in create_model_supervised
    scores = cross_validate(
  File "C:\Users\Main\anaconda3\lib\site-packages\sklearn\model_selection\_validation.py", line 266, in cross_validate
    results = parallel(
  File "C:\Users\Main\anaconda3\lib\site-packages\joblib\parallel.py", line 1056, in __call__
    self.retrieve()
  File "C:\Users\Main\anaconda3\lib\site-packages\joblib\parallel.py", line 935, in retrieve
    self._output.extend(job.get(timeout=self.timeout))
  File "C:\Users\Main\anaconda3\lib\site-packages\joblib\_parallel_backends.py", line 542, in wrap_future_result
    return future.result(timeout=timeout)
  File "C:\Users\Main\anaconda3\lib\concurrent\futures\_base.py", line 446, in result
    return self.__get_result()
  File "C:\Users\Main\anaconda3\lib\concurrent\futures\_base.py", line 391, in __get_result
    raise self._exception
joblib.externals.loky.process_executor.BrokenProcessPool: A task has failed to un-serialize. Please ensure that the arguments of the function are all picklable.

2022-07-12 07:38:10,711:INFO:Initializing Elastic Net
2022-07-12 07:38:10,711:INFO:Total runtime is 0.169801926612854 minutes
2022-07-12 07:38:10,715:INFO:SubProcess create_model() called ==================================
2022-07-12 07:38:10,715:INFO:Initializing create_model()
2022-07-12 07:38:10,715:INFO:create_model(estimator=en, fold=TimeSeriesSplit(gap=0, max_train_size=None, n_splits=3, test_size=None), round=4, cross_validation=True, predict=True, fit_kwargs={}, groups=None, refit=False, verbose=False, system=False, metrics=None, display=<pycaret.internal.Display.Display object at 0x0000027A585733D0>, kwargs={})
2022-07-12 07:38:10,715:INFO:Checking exceptions
2022-07-12 07:38:10,715:INFO:Importing libraries
2022-07-12 07:38:10,715:INFO:Copying training dataset
2022-07-12 07:38:10,715:INFO:Defining folds
2022-07-12 07:38:10,716:INFO:Declaring metric variables
2022-07-12 07:38:10,719:INFO:Importing untrained model
2022-07-12 07:38:10,722:INFO:Elastic Net Imported succesfully
2022-07-12 07:38:10,728:INFO:Starting cross validation
2022-07-12 07:38:10,729:INFO:Cross validating with TimeSeriesSplit(gap=0, max_train_size=None, n_splits=3, test_size=None), n_jobs=-1
2022-07-12 07:38:12,412:WARNING:create_model() for en raised an exception or returned all 0.0, trying without fit_kwargs:
2022-07-12 07:38:12,412:WARNING:joblib.externals.loky.process_executor._RemoteTraceback: 
"""
Traceback (most recent call last):
  File "C:\Users\Main\anaconda3\lib\site-packages\pandas\compat\_optional.py", line 138, in import_optional_dependency
    module = importlib.import_module(name)
  File "C:\Users\Main\anaconda3\lib\importlib\__init__.py", line 127, in import_module
    return _bootstrap._gcd_import(name[level:], package, level)
  File "<frozen importlib._bootstrap>", line 1030, in _gcd_import
  File "<frozen importlib._bootstrap>", line 1007, in _find_and_load
  File "<frozen importlib._bootstrap>", line 986, in _find_and_load_unlocked
  File "<frozen importlib._bootstrap>", line 680, in _load_unlocked
  File "<frozen importlib._bootstrap_external>", line 850, in exec_module
  File "<frozen importlib._bootstrap>", line 228, in _call_with_frames_removed
  File "C:\Users\Main\anaconda3\lib\site-packages\jinja2\__init__.py", line 12, in <module>
    from .environment import Environment
  File "C:\Users\Main\anaconda3\lib\site-packages\jinja2\environment.py", line 25, in <module>
    from .defaults import BLOCK_END_STRING
  File "C:\Users\Main\anaconda3\lib\site-packages\jinja2\defaults.py", line 3, in <module>
    from .filters import FILTERS as DEFAULT_FILTERS  # noqa: F401
  File "C:\Users\Main\anaconda3\lib\site-packages\jinja2\filters.py", line 13, in <module>
    from markupsafe import soft_unicode
ImportError: cannot import name 'soft_unicode' from 'markupsafe' (C:\Users\Main\anaconda3\lib\site-packages\markupsafe\__init__.py)

During handling of the above exception, another exception occurred:

Traceback (most recent call last):
  File "C:\Users\Main\anaconda3\lib\site-packages\joblib\externals\loky\process_executor.py", line 407, in _process_worker
    call_item = call_queue.get(block=True, timeout=timeout)
  File "C:\Users\Main\anaconda3\lib\multiprocessing\queues.py", line 122, in get
    return _ForkingPickler.loads(res)
  File "C:\Users\Main\anaconda3\lib\site-packages\pycaret\internal\pipeline.py", line 11, in <module>
    from pycaret.internal.utils import get_all_object_vars_and_properties, is_fit_var
  File "C:\Users\Main\anaconda3\lib\site-packages\pycaret\internal\utils.py", line 10, in <module>
    import pandas.io.formats.style
  File "C:\Users\Main\anaconda3\lib\site-packages\pandas\io\formats\style.py", line 52, in <module>
    jinja2 = import_optional_dependency("jinja2", extra="DataFrame.style requires jinja2.")
  File "C:\Users\Main\anaconda3\lib\site-packages\pandas\compat\_optional.py", line 141, in import_optional_dependency
    raise ImportError(msg)
ImportError: Missing optional dependency 'Jinja2'. DataFrame.style requires jinja2. Use pip or conda to install Jinja2.
"""

The above exception was the direct cause of the following exception:

Traceback (most recent call last):
  File "C:\Users\Main\anaconda3\lib\site-packages\pycaret\internal\tabular.py", line 2136, in compare_models
    model, model_fit_time = create_model_supervised(
  File "C:\Users\Main\anaconda3\lib\site-packages\pycaret\internal\tabular.py", line 3085, in create_model_supervised
    scores = cross_validate(
  File "C:\Users\Main\anaconda3\lib\site-packages\sklearn\model_selection\_validation.py", line 266, in cross_validate
    results = parallel(
  File "C:\Users\Main\anaconda3\lib\site-packages\joblib\parallel.py", line 1056, in __call__
    self.retrieve()
  File "C:\Users\Main\anaconda3\lib\site-packages\joblib\parallel.py", line 935, in retrieve
    self._output.extend(job.get(timeout=self.timeout))
  File "C:\Users\Main\anaconda3\lib\site-packages\joblib\_parallel_backends.py", line 542, in wrap_future_result
    return future.result(timeout=timeout)
  File "C:\Users\Main\anaconda3\lib\concurrent\futures\_base.py", line 446, in result
    return self.__get_result()
  File "C:\Users\Main\anaconda3\lib\concurrent\futures\_base.py", line 391, in __get_result
    raise self._exception
joblib.externals.loky.process_executor.BrokenProcessPool: A task has failed to un-serialize. Please ensure that the arguments of the function are all picklable.

2022-07-12 07:38:12,412:INFO:Initializing create_model()
2022-07-12 07:38:12,412:INFO:create_model(estimator=en, fold=TimeSeriesSplit(gap=0, max_train_size=None, n_splits=3, test_size=None), round=4, cross_validation=True, predict=True, fit_kwargs=None, groups=None, refit=False, verbose=False, system=False, metrics=None, display=<pycaret.internal.Display.Display object at 0x0000027A585733D0>, kwargs={})
2022-07-12 07:38:12,412:INFO:Checking exceptions
2022-07-12 07:38:12,412:INFO:Importing libraries
2022-07-12 07:38:12,413:INFO:Copying training dataset
2022-07-12 07:38:12,413:INFO:Defining folds
2022-07-12 07:38:12,413:INFO:Declaring metric variables
2022-07-12 07:38:12,417:INFO:Importing untrained model
2022-07-12 07:38:12,420:INFO:Elastic Net Imported succesfully
2022-07-12 07:38:12,427:INFO:Starting cross validation
2022-07-12 07:38:12,427:INFO:Cross validating with TimeSeriesSplit(gap=0, max_train_size=None, n_splits=3, test_size=None), n_jobs=-1
2022-07-12 07:38:14,122:ERROR:create_model() for en raised an exception:
2022-07-12 07:38:14,122:ERROR:joblib.externals.loky.process_executor._RemoteTraceback: 
"""
Traceback (most recent call last):
  File "C:\Users\Main\anaconda3\lib\site-packages\pandas\compat\_optional.py", line 138, in import_optional_dependency
    module = importlib.import_module(name)
  File "C:\Users\Main\anaconda3\lib\importlib\__init__.py", line 127, in import_module
    return _bootstrap._gcd_import(name[level:], package, level)
  File "<frozen importlib._bootstrap>", line 1030, in _gcd_import
  File "<frozen importlib._bootstrap>", line 1007, in _find_and_load
  File "<frozen importlib._bootstrap>", line 986, in _find_and_load_unlocked
  File "<frozen importlib._bootstrap>", line 680, in _load_unlocked
  File "<frozen importlib._bootstrap_external>", line 850, in exec_module
  File "<frozen importlib._bootstrap>", line 228, in _call_with_frames_removed
  File "C:\Users\Main\anaconda3\lib\site-packages\jinja2\__init__.py", line 12, in <module>
    from .environment import Environment
  File "C:\Users\Main\anaconda3\lib\site-packages\jinja2\environment.py", line 25, in <module>
    from .defaults import BLOCK_END_STRING
  File "C:\Users\Main\anaconda3\lib\site-packages\jinja2\defaults.py", line 3, in <module>
    from .filters import FILTERS as DEFAULT_FILTERS  # noqa: F401
  File "C:\Users\Main\anaconda3\lib\site-packages\jinja2\filters.py", line 13, in <module>
    from markupsafe import soft_unicode
ImportError: cannot import name 'soft_unicode' from 'markupsafe' (C:\Users\Main\anaconda3\lib\site-packages\markupsafe\__init__.py)

During handling of the above exception, another exception occurred:

Traceback (most recent call last):
  File "C:\Users\Main\anaconda3\lib\site-packages\joblib\externals\loky\process_executor.py", line 407, in _process_worker
    call_item = call_queue.get(block=True, timeout=timeout)
  File "C:\Users\Main\anaconda3\lib\multiprocessing\queues.py", line 122, in get
    return _ForkingPickler.loads(res)
  File "C:\Users\Main\anaconda3\lib\site-packages\pycaret\internal\pipeline.py", line 11, in <module>
    from pycaret.internal.utils import get_all_object_vars_and_properties, is_fit_var
  File "C:\Users\Main\anaconda3\lib\site-packages\pycaret\internal\utils.py", line 10, in <module>
    import pandas.io.formats.style
  File "C:\Users\Main\anaconda3\lib\site-packages\pandas\io\formats\style.py", line 52, in <module>
    jinja2 = import_optional_dependency("jinja2", extra="DataFrame.style requires jinja2.")
  File "C:\Users\Main\anaconda3\lib\site-packages\pandas\compat\_optional.py", line 141, in import_optional_dependency
    raise ImportError(msg)
ImportError: Missing optional dependency 'Jinja2'. DataFrame.style requires jinja2. Use pip or conda to install Jinja2.
"""

The above exception was the direct cause of the following exception:

Traceback (most recent call last):
  File "C:\Users\Main\anaconda3\lib\site-packages\pycaret\internal\tabular.py", line 2156, in compare_models
    model, model_fit_time = create_model_supervised(
  File "C:\Users\Main\anaconda3\lib\site-packages\pycaret\internal\tabular.py", line 3085, in create_model_supervised
    scores = cross_validate(
  File "C:\Users\Main\anaconda3\lib\site-packages\sklearn\model_selection\_validation.py", line 266, in cross_validate
    results = parallel(
  File "C:\Users\Main\anaconda3\lib\site-packages\joblib\parallel.py", line 1056, in __call__
    self.retrieve()
  File "C:\Users\Main\anaconda3\lib\site-packages\joblib\parallel.py", line 935, in retrieve
    self._output.extend(job.get(timeout=self.timeout))
  File "C:\Users\Main\anaconda3\lib\site-packages\joblib\_parallel_backends.py", line 542, in wrap_future_result
    return future.result(timeout=timeout)
  File "C:\Users\Main\anaconda3\lib\concurrent\futures\_base.py", line 446, in result
    return self.__get_result()
  File "C:\Users\Main\anaconda3\lib\concurrent\futures\_base.py", line 391, in __get_result
    raise self._exception
joblib.externals.loky.process_executor.BrokenProcessPool: A task has failed to un-serialize. Please ensure that the arguments of the function are all picklable.

2022-07-12 07:38:14,122:INFO:Initializing Least Angle Regression
2022-07-12 07:38:14,122:INFO:Total runtime is 0.22665192286173502 minutes
2022-07-12 07:38:14,126:INFO:SubProcess create_model() called ==================================
2022-07-12 07:38:14,126:INFO:Initializing create_model()
2022-07-12 07:38:14,126:INFO:create_model(estimator=lar, fold=TimeSeriesSplit(gap=0, max_train_size=None, n_splits=3, test_size=None), round=4, cross_validation=True, predict=True, fit_kwargs={}, groups=None, refit=False, verbose=False, system=False, metrics=None, display=<pycaret.internal.Display.Display object at 0x0000027A585733D0>, kwargs={})
2022-07-12 07:38:14,126:INFO:Checking exceptions
2022-07-12 07:38:14,126:INFO:Importing libraries
2022-07-12 07:38:14,126:INFO:Copying training dataset
2022-07-12 07:38:14,127:INFO:Defining folds
2022-07-12 07:38:14,127:INFO:Declaring metric variables
2022-07-12 07:38:14,131:INFO:Importing untrained model
2022-07-12 07:38:14,134:INFO:Least Angle Regression Imported succesfully
2022-07-12 07:38:14,141:INFO:Starting cross validation
2022-07-12 07:38:14,141:INFO:Cross validating with TimeSeriesSplit(gap=0, max_train_size=None, n_splits=3, test_size=None), n_jobs=-1
2022-07-12 07:38:15,796:WARNING:create_model() for lar raised an exception or returned all 0.0, trying without fit_kwargs:
2022-07-12 07:38:15,796:WARNING:joblib.externals.loky.process_executor._RemoteTraceback: 
"""
Traceback (most recent call last):
  File "C:\Users\Main\anaconda3\lib\site-packages\pandas\compat\_optional.py", line 138, in import_optional_dependency
    module = importlib.import_module(name)
  File "C:\Users\Main\anaconda3\lib\importlib\__init__.py", line 127, in import_module
    return _bootstrap._gcd_import(name[level:], package, level)
  File "<frozen importlib._bootstrap>", line 1030, in _gcd_import
  File "<frozen importlib._bootstrap>", line 1007, in _find_and_load
  File "<frozen importlib._bootstrap>", line 986, in _find_and_load_unlocked
  File "<frozen importlib._bootstrap>", line 680, in _load_unlocked
  File "<frozen importlib._bootstrap_external>", line 850, in exec_module
  File "<frozen importlib._bootstrap>", line 228, in _call_with_frames_removed
  File "C:\Users\Main\anaconda3\lib\site-packages\jinja2\__init__.py", line 12, in <module>
    from .environment import Environment
  File "C:\Users\Main\anaconda3\lib\site-packages\jinja2\environment.py", line 25, in <module>
    from .defaults import BLOCK_END_STRING
  File "C:\Users\Main\anaconda3\lib\site-packages\jinja2\defaults.py", line 3, in <module>
    from .filters import FILTERS as DEFAULT_FILTERS  # noqa: F401
  File "C:\Users\Main\anaconda3\lib\site-packages\jinja2\filters.py", line 13, in <module>
    from markupsafe import soft_unicode
ImportError: cannot import name 'soft_unicode' from 'markupsafe' (C:\Users\Main\anaconda3\lib\site-packages\markupsafe\__init__.py)

During handling of the above exception, another exception occurred:

Traceback (most recent call last):
  File "C:\Users\Main\anaconda3\lib\site-packages\joblib\externals\loky\process_executor.py", line 407, in _process_worker
    call_item = call_queue.get(block=True, timeout=timeout)
  File "C:\Users\Main\anaconda3\lib\multiprocessing\queues.py", line 122, in get
    return _ForkingPickler.loads(res)
  File "C:\Users\Main\anaconda3\lib\site-packages\pycaret\internal\pipeline.py", line 11, in <module>
    from pycaret.internal.utils import get_all_object_vars_and_properties, is_fit_var
  File "C:\Users\Main\anaconda3\lib\site-packages\pycaret\internal\utils.py", line 10, in <module>
    import pandas.io.formats.style
  File "C:\Users\Main\anaconda3\lib\site-packages\pandas\io\formats\style.py", line 52, in <module>
    jinja2 = import_optional_dependency("jinja2", extra="DataFrame.style requires jinja2.")
  File "C:\Users\Main\anaconda3\lib\site-packages\pandas\compat\_optional.py", line 141, in import_optional_dependency
    raise ImportError(msg)
ImportError: Missing optional dependency 'Jinja2'. DataFrame.style requires jinja2. Use pip or conda to install Jinja2.
"""

The above exception was the direct cause of the following exception:

Traceback (most recent call last):
  File "C:\Users\Main\anaconda3\lib\site-packages\pycaret\internal\tabular.py", line 2136, in compare_models
    model, model_fit_time = create_model_supervised(
  File "C:\Users\Main\anaconda3\lib\site-packages\pycaret\internal\tabular.py", line 3085, in create_model_supervised
    scores = cross_validate(
  File "C:\Users\Main\anaconda3\lib\site-packages\sklearn\model_selection\_validation.py", line 266, in cross_validate
    results = parallel(
  File "C:\Users\Main\anaconda3\lib\site-packages\joblib\parallel.py", line 1056, in __call__
    self.retrieve()
  File "C:\Users\Main\anaconda3\lib\site-packages\joblib\parallel.py", line 935, in retrieve
    self._output.extend(job.get(timeout=self.timeout))
  File "C:\Users\Main\anaconda3\lib\site-packages\joblib\_parallel_backends.py", line 542, in wrap_future_result
    return future.result(timeout=timeout)
  File "C:\Users\Main\anaconda3\lib\concurrent\futures\_base.py", line 446, in result
    return self.__get_result()
  File "C:\Users\Main\anaconda3\lib\concurrent\futures\_base.py", line 391, in __get_result
    raise self._exception
joblib.externals.loky.process_executor.BrokenProcessPool: A task has failed to un-serialize. Please ensure that the arguments of the function are all picklable.

2022-07-12 07:38:15,797:INFO:Initializing create_model()
2022-07-12 07:38:15,797:INFO:create_model(estimator=lar, fold=TimeSeriesSplit(gap=0, max_train_size=None, n_splits=3, test_size=None), round=4, cross_validation=True, predict=True, fit_kwargs=None, groups=None, refit=False, verbose=False, system=False, metrics=None, display=<pycaret.internal.Display.Display object at 0x0000027A585733D0>, kwargs={})
2022-07-12 07:38:15,797:INFO:Checking exceptions
2022-07-12 07:38:15,797:INFO:Importing libraries
2022-07-12 07:38:15,797:INFO:Copying training dataset
2022-07-12 07:38:15,797:INFO:Defining folds
2022-07-12 07:38:15,797:INFO:Declaring metric variables
2022-07-12 07:38:15,801:INFO:Importing untrained model
2022-07-12 07:38:15,804:INFO:Least Angle Regression Imported succesfully
2022-07-12 07:38:15,811:INFO:Starting cross validation
2022-07-12 07:38:15,811:INFO:Cross validating with TimeSeriesSplit(gap=0, max_train_size=None, n_splits=3, test_size=None), n_jobs=-1
2022-07-12 07:38:17,521:ERROR:create_model() for lar raised an exception:
2022-07-12 07:38:17,521:ERROR:joblib.externals.loky.process_executor._RemoteTraceback: 
"""
Traceback (most recent call last):
  File "C:\Users\Main\anaconda3\lib\site-packages\pandas\compat\_optional.py", line 138, in import_optional_dependency
    module = importlib.import_module(name)
  File "C:\Users\Main\anaconda3\lib\importlib\__init__.py", line 127, in import_module
    return _bootstrap._gcd_import(name[level:], package, level)
  File "<frozen importlib._bootstrap>", line 1030, in _gcd_import
  File "<frozen importlib._bootstrap>", line 1007, in _find_and_load
  File "<frozen importlib._bootstrap>", line 986, in _find_and_load_unlocked
  File "<frozen importlib._bootstrap>", line 680, in _load_unlocked
  File "<frozen importlib._bootstrap_external>", line 850, in exec_module
  File "<frozen importlib._bootstrap>", line 228, in _call_with_frames_removed
  File "C:\Users\Main\anaconda3\lib\site-packages\jinja2\__init__.py", line 12, in <module>
    from .environment import Environment
  File "C:\Users\Main\anaconda3\lib\site-packages\jinja2\environment.py", line 25, in <module>
    from .defaults import BLOCK_END_STRING
  File "C:\Users\Main\anaconda3\lib\site-packages\jinja2\defaults.py", line 3, in <module>
    from .filters import FILTERS as DEFAULT_FILTERS  # noqa: F401
  File "C:\Users\Main\anaconda3\lib\site-packages\jinja2\filters.py", line 13, in <module>
    from markupsafe import soft_unicode
ImportError: cannot import name 'soft_unicode' from 'markupsafe' (C:\Users\Main\anaconda3\lib\site-packages\markupsafe\__init__.py)

During handling of the above exception, another exception occurred:

Traceback (most recent call last):
  File "C:\Users\Main\anaconda3\lib\site-packages\joblib\externals\loky\process_executor.py", line 407, in _process_worker
    call_item = call_queue.get(block=True, timeout=timeout)
  File "C:\Users\Main\anaconda3\lib\multiprocessing\queues.py", line 122, in get
    return _ForkingPickler.loads(res)
  File "C:\Users\Main\anaconda3\lib\site-packages\pycaret\internal\pipeline.py", line 11, in <module>
    from pycaret.internal.utils import get_all_object_vars_and_properties, is_fit_var
  File "C:\Users\Main\anaconda3\lib\site-packages\pycaret\internal\utils.py", line 10, in <module>
    import pandas.io.formats.style
  File "C:\Users\Main\anaconda3\lib\site-packages\pandas\io\formats\style.py", line 52, in <module>
    jinja2 = import_optional_dependency("jinja2", extra="DataFrame.style requires jinja2.")
  File "C:\Users\Main\anaconda3\lib\site-packages\pandas\compat\_optional.py", line 141, in import_optional_dependency
    raise ImportError(msg)
ImportError: Missing optional dependency 'Jinja2'. DataFrame.style requires jinja2. Use pip or conda to install Jinja2.
"""

The above exception was the direct cause of the following exception:

Traceback (most recent call last):
  File "C:\Users\Main\anaconda3\lib\site-packages\pycaret\internal\tabular.py", line 2156, in compare_models
    model, model_fit_time = create_model_supervised(
  File "C:\Users\Main\anaconda3\lib\site-packages\pycaret\internal\tabular.py", line 3085, in create_model_supervised
    scores = cross_validate(
  File "C:\Users\Main\anaconda3\lib\site-packages\sklearn\model_selection\_validation.py", line 266, in cross_validate
    results = parallel(
  File "C:\Users\Main\anaconda3\lib\site-packages\joblib\parallel.py", line 1056, in __call__
    self.retrieve()
  File "C:\Users\Main\anaconda3\lib\site-packages\joblib\parallel.py", line 935, in retrieve
    self._output.extend(job.get(timeout=self.timeout))
  File "C:\Users\Main\anaconda3\lib\site-packages\joblib\_parallel_backends.py", line 542, in wrap_future_result
    return future.result(timeout=timeout)
  File "C:\Users\Main\anaconda3\lib\concurrent\futures\_base.py", line 446, in result
    return self.__get_result()
  File "C:\Users\Main\anaconda3\lib\concurrent\futures\_base.py", line 391, in __get_result
    raise self._exception
joblib.externals.loky.process_executor.BrokenProcessPool: A task has failed to un-serialize. Please ensure that the arguments of the function are all picklable.

2022-07-12 07:38:17,521:INFO:Initializing Lasso Least Angle Regression
2022-07-12 07:38:17,521:INFO:Total runtime is 0.28329537709554037 minutes
2022-07-12 07:38:17,525:INFO:SubProcess create_model() called ==================================
2022-07-12 07:38:17,525:INFO:Initializing create_model()
2022-07-12 07:38:17,525:INFO:create_model(estimator=llar, fold=TimeSeriesSplit(gap=0, max_train_size=None, n_splits=3, test_size=None), round=4, cross_validation=True, predict=True, fit_kwargs={}, groups=None, refit=False, verbose=False, system=False, metrics=None, display=<pycaret.internal.Display.Display object at 0x0000027A585733D0>, kwargs={})
2022-07-12 07:38:17,525:INFO:Checking exceptions
2022-07-12 07:38:17,525:INFO:Importing libraries
2022-07-12 07:38:17,525:INFO:Copying training dataset
2022-07-12 07:38:17,526:INFO:Defining folds
2022-07-12 07:38:17,526:INFO:Declaring metric variables
2022-07-12 07:38:17,530:INFO:Importing untrained model
2022-07-12 07:38:17,534:INFO:Lasso Least Angle Regression Imported succesfully
2022-07-12 07:38:17,541:INFO:Starting cross validation
2022-07-12 07:38:17,541:INFO:Cross validating with TimeSeriesSplit(gap=0, max_train_size=None, n_splits=3, test_size=None), n_jobs=-1
2022-07-12 07:38:19,225:WARNING:create_model() for llar raised an exception or returned all 0.0, trying without fit_kwargs:
2022-07-12 07:38:19,226:WARNING:joblib.externals.loky.process_executor._RemoteTraceback: 
"""
Traceback (most recent call last):
  File "C:\Users\Main\anaconda3\lib\site-packages\pandas\compat\_optional.py", line 138, in import_optional_dependency
    module = importlib.import_module(name)
  File "C:\Users\Main\anaconda3\lib\importlib\__init__.py", line 127, in import_module
    return _bootstrap._gcd_import(name[level:], package, level)
  File "<frozen importlib._bootstrap>", line 1030, in _gcd_import
  File "<frozen importlib._bootstrap>", line 1007, in _find_and_load
  File "<frozen importlib._bootstrap>", line 986, in _find_and_load_unlocked
  File "<frozen importlib._bootstrap>", line 680, in _load_unlocked
  File "<frozen importlib._bootstrap_external>", line 850, in exec_module
  File "<frozen importlib._bootstrap>", line 228, in _call_with_frames_removed
  File "C:\Users\Main\anaconda3\lib\site-packages\jinja2\__init__.py", line 12, in <module>
    from .environment import Environment
  File "C:\Users\Main\anaconda3\lib\site-packages\jinja2\environment.py", line 25, in <module>
    from .defaults import BLOCK_END_STRING
  File "C:\Users\Main\anaconda3\lib\site-packages\jinja2\defaults.py", line 3, in <module>
    from .filters import FILTERS as DEFAULT_FILTERS  # noqa: F401
  File "C:\Users\Main\anaconda3\lib\site-packages\jinja2\filters.py", line 13, in <module>
    from markupsafe import soft_unicode
ImportError: cannot import name 'soft_unicode' from 'markupsafe' (C:\Users\Main\anaconda3\lib\site-packages\markupsafe\__init__.py)

During handling of the above exception, another exception occurred:

Traceback (most recent call last):
  File "C:\Users\Main\anaconda3\lib\site-packages\joblib\externals\loky\process_executor.py", line 407, in _process_worker
    call_item = call_queue.get(block=True, timeout=timeout)
  File "C:\Users\Main\anaconda3\lib\multiprocessing\queues.py", line 122, in get
    return _ForkingPickler.loads(res)
  File "C:\Users\Main\anaconda3\lib\site-packages\pycaret\internal\pipeline.py", line 11, in <module>
    from pycaret.internal.utils import get_all_object_vars_and_properties, is_fit_var
  File "C:\Users\Main\anaconda3\lib\site-packages\pycaret\internal\utils.py", line 10, in <module>
    import pandas.io.formats.style
  File "C:\Users\Main\anaconda3\lib\site-packages\pandas\io\formats\style.py", line 52, in <module>
    jinja2 = import_optional_dependency("jinja2", extra="DataFrame.style requires jinja2.")
  File "C:\Users\Main\anaconda3\lib\site-packages\pandas\compat\_optional.py", line 141, in import_optional_dependency
    raise ImportError(msg)
ImportError: Missing optional dependency 'Jinja2'. DataFrame.style requires jinja2. Use pip or conda to install Jinja2.
"""

The above exception was the direct cause of the following exception:

Traceback (most recent call last):
  File "C:\Users\Main\anaconda3\lib\site-packages\pycaret\internal\tabular.py", line 2136, in compare_models
    model, model_fit_time = create_model_supervised(
  File "C:\Users\Main\anaconda3\lib\site-packages\pycaret\internal\tabular.py", line 3085, in create_model_supervised
    scores = cross_validate(
  File "C:\Users\Main\anaconda3\lib\site-packages\sklearn\model_selection\_validation.py", line 266, in cross_validate
    results = parallel(
  File "C:\Users\Main\anaconda3\lib\site-packages\joblib\parallel.py", line 1056, in __call__
    self.retrieve()
  File "C:\Users\Main\anaconda3\lib\site-packages\joblib\parallel.py", line 935, in retrieve
    self._output.extend(job.get(timeout=self.timeout))
  File "C:\Users\Main\anaconda3\lib\site-packages\joblib\_parallel_backends.py", line 542, in wrap_future_result
    return future.result(timeout=timeout)
  File "C:\Users\Main\anaconda3\lib\concurrent\futures\_base.py", line 446, in result
    return self.__get_result()
  File "C:\Users\Main\anaconda3\lib\concurrent\futures\_base.py", line 391, in __get_result
    raise self._exception
joblib.externals.loky.process_executor.BrokenProcessPool: A task has failed to un-serialize. Please ensure that the arguments of the function are all picklable.

2022-07-12 07:38:19,226:INFO:Initializing create_model()
2022-07-12 07:38:19,226:INFO:create_model(estimator=llar, fold=TimeSeriesSplit(gap=0, max_train_size=None, n_splits=3, test_size=None), round=4, cross_validation=True, predict=True, fit_kwargs=None, groups=None, refit=False, verbose=False, system=False, metrics=None, display=<pycaret.internal.Display.Display object at 0x0000027A585733D0>, kwargs={})
2022-07-12 07:38:19,226:INFO:Checking exceptions
2022-07-12 07:38:19,226:INFO:Importing libraries
2022-07-12 07:38:19,226:INFO:Copying training dataset
2022-07-12 07:38:19,227:INFO:Defining folds
2022-07-12 07:38:19,227:INFO:Declaring metric variables
2022-07-12 07:38:19,230:INFO:Importing untrained model
2022-07-12 07:38:19,234:INFO:Lasso Least Angle Regression Imported succesfully
2022-07-12 07:38:19,240:INFO:Starting cross validation
2022-07-12 07:38:19,241:INFO:Cross validating with TimeSeriesSplit(gap=0, max_train_size=None, n_splits=3, test_size=None), n_jobs=-1
2022-07-12 07:38:20,954:ERROR:create_model() for llar raised an exception:
2022-07-12 07:38:20,954:ERROR:joblib.externals.loky.process_executor._RemoteTraceback: 
"""
Traceback (most recent call last):
  File "C:\Users\Main\anaconda3\lib\site-packages\pandas\compat\_optional.py", line 138, in import_optional_dependency
    module = importlib.import_module(name)
  File "C:\Users\Main\anaconda3\lib\importlib\__init__.py", line 127, in import_module
    return _bootstrap._gcd_import(name[level:], package, level)
  File "<frozen importlib._bootstrap>", line 1030, in _gcd_import
  File "<frozen importlib._bootstrap>", line 1007, in _find_and_load
  File "<frozen importlib._bootstrap>", line 986, in _find_and_load_unlocked
  File "<frozen importlib._bootstrap>", line 680, in _load_unlocked
  File "<frozen importlib._bootstrap_external>", line 850, in exec_module
  File "<frozen importlib._bootstrap>", line 228, in _call_with_frames_removed
  File "C:\Users\Main\anaconda3\lib\site-packages\jinja2\__init__.py", line 12, in <module>
    from .environment import Environment
  File "C:\Users\Main\anaconda3\lib\site-packages\jinja2\environment.py", line 25, in <module>
    from .defaults import BLOCK_END_STRING
  File "C:\Users\Main\anaconda3\lib\site-packages\jinja2\defaults.py", line 3, in <module>
    from .filters import FILTERS as DEFAULT_FILTERS  # noqa: F401
  File "C:\Users\Main\anaconda3\lib\site-packages\jinja2\filters.py", line 13, in <module>
    from markupsafe import soft_unicode
ImportError: cannot import name 'soft_unicode' from 'markupsafe' (C:\Users\Main\anaconda3\lib\site-packages\markupsafe\__init__.py)

During handling of the above exception, another exception occurred:

Traceback (most recent call last):
  File "C:\Users\Main\anaconda3\lib\site-packages\joblib\externals\loky\process_executor.py", line 407, in _process_worker
    call_item = call_queue.get(block=True, timeout=timeout)
  File "C:\Users\Main\anaconda3\lib\multiprocessing\queues.py", line 122, in get
    return _ForkingPickler.loads(res)
  File "C:\Users\Main\anaconda3\lib\site-packages\pycaret\internal\pipeline.py", line 11, in <module>
    from pycaret.internal.utils import get_all_object_vars_and_properties, is_fit_var
  File "C:\Users\Main\anaconda3\lib\site-packages\pycaret\internal\utils.py", line 10, in <module>
    import pandas.io.formats.style
  File "C:\Users\Main\anaconda3\lib\site-packages\pandas\io\formats\style.py", line 52, in <module>
    jinja2 = import_optional_dependency("jinja2", extra="DataFrame.style requires jinja2.")
  File "C:\Users\Main\anaconda3\lib\site-packages\pandas\compat\_optional.py", line 141, in import_optional_dependency
    raise ImportError(msg)
ImportError: Missing optional dependency 'Jinja2'. DataFrame.style requires jinja2. Use pip or conda to install Jinja2.
"""

The above exception was the direct cause of the following exception:

Traceback (most recent call last):
  File "C:\Users\Main\anaconda3\lib\site-packages\pycaret\internal\tabular.py", line 2156, in compare_models
    model, model_fit_time = create_model_supervised(
  File "C:\Users\Main\anaconda3\lib\site-packages\pycaret\internal\tabular.py", line 3085, in create_model_supervised
    scores = cross_validate(
  File "C:\Users\Main\anaconda3\lib\site-packages\sklearn\model_selection\_validation.py", line 266, in cross_validate
    results = parallel(
  File "C:\Users\Main\anaconda3\lib\site-packages\joblib\parallel.py", line 1056, in __call__
    self.retrieve()
  File "C:\Users\Main\anaconda3\lib\site-packages\joblib\parallel.py", line 935, in retrieve
    self._output.extend(job.get(timeout=self.timeout))
  File "C:\Users\Main\anaconda3\lib\site-packages\joblib\_parallel_backends.py", line 542, in wrap_future_result
    return future.result(timeout=timeout)
  File "C:\Users\Main\anaconda3\lib\concurrent\futures\_base.py", line 446, in result
    return self.__get_result()
  File "C:\Users\Main\anaconda3\lib\concurrent\futures\_base.py", line 391, in __get_result
    raise self._exception
joblib.externals.loky.process_executor.BrokenProcessPool: A task has failed to un-serialize. Please ensure that the arguments of the function are all picklable.

2022-07-12 07:38:20,954:INFO:Initializing Orthogonal Matching Pursuit
2022-07-12 07:38:20,954:INFO:Total runtime is 0.3405215899149577 minutes
2022-07-12 07:38:20,958:INFO:SubProcess create_model() called ==================================
2022-07-12 07:38:20,958:INFO:Initializing create_model()
2022-07-12 07:38:20,958:INFO:create_model(estimator=omp, fold=TimeSeriesSplit(gap=0, max_train_size=None, n_splits=3, test_size=None), round=4, cross_validation=True, predict=True, fit_kwargs={}, groups=None, refit=False, verbose=False, system=False, metrics=None, display=<pycaret.internal.Display.Display object at 0x0000027A585733D0>, kwargs={})
2022-07-12 07:38:20,958:INFO:Checking exceptions
2022-07-12 07:38:20,958:INFO:Importing libraries
2022-07-12 07:38:20,958:INFO:Copying training dataset
2022-07-12 07:38:20,959:INFO:Defining folds
2022-07-12 07:38:20,959:INFO:Declaring metric variables
2022-07-12 07:38:20,963:INFO:Importing untrained model
2022-07-12 07:38:20,967:INFO:Orthogonal Matching Pursuit Imported succesfully
2022-07-12 07:38:20,974:INFO:Starting cross validation
2022-07-12 07:38:20,974:INFO:Cross validating with TimeSeriesSplit(gap=0, max_train_size=None, n_splits=3, test_size=None), n_jobs=-1
2022-07-12 07:38:22,643:WARNING:create_model() for omp raised an exception or returned all 0.0, trying without fit_kwargs:
2022-07-12 07:38:22,644:WARNING:joblib.externals.loky.process_executor._RemoteTraceback: 
"""
Traceback (most recent call last):
  File "C:\Users\Main\anaconda3\lib\site-packages\pandas\compat\_optional.py", line 138, in import_optional_dependency
    module = importlib.import_module(name)
  File "C:\Users\Main\anaconda3\lib\importlib\__init__.py", line 127, in import_module
    return _bootstrap._gcd_import(name[level:], package, level)
  File "<frozen importlib._bootstrap>", line 1030, in _gcd_import
  File "<frozen importlib._bootstrap>", line 1007, in _find_and_load
  File "<frozen importlib._bootstrap>", line 986, in _find_and_load_unlocked
  File "<frozen importlib._bootstrap>", line 680, in _load_unlocked
  File "<frozen importlib._bootstrap_external>", line 850, in exec_module
  File "<frozen importlib._bootstrap>", line 228, in _call_with_frames_removed
  File "C:\Users\Main\anaconda3\lib\site-packages\jinja2\__init__.py", line 12, in <module>
    from .environment import Environment
  File "C:\Users\Main\anaconda3\lib\site-packages\jinja2\environment.py", line 25, in <module>
    from .defaults import BLOCK_END_STRING
  File "C:\Users\Main\anaconda3\lib\site-packages\jinja2\defaults.py", line 3, in <module>
    from .filters import FILTERS as DEFAULT_FILTERS  # noqa: F401
  File "C:\Users\Main\anaconda3\lib\site-packages\jinja2\filters.py", line 13, in <module>
    from markupsafe import soft_unicode
ImportError: cannot import name 'soft_unicode' from 'markupsafe' (C:\Users\Main\anaconda3\lib\site-packages\markupsafe\__init__.py)

During handling of the above exception, another exception occurred:

Traceback (most recent call last):
  File "C:\Users\Main\anaconda3\lib\site-packages\joblib\externals\loky\process_executor.py", line 407, in _process_worker
    call_item = call_queue.get(block=True, timeout=timeout)
  File "C:\Users\Main\anaconda3\lib\multiprocessing\queues.py", line 122, in get
    return _ForkingPickler.loads(res)
  File "C:\Users\Main\anaconda3\lib\site-packages\pycaret\internal\pipeline.py", line 11, in <module>
    from pycaret.internal.utils import get_all_object_vars_and_properties, is_fit_var
  File "C:\Users\Main\anaconda3\lib\site-packages\pycaret\internal\utils.py", line 10, in <module>
    import pandas.io.formats.style
  File "C:\Users\Main\anaconda3\lib\site-packages\pandas\io\formats\style.py", line 52, in <module>
    jinja2 = import_optional_dependency("jinja2", extra="DataFrame.style requires jinja2.")
  File "C:\Users\Main\anaconda3\lib\site-packages\pandas\compat\_optional.py", line 141, in import_optional_dependency
    raise ImportError(msg)
ImportError: Missing optional dependency 'Jinja2'. DataFrame.style requires jinja2. Use pip or conda to install Jinja2.
"""

The above exception was the direct cause of the following exception:

Traceback (most recent call last):
  File "C:\Users\Main\anaconda3\lib\site-packages\pycaret\internal\tabular.py", line 2136, in compare_models
    model, model_fit_time = create_model_supervised(
  File "C:\Users\Main\anaconda3\lib\site-packages\pycaret\internal\tabular.py", line 3085, in create_model_supervised
    scores = cross_validate(
  File "C:\Users\Main\anaconda3\lib\site-packages\sklearn\model_selection\_validation.py", line 266, in cross_validate
    results = parallel(
  File "C:\Users\Main\anaconda3\lib\site-packages\joblib\parallel.py", line 1056, in __call__
    self.retrieve()
  File "C:\Users\Main\anaconda3\lib\site-packages\joblib\parallel.py", line 935, in retrieve
    self._output.extend(job.get(timeout=self.timeout))
  File "C:\Users\Main\anaconda3\lib\site-packages\joblib\_parallel_backends.py", line 542, in wrap_future_result
    return future.result(timeout=timeout)
  File "C:\Users\Main\anaconda3\lib\concurrent\futures\_base.py", line 446, in result
    return self.__get_result()
  File "C:\Users\Main\anaconda3\lib\concurrent\futures\_base.py", line 391, in __get_result
    raise self._exception
joblib.externals.loky.process_executor.BrokenProcessPool: A task has failed to un-serialize. Please ensure that the arguments of the function are all picklable.

2022-07-12 07:38:22,644:INFO:Initializing create_model()
2022-07-12 07:38:22,644:INFO:create_model(estimator=omp, fold=TimeSeriesSplit(gap=0, max_train_size=None, n_splits=3, test_size=None), round=4, cross_validation=True, predict=True, fit_kwargs=None, groups=None, refit=False, verbose=False, system=False, metrics=None, display=<pycaret.internal.Display.Display object at 0x0000027A585733D0>, kwargs={})
2022-07-12 07:38:22,644:INFO:Checking exceptions
2022-07-12 07:38:22,644:INFO:Importing libraries
2022-07-12 07:38:22,644:INFO:Copying training dataset
2022-07-12 07:38:22,645:INFO:Defining folds
2022-07-12 07:38:22,645:INFO:Declaring metric variables
2022-07-12 07:38:22,649:INFO:Importing untrained model
2022-07-12 07:38:22,652:INFO:Orthogonal Matching Pursuit Imported succesfully
2022-07-12 07:38:22,659:INFO:Starting cross validation
2022-07-12 07:38:22,659:INFO:Cross validating with TimeSeriesSplit(gap=0, max_train_size=None, n_splits=3, test_size=None), n_jobs=-1
2022-07-12 07:38:24,364:ERROR:create_model() for omp raised an exception:
2022-07-12 07:38:24,364:ERROR:joblib.externals.loky.process_executor._RemoteTraceback: 
"""
Traceback (most recent call last):
  File "C:\Users\Main\anaconda3\lib\site-packages\pandas\compat\_optional.py", line 138, in import_optional_dependency
    module = importlib.import_module(name)
  File "C:\Users\Main\anaconda3\lib\importlib\__init__.py", line 127, in import_module
    return _bootstrap._gcd_import(name[level:], package, level)
  File "<frozen importlib._bootstrap>", line 1030, in _gcd_import
  File "<frozen importlib._bootstrap>", line 1007, in _find_and_load
  File "<frozen importlib._bootstrap>", line 986, in _find_and_load_unlocked
  File "<frozen importlib._bootstrap>", line 680, in _load_unlocked
  File "<frozen importlib._bootstrap_external>", line 850, in exec_module
  File "<frozen importlib._bootstrap>", line 228, in _call_with_frames_removed
  File "C:\Users\Main\anaconda3\lib\site-packages\jinja2\__init__.py", line 12, in <module>
    from .environment import Environment
  File "C:\Users\Main\anaconda3\lib\site-packages\jinja2\environment.py", line 25, in <module>
    from .defaults import BLOCK_END_STRING
  File "C:\Users\Main\anaconda3\lib\site-packages\jinja2\defaults.py", line 3, in <module>
    from .filters import FILTERS as DEFAULT_FILTERS  # noqa: F401
  File "C:\Users\Main\anaconda3\lib\site-packages\jinja2\filters.py", line 13, in <module>
    from markupsafe import soft_unicode
ImportError: cannot import name 'soft_unicode' from 'markupsafe' (C:\Users\Main\anaconda3\lib\site-packages\markupsafe\__init__.py)

During handling of the above exception, another exception occurred:

Traceback (most recent call last):
  File "C:\Users\Main\anaconda3\lib\site-packages\joblib\externals\loky\process_executor.py", line 407, in _process_worker
    call_item = call_queue.get(block=True, timeout=timeout)
  File "C:\Users\Main\anaconda3\lib\multiprocessing\queues.py", line 122, in get
    return _ForkingPickler.loads(res)
  File "C:\Users\Main\anaconda3\lib\site-packages\pycaret\internal\pipeline.py", line 11, in <module>
    from pycaret.internal.utils import get_all_object_vars_and_properties, is_fit_var
  File "C:\Users\Main\anaconda3\lib\site-packages\pycaret\internal\utils.py", line 10, in <module>
    import pandas.io.formats.style
  File "C:\Users\Main\anaconda3\lib\site-packages\pandas\io\formats\style.py", line 52, in <module>
    jinja2 = import_optional_dependency("jinja2", extra="DataFrame.style requires jinja2.")
  File "C:\Users\Main\anaconda3\lib\site-packages\pandas\compat\_optional.py", line 141, in import_optional_dependency
    raise ImportError(msg)
ImportError: Missing optional dependency 'Jinja2'. DataFrame.style requires jinja2. Use pip or conda to install Jinja2.
"""

The above exception was the direct cause of the following exception:

Traceback (most recent call last):
  File "C:\Users\Main\anaconda3\lib\site-packages\pycaret\internal\tabular.py", line 2156, in compare_models
    model, model_fit_time = create_model_supervised(
  File "C:\Users\Main\anaconda3\lib\site-packages\pycaret\internal\tabular.py", line 3085, in create_model_supervised
    scores = cross_validate(
  File "C:\Users\Main\anaconda3\lib\site-packages\sklearn\model_selection\_validation.py", line 266, in cross_validate
    results = parallel(
  File "C:\Users\Main\anaconda3\lib\site-packages\joblib\parallel.py", line 1056, in __call__
    self.retrieve()
  File "C:\Users\Main\anaconda3\lib\site-packages\joblib\parallel.py", line 935, in retrieve
    self._output.extend(job.get(timeout=self.timeout))
  File "C:\Users\Main\anaconda3\lib\site-packages\joblib\_parallel_backends.py", line 542, in wrap_future_result
    return future.result(timeout=timeout)
  File "C:\Users\Main\anaconda3\lib\concurrent\futures\_base.py", line 446, in result
    return self.__get_result()
  File "C:\Users\Main\anaconda3\lib\concurrent\futures\_base.py", line 391, in __get_result
    raise self._exception
joblib.externals.loky.process_executor.BrokenProcessPool: A task has failed to un-serialize. Please ensure that the arguments of the function are all picklable.

2022-07-12 07:38:24,364:INFO:Initializing Bayesian Ridge
2022-07-12 07:38:24,364:INFO:Total runtime is 0.3973548889160156 minutes
2022-07-12 07:38:24,368:INFO:SubProcess create_model() called ==================================
2022-07-12 07:38:24,369:INFO:Initializing create_model()
2022-07-12 07:38:24,369:INFO:create_model(estimator=br, fold=TimeSeriesSplit(gap=0, max_train_size=None, n_splits=3, test_size=None), round=4, cross_validation=True, predict=True, fit_kwargs={}, groups=None, refit=False, verbose=False, system=False, metrics=None, display=<pycaret.internal.Display.Display object at 0x0000027A585733D0>, kwargs={})
2022-07-12 07:38:24,369:INFO:Checking exceptions
2022-07-12 07:38:24,369:INFO:Importing libraries
2022-07-12 07:38:24,369:INFO:Copying training dataset
2022-07-12 07:38:24,369:INFO:Defining folds
2022-07-12 07:38:24,369:INFO:Declaring metric variables
2022-07-12 07:38:24,373:INFO:Importing untrained model
2022-07-12 07:38:24,376:INFO:Bayesian Ridge Imported succesfully
2022-07-12 07:38:24,383:INFO:Starting cross validation
2022-07-12 07:38:24,383:INFO:Cross validating with TimeSeriesSplit(gap=0, max_train_size=None, n_splits=3, test_size=None), n_jobs=-1
2022-07-12 07:38:26,090:WARNING:create_model() for br raised an exception or returned all 0.0, trying without fit_kwargs:
2022-07-12 07:38:26,090:WARNING:joblib.externals.loky.process_executor._RemoteTraceback: 
"""
Traceback (most recent call last):
  File "C:\Users\Main\anaconda3\lib\site-packages\pandas\compat\_optional.py", line 138, in import_optional_dependency
    module = importlib.import_module(name)
  File "C:\Users\Main\anaconda3\lib\importlib\__init__.py", line 127, in import_module
    return _bootstrap._gcd_import(name[level:], package, level)
  File "<frozen importlib._bootstrap>", line 1030, in _gcd_import
  File "<frozen importlib._bootstrap>", line 1007, in _find_and_load
  File "<frozen importlib._bootstrap>", line 986, in _find_and_load_unlocked
  File "<frozen importlib._bootstrap>", line 680, in _load_unlocked
  File "<frozen importlib._bootstrap_external>", line 850, in exec_module
  File "<frozen importlib._bootstrap>", line 228, in _call_with_frames_removed
  File "C:\Users\Main\anaconda3\lib\site-packages\jinja2\__init__.py", line 12, in <module>
    from .environment import Environment
  File "C:\Users\Main\anaconda3\lib\site-packages\jinja2\environment.py", line 25, in <module>
    from .defaults import BLOCK_END_STRING
  File "C:\Users\Main\anaconda3\lib\site-packages\jinja2\defaults.py", line 3, in <module>
    from .filters import FILTERS as DEFAULT_FILTERS  # noqa: F401
  File "C:\Users\Main\anaconda3\lib\site-packages\jinja2\filters.py", line 13, in <module>
    from markupsafe import soft_unicode
ImportError: cannot import name 'soft_unicode' from 'markupsafe' (C:\Users\Main\anaconda3\lib\site-packages\markupsafe\__init__.py)

During handling of the above exception, another exception occurred:

Traceback (most recent call last):
  File "C:\Users\Main\anaconda3\lib\site-packages\joblib\externals\loky\process_executor.py", line 407, in _process_worker
    call_item = call_queue.get(block=True, timeout=timeout)
  File "C:\Users\Main\anaconda3\lib\multiprocessing\queues.py", line 122, in get
    return _ForkingPickler.loads(res)
  File "C:\Users\Main\anaconda3\lib\site-packages\pycaret\internal\pipeline.py", line 11, in <module>
    from pycaret.internal.utils import get_all_object_vars_and_properties, is_fit_var
  File "C:\Users\Main\anaconda3\lib\site-packages\pycaret\internal\utils.py", line 10, in <module>
    import pandas.io.formats.style
  File "C:\Users\Main\anaconda3\lib\site-packages\pandas\io\formats\style.py", line 52, in <module>
    jinja2 = import_optional_dependency("jinja2", extra="DataFrame.style requires jinja2.")
  File "C:\Users\Main\anaconda3\lib\site-packages\pandas\compat\_optional.py", line 141, in import_optional_dependency
    raise ImportError(msg)
ImportError: Missing optional dependency 'Jinja2'. DataFrame.style requires jinja2. Use pip or conda to install Jinja2.
"""

The above exception was the direct cause of the following exception:

Traceback (most recent call last):
  File "C:\Users\Main\anaconda3\lib\site-packages\pycaret\internal\tabular.py", line 2136, in compare_models
    model, model_fit_time = create_model_supervised(
  File "C:\Users\Main\anaconda3\lib\site-packages\pycaret\internal\tabular.py", line 3085, in create_model_supervised
    scores = cross_validate(
  File "C:\Users\Main\anaconda3\lib\site-packages\sklearn\model_selection\_validation.py", line 266, in cross_validate
    results = parallel(
  File "C:\Users\Main\anaconda3\lib\site-packages\joblib\parallel.py", line 1056, in __call__
    self.retrieve()
  File "C:\Users\Main\anaconda3\lib\site-packages\joblib\parallel.py", line 935, in retrieve
    self._output.extend(job.get(timeout=self.timeout))
  File "C:\Users\Main\anaconda3\lib\site-packages\joblib\_parallel_backends.py", line 542, in wrap_future_result
    return future.result(timeout=timeout)
  File "C:\Users\Main\anaconda3\lib\concurrent\futures\_base.py", line 446, in result
    return self.__get_result()
  File "C:\Users\Main\anaconda3\lib\concurrent\futures\_base.py", line 391, in __get_result
    raise self._exception
joblib.externals.loky.process_executor.BrokenProcessPool: A task has failed to un-serialize. Please ensure that the arguments of the function are all picklable.

2022-07-12 07:38:26,090:INFO:Initializing create_model()
2022-07-12 07:38:26,091:INFO:create_model(estimator=br, fold=TimeSeriesSplit(gap=0, max_train_size=None, n_splits=3, test_size=None), round=4, cross_validation=True, predict=True, fit_kwargs=None, groups=None, refit=False, verbose=False, system=False, metrics=None, display=<pycaret.internal.Display.Display object at 0x0000027A585733D0>, kwargs={})
2022-07-12 07:38:26,091:INFO:Checking exceptions
2022-07-12 07:38:26,091:INFO:Importing libraries
2022-07-12 07:38:26,091:INFO:Copying training dataset
2022-07-12 07:38:26,091:INFO:Defining folds
2022-07-12 07:38:26,091:INFO:Declaring metric variables
2022-07-12 07:38:26,095:INFO:Importing untrained model
2022-07-12 07:38:26,099:INFO:Bayesian Ridge Imported succesfully
2022-07-12 07:38:26,105:INFO:Starting cross validation
2022-07-12 07:38:26,106:INFO:Cross validating with TimeSeriesSplit(gap=0, max_train_size=None, n_splits=3, test_size=None), n_jobs=-1
2022-07-12 07:38:27,802:ERROR:create_model() for br raised an exception:
2022-07-12 07:38:27,802:ERROR:joblib.externals.loky.process_executor._RemoteTraceback: 
"""
Traceback (most recent call last):
  File "C:\Users\Main\anaconda3\lib\site-packages\pandas\compat\_optional.py", line 138, in import_optional_dependency
    module = importlib.import_module(name)
  File "C:\Users\Main\anaconda3\lib\importlib\__init__.py", line 127, in import_module
    return _bootstrap._gcd_import(name[level:], package, level)
  File "<frozen importlib._bootstrap>", line 1030, in _gcd_import
  File "<frozen importlib._bootstrap>", line 1007, in _find_and_load
  File "<frozen importlib._bootstrap>", line 986, in _find_and_load_unlocked
  File "<frozen importlib._bootstrap>", line 680, in _load_unlocked
  File "<frozen importlib._bootstrap_external>", line 850, in exec_module
  File "<frozen importlib._bootstrap>", line 228, in _call_with_frames_removed
  File "C:\Users\Main\anaconda3\lib\site-packages\jinja2\__init__.py", line 12, in <module>
    from .environment import Environment
  File "C:\Users\Main\anaconda3\lib\site-packages\jinja2\environment.py", line 25, in <module>
    from .defaults import BLOCK_END_STRING
  File "C:\Users\Main\anaconda3\lib\site-packages\jinja2\defaults.py", line 3, in <module>
    from .filters import FILTERS as DEFAULT_FILTERS  # noqa: F401
  File "C:\Users\Main\anaconda3\lib\site-packages\jinja2\filters.py", line 13, in <module>
    from markupsafe import soft_unicode
ImportError: cannot import name 'soft_unicode' from 'markupsafe' (C:\Users\Main\anaconda3\lib\site-packages\markupsafe\__init__.py)

During handling of the above exception, another exception occurred:

Traceback (most recent call last):
  File "C:\Users\Main\anaconda3\lib\site-packages\joblib\externals\loky\process_executor.py", line 407, in _process_worker
    call_item = call_queue.get(block=True, timeout=timeout)
  File "C:\Users\Main\anaconda3\lib\multiprocessing\queues.py", line 122, in get
    return _ForkingPickler.loads(res)
  File "C:\Users\Main\anaconda3\lib\site-packages\pycaret\internal\pipeline.py", line 11, in <module>
    from pycaret.internal.utils import get_all_object_vars_and_properties, is_fit_var
  File "C:\Users\Main\anaconda3\lib\site-packages\pycaret\internal\utils.py", line 10, in <module>
    import pandas.io.formats.style
  File "C:\Users\Main\anaconda3\lib\site-packages\pandas\io\formats\style.py", line 52, in <module>
    jinja2 = import_optional_dependency("jinja2", extra="DataFrame.style requires jinja2.")
  File "C:\Users\Main\anaconda3\lib\site-packages\pandas\compat\_optional.py", line 141, in import_optional_dependency
    raise ImportError(msg)
ImportError: Missing optional dependency 'Jinja2'. DataFrame.style requires jinja2. Use pip or conda to install Jinja2.
"""

The above exception was the direct cause of the following exception:

Traceback (most recent call last):
  File "C:\Users\Main\anaconda3\lib\site-packages\pycaret\internal\tabular.py", line 2156, in compare_models
    model, model_fit_time = create_model_supervised(
  File "C:\Users\Main\anaconda3\lib\site-packages\pycaret\internal\tabular.py", line 3085, in create_model_supervised
    scores = cross_validate(
  File "C:\Users\Main\anaconda3\lib\site-packages\sklearn\model_selection\_validation.py", line 266, in cross_validate
    results = parallel(
  File "C:\Users\Main\anaconda3\lib\site-packages\joblib\parallel.py", line 1056, in __call__
    self.retrieve()
  File "C:\Users\Main\anaconda3\lib\site-packages\joblib\parallel.py", line 935, in retrieve
    self._output.extend(job.get(timeout=self.timeout))
  File "C:\Users\Main\anaconda3\lib\site-packages\joblib\_parallel_backends.py", line 542, in wrap_future_result
    return future.result(timeout=timeout)
  File "C:\Users\Main\anaconda3\lib\concurrent\futures\_base.py", line 446, in result
    return self.__get_result()
  File "C:\Users\Main\anaconda3\lib\concurrent\futures\_base.py", line 391, in __get_result
    raise self._exception
joblib.externals.loky.process_executor.BrokenProcessPool: A task has failed to un-serialize. Please ensure that the arguments of the function are all picklable.

2022-07-12 07:38:27,802:INFO:Initializing Passive Aggressive Regressor
2022-07-12 07:38:27,802:INFO:Total runtime is 0.4546448508898417 minutes
2022-07-12 07:38:27,806:INFO:SubProcess create_model() called ==================================
2022-07-12 07:38:27,806:INFO:Initializing create_model()
2022-07-12 07:38:27,806:INFO:create_model(estimator=par, fold=TimeSeriesSplit(gap=0, max_train_size=None, n_splits=3, test_size=None), round=4, cross_validation=True, predict=True, fit_kwargs={}, groups=None, refit=False, verbose=False, system=False, metrics=None, display=<pycaret.internal.Display.Display object at 0x0000027A585733D0>, kwargs={})
2022-07-12 07:38:27,807:INFO:Checking exceptions
2022-07-12 07:38:27,807:INFO:Importing libraries
2022-07-12 07:38:27,807:INFO:Copying training dataset
2022-07-12 07:38:27,807:INFO:Defining folds
2022-07-12 07:38:27,807:INFO:Declaring metric variables
2022-07-12 07:38:27,810:INFO:Importing untrained model
2022-07-12 07:38:27,814:INFO:Passive Aggressive Regressor Imported succesfully
2022-07-12 07:38:27,821:INFO:Starting cross validation
2022-07-12 07:38:27,821:INFO:Cross validating with TimeSeriesSplit(gap=0, max_train_size=None, n_splits=3, test_size=None), n_jobs=-1
2022-07-12 07:38:29,489:WARNING:create_model() for par raised an exception or returned all 0.0, trying without fit_kwargs:
2022-07-12 07:38:29,489:WARNING:joblib.externals.loky.process_executor._RemoteTraceback: 
"""
Traceback (most recent call last):
  File "C:\Users\Main\anaconda3\lib\site-packages\pandas\compat\_optional.py", line 138, in import_optional_dependency
    module = importlib.import_module(name)
  File "C:\Users\Main\anaconda3\lib\importlib\__init__.py", line 127, in import_module
    return _bootstrap._gcd_import(name[level:], package, level)
  File "<frozen importlib._bootstrap>", line 1030, in _gcd_import
  File "<frozen importlib._bootstrap>", line 1007, in _find_and_load
  File "<frozen importlib._bootstrap>", line 986, in _find_and_load_unlocked
  File "<frozen importlib._bootstrap>", line 680, in _load_unlocked
  File "<frozen importlib._bootstrap_external>", line 850, in exec_module
  File "<frozen importlib._bootstrap>", line 228, in _call_with_frames_removed
  File "C:\Users\Main\anaconda3\lib\site-packages\jinja2\__init__.py", line 12, in <module>
    from .environment import Environment
  File "C:\Users\Main\anaconda3\lib\site-packages\jinja2\environment.py", line 25, in <module>
    from .defaults import BLOCK_END_STRING
  File "C:\Users\Main\anaconda3\lib\site-packages\jinja2\defaults.py", line 3, in <module>
    from .filters import FILTERS as DEFAULT_FILTERS  # noqa: F401
  File "C:\Users\Main\anaconda3\lib\site-packages\jinja2\filters.py", line 13, in <module>
    from markupsafe import soft_unicode
ImportError: cannot import name 'soft_unicode' from 'markupsafe' (C:\Users\Main\anaconda3\lib\site-packages\markupsafe\__init__.py)

During handling of the above exception, another exception occurred:

Traceback (most recent call last):
  File "C:\Users\Main\anaconda3\lib\site-packages\joblib\externals\loky\process_executor.py", line 407, in _process_worker
    call_item = call_queue.get(block=True, timeout=timeout)
  File "C:\Users\Main\anaconda3\lib\multiprocessing\queues.py", line 122, in get
    return _ForkingPickler.loads(res)
  File "C:\Users\Main\anaconda3\lib\site-packages\pycaret\internal\pipeline.py", line 11, in <module>
    from pycaret.internal.utils import get_all_object_vars_and_properties, is_fit_var
  File "C:\Users\Main\anaconda3\lib\site-packages\pycaret\internal\utils.py", line 10, in <module>
    import pandas.io.formats.style
  File "C:\Users\Main\anaconda3\lib\site-packages\pandas\io\formats\style.py", line 52, in <module>
    jinja2 = import_optional_dependency("jinja2", extra="DataFrame.style requires jinja2.")
  File "C:\Users\Main\anaconda3\lib\site-packages\pandas\compat\_optional.py", line 141, in import_optional_dependency
    raise ImportError(msg)
ImportError: Missing optional dependency 'Jinja2'. DataFrame.style requires jinja2. Use pip or conda to install Jinja2.
"""

The above exception was the direct cause of the following exception:

Traceback (most recent call last):
  File "C:\Users\Main\anaconda3\lib\site-packages\pycaret\internal\tabular.py", line 2136, in compare_models
    model, model_fit_time = create_model_supervised(
  File "C:\Users\Main\anaconda3\lib\site-packages\pycaret\internal\tabular.py", line 3085, in create_model_supervised
    scores = cross_validate(
  File "C:\Users\Main\anaconda3\lib\site-packages\sklearn\model_selection\_validation.py", line 266, in cross_validate
    results = parallel(
  File "C:\Users\Main\anaconda3\lib\site-packages\joblib\parallel.py", line 1056, in __call__
    self.retrieve()
  File "C:\Users\Main\anaconda3\lib\site-packages\joblib\parallel.py", line 935, in retrieve
    self._output.extend(job.get(timeout=self.timeout))
  File "C:\Users\Main\anaconda3\lib\site-packages\joblib\_parallel_backends.py", line 542, in wrap_future_result
    return future.result(timeout=timeout)
  File "C:\Users\Main\anaconda3\lib\concurrent\futures\_base.py", line 446, in result
    return self.__get_result()
  File "C:\Users\Main\anaconda3\lib\concurrent\futures\_base.py", line 391, in __get_result
    raise self._exception
joblib.externals.loky.process_executor.BrokenProcessPool: A task has failed to un-serialize. Please ensure that the arguments of the function are all picklable.

2022-07-12 07:38:29,489:INFO:Initializing create_model()
2022-07-12 07:38:29,489:INFO:create_model(estimator=par, fold=TimeSeriesSplit(gap=0, max_train_size=None, n_splits=3, test_size=None), round=4, cross_validation=True, predict=True, fit_kwargs=None, groups=None, refit=False, verbose=False, system=False, metrics=None, display=<pycaret.internal.Display.Display object at 0x0000027A585733D0>, kwargs={})
2022-07-12 07:38:29,489:INFO:Checking exceptions
2022-07-12 07:38:29,489:INFO:Importing libraries
2022-07-12 07:38:29,489:INFO:Copying training dataset
2022-07-12 07:38:29,490:INFO:Defining folds
2022-07-12 07:38:29,490:INFO:Declaring metric variables
2022-07-12 07:38:29,494:INFO:Importing untrained model
2022-07-12 07:38:29,497:INFO:Passive Aggressive Regressor Imported succesfully
2022-07-12 07:38:29,505:INFO:Starting cross validation
2022-07-12 07:38:29,505:INFO:Cross validating with TimeSeriesSplit(gap=0, max_train_size=None, n_splits=3, test_size=None), n_jobs=-1
2022-07-12 07:38:31,202:ERROR:create_model() for par raised an exception:
2022-07-12 07:38:31,202:ERROR:joblib.externals.loky.process_executor._RemoteTraceback: 
"""
Traceback (most recent call last):
  File "C:\Users\Main\anaconda3\lib\site-packages\pandas\compat\_optional.py", line 138, in import_optional_dependency
    module = importlib.import_module(name)
  File "C:\Users\Main\anaconda3\lib\importlib\__init__.py", line 127, in import_module
    return _bootstrap._gcd_import(name[level:], package, level)
  File "<frozen importlib._bootstrap>", line 1030, in _gcd_import
  File "<frozen importlib._bootstrap>", line 1007, in _find_and_load
  File "<frozen importlib._bootstrap>", line 986, in _find_and_load_unlocked
  File "<frozen importlib._bootstrap>", line 680, in _load_unlocked
  File "<frozen importlib._bootstrap_external>", line 850, in exec_module
  File "<frozen importlib._bootstrap>", line 228, in _call_with_frames_removed
  File "C:\Users\Main\anaconda3\lib\site-packages\jinja2\__init__.py", line 12, in <module>
    from .environment import Environment
  File "C:\Users\Main\anaconda3\lib\site-packages\jinja2\environment.py", line 25, in <module>
    from .defaults import BLOCK_END_STRING
  File "C:\Users\Main\anaconda3\lib\site-packages\jinja2\defaults.py", line 3, in <module>
    from .filters import FILTERS as DEFAULT_FILTERS  # noqa: F401
  File "C:\Users\Main\anaconda3\lib\site-packages\jinja2\filters.py", line 13, in <module>
    from markupsafe import soft_unicode
ImportError: cannot import name 'soft_unicode' from 'markupsafe' (C:\Users\Main\anaconda3\lib\site-packages\markupsafe\__init__.py)

During handling of the above exception, another exception occurred:

Traceback (most recent call last):
  File "C:\Users\Main\anaconda3\lib\site-packages\joblib\externals\loky\process_executor.py", line 407, in _process_worker
    call_item = call_queue.get(block=True, timeout=timeout)
  File "C:\Users\Main\anaconda3\lib\multiprocessing\queues.py", line 122, in get
    return _ForkingPickler.loads(res)
  File "C:\Users\Main\anaconda3\lib\site-packages\pycaret\internal\pipeline.py", line 11, in <module>
    from pycaret.internal.utils import get_all_object_vars_and_properties, is_fit_var
  File "C:\Users\Main\anaconda3\lib\site-packages\pycaret\internal\utils.py", line 10, in <module>
    import pandas.io.formats.style
  File "C:\Users\Main\anaconda3\lib\site-packages\pandas\io\formats\style.py", line 52, in <module>
    jinja2 = import_optional_dependency("jinja2", extra="DataFrame.style requires jinja2.")
  File "C:\Users\Main\anaconda3\lib\site-packages\pandas\compat\_optional.py", line 141, in import_optional_dependency
    raise ImportError(msg)
ImportError: Missing optional dependency 'Jinja2'. DataFrame.style requires jinja2. Use pip or conda to install Jinja2.
"""

The above exception was the direct cause of the following exception:

Traceback (most recent call last):
  File "C:\Users\Main\anaconda3\lib\site-packages\pycaret\internal\tabular.py", line 2156, in compare_models
    model, model_fit_time = create_model_supervised(
  File "C:\Users\Main\anaconda3\lib\site-packages\pycaret\internal\tabular.py", line 3085, in create_model_supervised
    scores = cross_validate(
  File "C:\Users\Main\anaconda3\lib\site-packages\sklearn\model_selection\_validation.py", line 266, in cross_validate
    results = parallel(
  File "C:\Users\Main\anaconda3\lib\site-packages\joblib\parallel.py", line 1056, in __call__
    self.retrieve()
  File "C:\Users\Main\anaconda3\lib\site-packages\joblib\parallel.py", line 935, in retrieve
    self._output.extend(job.get(timeout=self.timeout))
  File "C:\Users\Main\anaconda3\lib\site-packages\joblib\_parallel_backends.py", line 542, in wrap_future_result
    return future.result(timeout=timeout)
  File "C:\Users\Main\anaconda3\lib\concurrent\futures\_base.py", line 446, in result
    return self.__get_result()
  File "C:\Users\Main\anaconda3\lib\concurrent\futures\_base.py", line 391, in __get_result
    raise self._exception
joblib.externals.loky.process_executor.BrokenProcessPool: A task has failed to un-serialize. Please ensure that the arguments of the function are all picklable.

2022-07-12 07:38:31,202:INFO:Initializing Huber Regressor
2022-07-12 07:38:31,202:INFO:Total runtime is 0.5113239367802938 minutes
2022-07-12 07:38:31,206:INFO:SubProcess create_model() called ==================================
2022-07-12 07:38:31,206:INFO:Initializing create_model()
2022-07-12 07:38:31,206:INFO:create_model(estimator=huber, fold=TimeSeriesSplit(gap=0, max_train_size=None, n_splits=3, test_size=None), round=4, cross_validation=True, predict=True, fit_kwargs={}, groups=None, refit=False, verbose=False, system=False, metrics=None, display=<pycaret.internal.Display.Display object at 0x0000027A585733D0>, kwargs={})
2022-07-12 07:38:31,206:INFO:Checking exceptions
2022-07-12 07:38:31,206:INFO:Importing libraries
2022-07-12 07:38:31,206:INFO:Copying training dataset
2022-07-12 07:38:31,206:INFO:Defining folds
2022-07-12 07:38:31,207:INFO:Declaring metric variables
2022-07-12 07:38:31,210:INFO:Importing untrained model
2022-07-12 07:38:31,213:INFO:Huber Regressor Imported succesfully
2022-07-12 07:38:31,220:INFO:Starting cross validation
2022-07-12 07:38:31,220:INFO:Cross validating with TimeSeriesSplit(gap=0, max_train_size=None, n_splits=3, test_size=None), n_jobs=-1
2022-07-12 07:38:32,890:WARNING:create_model() for huber raised an exception or returned all 0.0, trying without fit_kwargs:
2022-07-12 07:38:32,890:WARNING:joblib.externals.loky.process_executor._RemoteTraceback: 
"""
Traceback (most recent call last):
  File "C:\Users\Main\anaconda3\lib\site-packages\pandas\compat\_optional.py", line 138, in import_optional_dependency
    module = importlib.import_module(name)
  File "C:\Users\Main\anaconda3\lib\importlib\__init__.py", line 127, in import_module
    return _bootstrap._gcd_import(name[level:], package, level)
  File "<frozen importlib._bootstrap>", line 1030, in _gcd_import
  File "<frozen importlib._bootstrap>", line 1007, in _find_and_load
  File "<frozen importlib._bootstrap>", line 986, in _find_and_load_unlocked
  File "<frozen importlib._bootstrap>", line 680, in _load_unlocked
  File "<frozen importlib._bootstrap_external>", line 850, in exec_module
  File "<frozen importlib._bootstrap>", line 228, in _call_with_frames_removed
  File "C:\Users\Main\anaconda3\lib\site-packages\jinja2\__init__.py", line 12, in <module>
    from .environment import Environment
  File "C:\Users\Main\anaconda3\lib\site-packages\jinja2\environment.py", line 25, in <module>
    from .defaults import BLOCK_END_STRING
  File "C:\Users\Main\anaconda3\lib\site-packages\jinja2\defaults.py", line 3, in <module>
    from .filters import FILTERS as DEFAULT_FILTERS  # noqa: F401
  File "C:\Users\Main\anaconda3\lib\site-packages\jinja2\filters.py", line 13, in <module>
    from markupsafe import soft_unicode
ImportError: cannot import name 'soft_unicode' from 'markupsafe' (C:\Users\Main\anaconda3\lib\site-packages\markupsafe\__init__.py)

During handling of the above exception, another exception occurred:

Traceback (most recent call last):
  File "C:\Users\Main\anaconda3\lib\site-packages\joblib\externals\loky\process_executor.py", line 407, in _process_worker
    call_item = call_queue.get(block=True, timeout=timeout)
  File "C:\Users\Main\anaconda3\lib\multiprocessing\queues.py", line 122, in get
    return _ForkingPickler.loads(res)
  File "C:\Users\Main\anaconda3\lib\site-packages\pycaret\internal\pipeline.py", line 11, in <module>
    from pycaret.internal.utils import get_all_object_vars_and_properties, is_fit_var
  File "C:\Users\Main\anaconda3\lib\site-packages\pycaret\internal\utils.py", line 10, in <module>
    import pandas.io.formats.style
  File "C:\Users\Main\anaconda3\lib\site-packages\pandas\io\formats\style.py", line 52, in <module>
    jinja2 = import_optional_dependency("jinja2", extra="DataFrame.style requires jinja2.")
  File "C:\Users\Main\anaconda3\lib\site-packages\pandas\compat\_optional.py", line 141, in import_optional_dependency
    raise ImportError(msg)
ImportError: Missing optional dependency 'Jinja2'. DataFrame.style requires jinja2. Use pip or conda to install Jinja2.
"""

The above exception was the direct cause of the following exception:

Traceback (most recent call last):
  File "C:\Users\Main\anaconda3\lib\site-packages\pycaret\internal\tabular.py", line 2136, in compare_models
    model, model_fit_time = create_model_supervised(
  File "C:\Users\Main\anaconda3\lib\site-packages\pycaret\internal\tabular.py", line 3085, in create_model_supervised
    scores = cross_validate(
  File "C:\Users\Main\anaconda3\lib\site-packages\sklearn\model_selection\_validation.py", line 266, in cross_validate
    results = parallel(
  File "C:\Users\Main\anaconda3\lib\site-packages\joblib\parallel.py", line 1056, in __call__
    self.retrieve()
  File "C:\Users\Main\anaconda3\lib\site-packages\joblib\parallel.py", line 935, in retrieve
    self._output.extend(job.get(timeout=self.timeout))
  File "C:\Users\Main\anaconda3\lib\site-packages\joblib\_parallel_backends.py", line 542, in wrap_future_result
    return future.result(timeout=timeout)
  File "C:\Users\Main\anaconda3\lib\concurrent\futures\_base.py", line 446, in result
    return self.__get_result()
  File "C:\Users\Main\anaconda3\lib\concurrent\futures\_base.py", line 391, in __get_result
    raise self._exception
joblib.externals.loky.process_executor.BrokenProcessPool: A task has failed to un-serialize. Please ensure that the arguments of the function are all picklable.

2022-07-12 07:38:32,891:INFO:Initializing create_model()
2022-07-12 07:38:32,891:INFO:create_model(estimator=huber, fold=TimeSeriesSplit(gap=0, max_train_size=None, n_splits=3, test_size=None), round=4, cross_validation=True, predict=True, fit_kwargs=None, groups=None, refit=False, verbose=False, system=False, metrics=None, display=<pycaret.internal.Display.Display object at 0x0000027A585733D0>, kwargs={})
2022-07-12 07:38:32,891:INFO:Checking exceptions
2022-07-12 07:38:32,891:INFO:Importing libraries
2022-07-12 07:38:32,891:INFO:Copying training dataset
2022-07-12 07:38:32,891:INFO:Defining folds
2022-07-12 07:38:32,891:INFO:Declaring metric variables
2022-07-12 07:38:32,895:INFO:Importing untrained model
2022-07-12 07:38:32,899:INFO:Huber Regressor Imported succesfully
2022-07-12 07:38:32,905:INFO:Starting cross validation
2022-07-12 07:38:32,905:INFO:Cross validating with TimeSeriesSplit(gap=0, max_train_size=None, n_splits=3, test_size=None), n_jobs=-1
2022-07-12 07:38:34,583:ERROR:create_model() for huber raised an exception:
2022-07-12 07:38:34,584:ERROR:joblib.externals.loky.process_executor._RemoteTraceback: 
"""
Traceback (most recent call last):
  File "C:\Users\Main\anaconda3\lib\site-packages\pandas\compat\_optional.py", line 138, in import_optional_dependency
    module = importlib.import_module(name)
  File "C:\Users\Main\anaconda3\lib\importlib\__init__.py", line 127, in import_module
    return _bootstrap._gcd_import(name[level:], package, level)
  File "<frozen importlib._bootstrap>", line 1030, in _gcd_import
  File "<frozen importlib._bootstrap>", line 1007, in _find_and_load
  File "<frozen importlib._bootstrap>", line 986, in _find_and_load_unlocked
  File "<frozen importlib._bootstrap>", line 680, in _load_unlocked
  File "<frozen importlib._bootstrap_external>", line 850, in exec_module
  File "<frozen importlib._bootstrap>", line 228, in _call_with_frames_removed
  File "C:\Users\Main\anaconda3\lib\site-packages\jinja2\__init__.py", line 12, in <module>
    from .environment import Environment
  File "C:\Users\Main\anaconda3\lib\site-packages\jinja2\environment.py", line 25, in <module>
    from .defaults import BLOCK_END_STRING
  File "C:\Users\Main\anaconda3\lib\site-packages\jinja2\defaults.py", line 3, in <module>
    from .filters import FILTERS as DEFAULT_FILTERS  # noqa: F401
  File "C:\Users\Main\anaconda3\lib\site-packages\jinja2\filters.py", line 13, in <module>
    from markupsafe import soft_unicode
ImportError: cannot import name 'soft_unicode' from 'markupsafe' (C:\Users\Main\anaconda3\lib\site-packages\markupsafe\__init__.py)

During handling of the above exception, another exception occurred:

Traceback (most recent call last):
  File "C:\Users\Main\anaconda3\lib\site-packages\joblib\externals\loky\process_executor.py", line 407, in _process_worker
    call_item = call_queue.get(block=True, timeout=timeout)
  File "C:\Users\Main\anaconda3\lib\multiprocessing\queues.py", line 122, in get
    return _ForkingPickler.loads(res)
  File "C:\Users\Main\anaconda3\lib\site-packages\pycaret\internal\pipeline.py", line 11, in <module>
    from pycaret.internal.utils import get_all_object_vars_and_properties, is_fit_var
  File "C:\Users\Main\anaconda3\lib\site-packages\pycaret\internal\utils.py", line 10, in <module>
    import pandas.io.formats.style
  File "C:\Users\Main\anaconda3\lib\site-packages\pandas\io\formats\style.py", line 52, in <module>
    jinja2 = import_optional_dependency("jinja2", extra="DataFrame.style requires jinja2.")
  File "C:\Users\Main\anaconda3\lib\site-packages\pandas\compat\_optional.py", line 141, in import_optional_dependency
    raise ImportError(msg)
ImportError: Missing optional dependency 'Jinja2'. DataFrame.style requires jinja2. Use pip or conda to install Jinja2.
"""

The above exception was the direct cause of the following exception:

Traceback (most recent call last):
  File "C:\Users\Main\anaconda3\lib\site-packages\pycaret\internal\tabular.py", line 2156, in compare_models
    model, model_fit_time = create_model_supervised(
  File "C:\Users\Main\anaconda3\lib\site-packages\pycaret\internal\tabular.py", line 3085, in create_model_supervised
    scores = cross_validate(
  File "C:\Users\Main\anaconda3\lib\site-packages\sklearn\model_selection\_validation.py", line 266, in cross_validate
    results = parallel(
  File "C:\Users\Main\anaconda3\lib\site-packages\joblib\parallel.py", line 1056, in __call__
    self.retrieve()
  File "C:\Users\Main\anaconda3\lib\site-packages\joblib\parallel.py", line 935, in retrieve
    self._output.extend(job.get(timeout=self.timeout))
  File "C:\Users\Main\anaconda3\lib\site-packages\joblib\_parallel_backends.py", line 542, in wrap_future_result
    return future.result(timeout=timeout)
  File "C:\Users\Main\anaconda3\lib\concurrent\futures\_base.py", line 446, in result
    return self.__get_result()
  File "C:\Users\Main\anaconda3\lib\concurrent\futures\_base.py", line 391, in __get_result
    raise self._exception
joblib.externals.loky.process_executor.BrokenProcessPool: A task has failed to un-serialize. Please ensure that the arguments of the function are all picklable.

2022-07-12 07:38:34,584:INFO:Initializing K Neighbors Regressor
2022-07-12 07:38:34,584:INFO:Total runtime is 0.5676913301150004 minutes
2022-07-12 07:38:34,588:INFO:SubProcess create_model() called ==================================
2022-07-12 07:38:34,588:INFO:Initializing create_model()
2022-07-12 07:38:34,588:INFO:create_model(estimator=knn, fold=TimeSeriesSplit(gap=0, max_train_size=None, n_splits=3, test_size=None), round=4, cross_validation=True, predict=True, fit_kwargs={}, groups=None, refit=False, verbose=False, system=False, metrics=None, display=<pycaret.internal.Display.Display object at 0x0000027A585733D0>, kwargs={})
2022-07-12 07:38:34,588:INFO:Checking exceptions
2022-07-12 07:38:34,588:INFO:Importing libraries
2022-07-12 07:38:34,588:INFO:Copying training dataset
2022-07-12 07:38:34,588:INFO:Defining folds
2022-07-12 07:38:34,588:INFO:Declaring metric variables
2022-07-12 07:38:34,592:INFO:Importing untrained model
2022-07-12 07:38:34,596:INFO:K Neighbors Regressor Imported succesfully
2022-07-12 07:38:34,602:INFO:Starting cross validation
2022-07-12 07:38:34,603:INFO:Cross validating with TimeSeriesSplit(gap=0, max_train_size=None, n_splits=3, test_size=None), n_jobs=-1
2022-07-12 07:38:36,287:WARNING:create_model() for knn raised an exception or returned all 0.0, trying without fit_kwargs:
2022-07-12 07:38:36,287:WARNING:joblib.externals.loky.process_executor._RemoteTraceback: 
"""
Traceback (most recent call last):
  File "C:\Users\Main\anaconda3\lib\site-packages\pandas\compat\_optional.py", line 138, in import_optional_dependency
    module = importlib.import_module(name)
  File "C:\Users\Main\anaconda3\lib\importlib\__init__.py", line 127, in import_module
    return _bootstrap._gcd_import(name[level:], package, level)
  File "<frozen importlib._bootstrap>", line 1030, in _gcd_import
  File "<frozen importlib._bootstrap>", line 1007, in _find_and_load
  File "<frozen importlib._bootstrap>", line 986, in _find_and_load_unlocked
  File "<frozen importlib._bootstrap>", line 680, in _load_unlocked
  File "<frozen importlib._bootstrap_external>", line 850, in exec_module
  File "<frozen importlib._bootstrap>", line 228, in _call_with_frames_removed
  File "C:\Users\Main\anaconda3\lib\site-packages\jinja2\__init__.py", line 12, in <module>
    from .environment import Environment
  File "C:\Users\Main\anaconda3\lib\site-packages\jinja2\environment.py", line 25, in <module>
    from .defaults import BLOCK_END_STRING
  File "C:\Users\Main\anaconda3\lib\site-packages\jinja2\defaults.py", line 3, in <module>
    from .filters import FILTERS as DEFAULT_FILTERS  # noqa: F401
  File "C:\Users\Main\anaconda3\lib\site-packages\jinja2\filters.py", line 13, in <module>
    from markupsafe import soft_unicode
ImportError: cannot import name 'soft_unicode' from 'markupsafe' (C:\Users\Main\anaconda3\lib\site-packages\markupsafe\__init__.py)

During handling of the above exception, another exception occurred:

Traceback (most recent call last):
  File "C:\Users\Main\anaconda3\lib\site-packages\joblib\externals\loky\process_executor.py", line 407, in _process_worker
    call_item = call_queue.get(block=True, timeout=timeout)
  File "C:\Users\Main\anaconda3\lib\multiprocessing\queues.py", line 122, in get
    return _ForkingPickler.loads(res)
  File "C:\Users\Main\anaconda3\lib\site-packages\pycaret\internal\pipeline.py", line 11, in <module>
    from pycaret.internal.utils import get_all_object_vars_and_properties, is_fit_var
  File "C:\Users\Main\anaconda3\lib\site-packages\pycaret\internal\utils.py", line 10, in <module>
    import pandas.io.formats.style
  File "C:\Users\Main\anaconda3\lib\site-packages\pandas\io\formats\style.py", line 52, in <module>
    jinja2 = import_optional_dependency("jinja2", extra="DataFrame.style requires jinja2.")
  File "C:\Users\Main\anaconda3\lib\site-packages\pandas\compat\_optional.py", line 141, in import_optional_dependency
    raise ImportError(msg)
ImportError: Missing optional dependency 'Jinja2'. DataFrame.style requires jinja2. Use pip or conda to install Jinja2.
"""

The above exception was the direct cause of the following exception:

Traceback (most recent call last):
  File "C:\Users\Main\anaconda3\lib\site-packages\pycaret\internal\tabular.py", line 2136, in compare_models
    model, model_fit_time = create_model_supervised(
  File "C:\Users\Main\anaconda3\lib\site-packages\pycaret\internal\tabular.py", line 3085, in create_model_supervised
    scores = cross_validate(
  File "C:\Users\Main\anaconda3\lib\site-packages\sklearn\model_selection\_validation.py", line 266, in cross_validate
    results = parallel(
  File "C:\Users\Main\anaconda3\lib\site-packages\joblib\parallel.py", line 1056, in __call__
    self.retrieve()
  File "C:\Users\Main\anaconda3\lib\site-packages\joblib\parallel.py", line 935, in retrieve
    self._output.extend(job.get(timeout=self.timeout))
  File "C:\Users\Main\anaconda3\lib\site-packages\joblib\_parallel_backends.py", line 542, in wrap_future_result
    return future.result(timeout=timeout)
  File "C:\Users\Main\anaconda3\lib\concurrent\futures\_base.py", line 446, in result
    return self.__get_result()
  File "C:\Users\Main\anaconda3\lib\concurrent\futures\_base.py", line 391, in __get_result
    raise self._exception
joblib.externals.loky.process_executor.BrokenProcessPool: A task has failed to un-serialize. Please ensure that the arguments of the function are all picklable.

2022-07-12 07:38:36,287:INFO:Initializing create_model()
2022-07-12 07:38:36,287:INFO:create_model(estimator=knn, fold=TimeSeriesSplit(gap=0, max_train_size=None, n_splits=3, test_size=None), round=4, cross_validation=True, predict=True, fit_kwargs=None, groups=None, refit=False, verbose=False, system=False, metrics=None, display=<pycaret.internal.Display.Display object at 0x0000027A585733D0>, kwargs={})
2022-07-12 07:38:36,287:INFO:Checking exceptions
2022-07-12 07:38:36,287:INFO:Importing libraries
2022-07-12 07:38:36,288:INFO:Copying training dataset
2022-07-12 07:38:36,288:INFO:Defining folds
2022-07-12 07:38:36,288:INFO:Declaring metric variables
2022-07-12 07:38:36,292:INFO:Importing untrained model
2022-07-12 07:38:36,295:INFO:K Neighbors Regressor Imported succesfully
2022-07-12 07:38:36,302:INFO:Starting cross validation
2022-07-12 07:38:36,303:INFO:Cross validating with TimeSeriesSplit(gap=0, max_train_size=None, n_splits=3, test_size=None), n_jobs=-1
2022-07-12 07:38:37,967:ERROR:create_model() for knn raised an exception:
2022-07-12 07:38:37,968:ERROR:joblib.externals.loky.process_executor._RemoteTraceback: 
"""
Traceback (most recent call last):
  File "C:\Users\Main\anaconda3\lib\site-packages\pandas\compat\_optional.py", line 138, in import_optional_dependency
    module = importlib.import_module(name)
  File "C:\Users\Main\anaconda3\lib\importlib\__init__.py", line 127, in import_module
    return _bootstrap._gcd_import(name[level:], package, level)
  File "<frozen importlib._bootstrap>", line 1030, in _gcd_import
  File "<frozen importlib._bootstrap>", line 1007, in _find_and_load
  File "<frozen importlib._bootstrap>", line 986, in _find_and_load_unlocked
  File "<frozen importlib._bootstrap>", line 680, in _load_unlocked
  File "<frozen importlib._bootstrap_external>", line 850, in exec_module
  File "<frozen importlib._bootstrap>", line 228, in _call_with_frames_removed
  File "C:\Users\Main\anaconda3\lib\site-packages\jinja2\__init__.py", line 12, in <module>
    from .environment import Environment
  File "C:\Users\Main\anaconda3\lib\site-packages\jinja2\environment.py", line 25, in <module>
    from .defaults import BLOCK_END_STRING
  File "C:\Users\Main\anaconda3\lib\site-packages\jinja2\defaults.py", line 3, in <module>
    from .filters import FILTERS as DEFAULT_FILTERS  # noqa: F401
  File "C:\Users\Main\anaconda3\lib\site-packages\jinja2\filters.py", line 13, in <module>
    from markupsafe import soft_unicode
ImportError: cannot import name 'soft_unicode' from 'markupsafe' (C:\Users\Main\anaconda3\lib\site-packages\markupsafe\__init__.py)

During handling of the above exception, another exception occurred:

Traceback (most recent call last):
  File "C:\Users\Main\anaconda3\lib\site-packages\joblib\externals\loky\process_executor.py", line 407, in _process_worker
    call_item = call_queue.get(block=True, timeout=timeout)
  File "C:\Users\Main\anaconda3\lib\multiprocessing\queues.py", line 122, in get
    return _ForkingPickler.loads(res)
  File "C:\Users\Main\anaconda3\lib\site-packages\pycaret\internal\pipeline.py", line 11, in <module>
    from pycaret.internal.utils import get_all_object_vars_and_properties, is_fit_var
  File "C:\Users\Main\anaconda3\lib\site-packages\pycaret\internal\utils.py", line 10, in <module>
    import pandas.io.formats.style
  File "C:\Users\Main\anaconda3\lib\site-packages\pandas\io\formats\style.py", line 52, in <module>
    jinja2 = import_optional_dependency("jinja2", extra="DataFrame.style requires jinja2.")
  File "C:\Users\Main\anaconda3\lib\site-packages\pandas\compat\_optional.py", line 141, in import_optional_dependency
    raise ImportError(msg)
ImportError: Missing optional dependency 'Jinja2'. DataFrame.style requires jinja2. Use pip or conda to install Jinja2.
"""

The above exception was the direct cause of the following exception:

Traceback (most recent call last):
  File "C:\Users\Main\anaconda3\lib\site-packages\pycaret\internal\tabular.py", line 2156, in compare_models
    model, model_fit_time = create_model_supervised(
  File "C:\Users\Main\anaconda3\lib\site-packages\pycaret\internal\tabular.py", line 3085, in create_model_supervised
    scores = cross_validate(
  File "C:\Users\Main\anaconda3\lib\site-packages\sklearn\model_selection\_validation.py", line 266, in cross_validate
    results = parallel(
  File "C:\Users\Main\anaconda3\lib\site-packages\joblib\parallel.py", line 1056, in __call__
    self.retrieve()
  File "C:\Users\Main\anaconda3\lib\site-packages\joblib\parallel.py", line 935, in retrieve
    self._output.extend(job.get(timeout=self.timeout))
  File "C:\Users\Main\anaconda3\lib\site-packages\joblib\_parallel_backends.py", line 542, in wrap_future_result
    return future.result(timeout=timeout)
  File "C:\Users\Main\anaconda3\lib\concurrent\futures\_base.py", line 446, in result
    return self.__get_result()
  File "C:\Users\Main\anaconda3\lib\concurrent\futures\_base.py", line 391, in __get_result
    raise self._exception
joblib.externals.loky.process_executor.BrokenProcessPool: A task has failed to un-serialize. Please ensure that the arguments of the function are all picklable.

2022-07-12 07:38:37,968:INFO:Initializing Decision Tree Regressor
2022-07-12 07:38:37,968:INFO:Total runtime is 0.6240895748138428 minutes
2022-07-12 07:38:37,972:INFO:SubProcess create_model() called ==================================
2022-07-12 07:38:37,972:INFO:Initializing create_model()
2022-07-12 07:38:37,972:INFO:create_model(estimator=dt, fold=TimeSeriesSplit(gap=0, max_train_size=None, n_splits=3, test_size=None), round=4, cross_validation=True, predict=True, fit_kwargs={}, groups=None, refit=False, verbose=False, system=False, metrics=None, display=<pycaret.internal.Display.Display object at 0x0000027A585733D0>, kwargs={})
2022-07-12 07:38:37,972:INFO:Checking exceptions
2022-07-12 07:38:37,972:INFO:Importing libraries
2022-07-12 07:38:37,972:INFO:Copying training dataset
2022-07-12 07:38:37,973:INFO:Defining folds
2022-07-12 07:38:37,973:INFO:Declaring metric variables
2022-07-12 07:38:37,976:INFO:Importing untrained model
2022-07-12 07:38:37,980:INFO:Decision Tree Regressor Imported succesfully
2022-07-12 07:38:37,987:INFO:Starting cross validation
2022-07-12 07:38:37,987:INFO:Cross validating with TimeSeriesSplit(gap=0, max_train_size=None, n_splits=3, test_size=None), n_jobs=-1
2022-07-12 07:38:39,623:WARNING:create_model() for dt raised an exception or returned all 0.0, trying without fit_kwargs:
2022-07-12 07:38:39,623:WARNING:joblib.externals.loky.process_executor._RemoteTraceback: 
"""
Traceback (most recent call last):
  File "C:\Users\Main\anaconda3\lib\site-packages\pandas\compat\_optional.py", line 138, in import_optional_dependency
    module = importlib.import_module(name)
  File "C:\Users\Main\anaconda3\lib\importlib\__init__.py", line 127, in import_module
    return _bootstrap._gcd_import(name[level:], package, level)
  File "<frozen importlib._bootstrap>", line 1030, in _gcd_import
  File "<frozen importlib._bootstrap>", line 1007, in _find_and_load
  File "<frozen importlib._bootstrap>", line 986, in _find_and_load_unlocked
  File "<frozen importlib._bootstrap>", line 680, in _load_unlocked
  File "<frozen importlib._bootstrap_external>", line 850, in exec_module
  File "<frozen importlib._bootstrap>", line 228, in _call_with_frames_removed
  File "C:\Users\Main\anaconda3\lib\site-packages\jinja2\__init__.py", line 12, in <module>
    from .environment import Environment
  File "C:\Users\Main\anaconda3\lib\site-packages\jinja2\environment.py", line 25, in <module>
    from .defaults import BLOCK_END_STRING
  File "C:\Users\Main\anaconda3\lib\site-packages\jinja2\defaults.py", line 3, in <module>
    from .filters import FILTERS as DEFAULT_FILTERS  # noqa: F401
  File "C:\Users\Main\anaconda3\lib\site-packages\jinja2\filters.py", line 13, in <module>
    from markupsafe import soft_unicode
ImportError: cannot import name 'soft_unicode' from 'markupsafe' (C:\Users\Main\anaconda3\lib\site-packages\markupsafe\__init__.py)

During handling of the above exception, another exception occurred:

Traceback (most recent call last):
  File "C:\Users\Main\anaconda3\lib\site-packages\joblib\externals\loky\process_executor.py", line 407, in _process_worker
    call_item = call_queue.get(block=True, timeout=timeout)
  File "C:\Users\Main\anaconda3\lib\multiprocessing\queues.py", line 122, in get
    return _ForkingPickler.loads(res)
  File "C:\Users\Main\anaconda3\lib\site-packages\pycaret\internal\pipeline.py", line 11, in <module>
    from pycaret.internal.utils import get_all_object_vars_and_properties, is_fit_var
  File "C:\Users\Main\anaconda3\lib\site-packages\pycaret\internal\utils.py", line 10, in <module>
    import pandas.io.formats.style
  File "C:\Users\Main\anaconda3\lib\site-packages\pandas\io\formats\style.py", line 52, in <module>
    jinja2 = import_optional_dependency("jinja2", extra="DataFrame.style requires jinja2.")
  File "C:\Users\Main\anaconda3\lib\site-packages\pandas\compat\_optional.py", line 141, in import_optional_dependency
    raise ImportError(msg)
ImportError: Missing optional dependency 'Jinja2'. DataFrame.style requires jinja2. Use pip or conda to install Jinja2.
"""

The above exception was the direct cause of the following exception:

Traceback (most recent call last):
  File "C:\Users\Main\anaconda3\lib\site-packages\pycaret\internal\tabular.py", line 2136, in compare_models
    model, model_fit_time = create_model_supervised(
  File "C:\Users\Main\anaconda3\lib\site-packages\pycaret\internal\tabular.py", line 3085, in create_model_supervised
    scores = cross_validate(
  File "C:\Users\Main\anaconda3\lib\site-packages\sklearn\model_selection\_validation.py", line 266, in cross_validate
    results = parallel(
  File "C:\Users\Main\anaconda3\lib\site-packages\joblib\parallel.py", line 1056, in __call__
    self.retrieve()
  File "C:\Users\Main\anaconda3\lib\site-packages\joblib\parallel.py", line 935, in retrieve
    self._output.extend(job.get(timeout=self.timeout))
  File "C:\Users\Main\anaconda3\lib\site-packages\joblib\_parallel_backends.py", line 542, in wrap_future_result
    return future.result(timeout=timeout)
  File "C:\Users\Main\anaconda3\lib\concurrent\futures\_base.py", line 446, in result
    return self.__get_result()
  File "C:\Users\Main\anaconda3\lib\concurrent\futures\_base.py", line 391, in __get_result
    raise self._exception
joblib.externals.loky.process_executor.BrokenProcessPool: A task has failed to un-serialize. Please ensure that the arguments of the function are all picklable.

2022-07-12 07:38:39,623:INFO:Initializing create_model()
2022-07-12 07:38:39,623:INFO:create_model(estimator=dt, fold=TimeSeriesSplit(gap=0, max_train_size=None, n_splits=3, test_size=None), round=4, cross_validation=True, predict=True, fit_kwargs=None, groups=None, refit=False, verbose=False, system=False, metrics=None, display=<pycaret.internal.Display.Display object at 0x0000027A585733D0>, kwargs={})
2022-07-12 07:38:39,623:INFO:Checking exceptions
2022-07-12 07:38:39,623:INFO:Importing libraries
2022-07-12 07:38:39,623:INFO:Copying training dataset
2022-07-12 07:38:39,624:INFO:Defining folds
2022-07-12 07:38:39,624:INFO:Declaring metric variables
2022-07-12 07:38:39,627:INFO:Importing untrained model
2022-07-12 07:38:39,631:INFO:Decision Tree Regressor Imported succesfully
2022-07-12 07:38:39,638:INFO:Starting cross validation
2022-07-12 07:38:39,638:INFO:Cross validating with TimeSeriesSplit(gap=0, max_train_size=None, n_splits=3, test_size=None), n_jobs=-1
2022-07-12 07:38:41,256:ERROR:create_model() for dt raised an exception:
2022-07-12 07:38:41,256:ERROR:joblib.externals.loky.process_executor._RemoteTraceback: 
"""
Traceback (most recent call last):
  File "C:\Users\Main\anaconda3\lib\site-packages\pandas\compat\_optional.py", line 138, in import_optional_dependency
    module = importlib.import_module(name)
  File "C:\Users\Main\anaconda3\lib\importlib\__init__.py", line 127, in import_module
    return _bootstrap._gcd_import(name[level:], package, level)
  File "<frozen importlib._bootstrap>", line 1030, in _gcd_import
  File "<frozen importlib._bootstrap>", line 1007, in _find_and_load
  File "<frozen importlib._bootstrap>", line 986, in _find_and_load_unlocked
  File "<frozen importlib._bootstrap>", line 680, in _load_unlocked
  File "<frozen importlib._bootstrap_external>", line 850, in exec_module
  File "<frozen importlib._bootstrap>", line 228, in _call_with_frames_removed
  File "C:\Users\Main\anaconda3\lib\site-packages\jinja2\__init__.py", line 12, in <module>
    from .environment import Environment
  File "C:\Users\Main\anaconda3\lib\site-packages\jinja2\environment.py", line 25, in <module>
    from .defaults import BLOCK_END_STRING
  File "C:\Users\Main\anaconda3\lib\site-packages\jinja2\defaults.py", line 3, in <module>
    from .filters import FILTERS as DEFAULT_FILTERS  # noqa: F401
  File "C:\Users\Main\anaconda3\lib\site-packages\jinja2\filters.py", line 13, in <module>
    from markupsafe import soft_unicode
ImportError: cannot import name 'soft_unicode' from 'markupsafe' (C:\Users\Main\anaconda3\lib\site-packages\markupsafe\__init__.py)

During handling of the above exception, another exception occurred:

Traceback (most recent call last):
  File "C:\Users\Main\anaconda3\lib\site-packages\joblib\externals\loky\process_executor.py", line 407, in _process_worker
    call_item = call_queue.get(block=True, timeout=timeout)
  File "C:\Users\Main\anaconda3\lib\multiprocessing\queues.py", line 122, in get
    return _ForkingPickler.loads(res)
  File "C:\Users\Main\anaconda3\lib\site-packages\pycaret\internal\pipeline.py", line 11, in <module>
    from pycaret.internal.utils import get_all_object_vars_and_properties, is_fit_var
  File "C:\Users\Main\anaconda3\lib\site-packages\pycaret\internal\utils.py", line 10, in <module>
    import pandas.io.formats.style
  File "C:\Users\Main\anaconda3\lib\site-packages\pandas\io\formats\style.py", line 52, in <module>
    jinja2 = import_optional_dependency("jinja2", extra="DataFrame.style requires jinja2.")
  File "C:\Users\Main\anaconda3\lib\site-packages\pandas\compat\_optional.py", line 141, in import_optional_dependency
    raise ImportError(msg)
ImportError: Missing optional dependency 'Jinja2'. DataFrame.style requires jinja2. Use pip or conda to install Jinja2.
"""

The above exception was the direct cause of the following exception:

Traceback (most recent call last):
  File "C:\Users\Main\anaconda3\lib\site-packages\pycaret\internal\tabular.py", line 2156, in compare_models
    model, model_fit_time = create_model_supervised(
  File "C:\Users\Main\anaconda3\lib\site-packages\pycaret\internal\tabular.py", line 3085, in create_model_supervised
    scores = cross_validate(
  File "C:\Users\Main\anaconda3\lib\site-packages\sklearn\model_selection\_validation.py", line 266, in cross_validate
    results = parallel(
  File "C:\Users\Main\anaconda3\lib\site-packages\joblib\parallel.py", line 1056, in __call__
    self.retrieve()
  File "C:\Users\Main\anaconda3\lib\site-packages\joblib\parallel.py", line 935, in retrieve
    self._output.extend(job.get(timeout=self.timeout))
  File "C:\Users\Main\anaconda3\lib\site-packages\joblib\_parallel_backends.py", line 542, in wrap_future_result
    return future.result(timeout=timeout)
  File "C:\Users\Main\anaconda3\lib\concurrent\futures\_base.py", line 446, in result
    return self.__get_result()
  File "C:\Users\Main\anaconda3\lib\concurrent\futures\_base.py", line 391, in __get_result
    raise self._exception
joblib.externals.loky.process_executor.BrokenProcessPool: A task has failed to un-serialize. Please ensure that the arguments of the function are all picklable.

2022-07-12 07:38:41,256:INFO:Initializing Random Forest Regressor
2022-07-12 07:38:41,256:INFO:Total runtime is 0.6788835446039836 minutes
2022-07-12 07:38:41,260:INFO:SubProcess create_model() called ==================================
2022-07-12 07:38:41,260:INFO:Initializing create_model()
2022-07-12 07:38:41,260:INFO:create_model(estimator=rf, fold=TimeSeriesSplit(gap=0, max_train_size=None, n_splits=3, test_size=None), round=4, cross_validation=True, predict=True, fit_kwargs={}, groups=None, refit=False, verbose=False, system=False, metrics=None, display=<pycaret.internal.Display.Display object at 0x0000027A585733D0>, kwargs={})
2022-07-12 07:38:41,260:INFO:Checking exceptions
2022-07-12 07:38:41,261:INFO:Importing libraries
2022-07-12 07:38:41,261:INFO:Copying training dataset
2022-07-12 07:38:41,261:INFO:Defining folds
2022-07-12 07:38:41,261:INFO:Declaring metric variables
2022-07-12 07:38:41,264:INFO:Importing untrained model
2022-07-12 07:38:41,267:INFO:Random Forest Regressor Imported succesfully
2022-07-12 07:38:41,273:INFO:Starting cross validation
2022-07-12 07:38:41,273:INFO:Cross validating with TimeSeriesSplit(gap=0, max_train_size=None, n_splits=3, test_size=None), n_jobs=-1
2022-07-12 07:38:42,939:WARNING:create_model() for rf raised an exception or returned all 0.0, trying without fit_kwargs:
2022-07-12 07:38:42,939:WARNING:joblib.externals.loky.process_executor._RemoteTraceback: 
"""
Traceback (most recent call last):
  File "C:\Users\Main\anaconda3\lib\site-packages\pandas\compat\_optional.py", line 138, in import_optional_dependency
    module = importlib.import_module(name)
  File "C:\Users\Main\anaconda3\lib\importlib\__init__.py", line 127, in import_module
    return _bootstrap._gcd_import(name[level:], package, level)
  File "<frozen importlib._bootstrap>", line 1030, in _gcd_import
  File "<frozen importlib._bootstrap>", line 1007, in _find_and_load
  File "<frozen importlib._bootstrap>", line 986, in _find_and_load_unlocked
  File "<frozen importlib._bootstrap>", line 680, in _load_unlocked
  File "<frozen importlib._bootstrap_external>", line 850, in exec_module
  File "<frozen importlib._bootstrap>", line 228, in _call_with_frames_removed
  File "C:\Users\Main\anaconda3\lib\site-packages\jinja2\__init__.py", line 12, in <module>
    from .environment import Environment
  File "C:\Users\Main\anaconda3\lib\site-packages\jinja2\environment.py", line 25, in <module>
    from .defaults import BLOCK_END_STRING
  File "C:\Users\Main\anaconda3\lib\site-packages\jinja2\defaults.py", line 3, in <module>
    from .filters import FILTERS as DEFAULT_FILTERS  # noqa: F401
  File "C:\Users\Main\anaconda3\lib\site-packages\jinja2\filters.py", line 13, in <module>
    from markupsafe import soft_unicode
ImportError: cannot import name 'soft_unicode' from 'markupsafe' (C:\Users\Main\anaconda3\lib\site-packages\markupsafe\__init__.py)

During handling of the above exception, another exception occurred:

Traceback (most recent call last):
  File "C:\Users\Main\anaconda3\lib\site-packages\joblib\externals\loky\process_executor.py", line 407, in _process_worker
    call_item = call_queue.get(block=True, timeout=timeout)
  File "C:\Users\Main\anaconda3\lib\multiprocessing\queues.py", line 122, in get
    return _ForkingPickler.loads(res)
  File "C:\Users\Main\anaconda3\lib\site-packages\pycaret\internal\pipeline.py", line 11, in <module>
    from pycaret.internal.utils import get_all_object_vars_and_properties, is_fit_var
  File "C:\Users\Main\anaconda3\lib\site-packages\pycaret\internal\utils.py", line 10, in <module>
    import pandas.io.formats.style
  File "C:\Users\Main\anaconda3\lib\site-packages\pandas\io\formats\style.py", line 52, in <module>
    jinja2 = import_optional_dependency("jinja2", extra="DataFrame.style requires jinja2.")
  File "C:\Users\Main\anaconda3\lib\site-packages\pandas\compat\_optional.py", line 141, in import_optional_dependency
    raise ImportError(msg)
ImportError: Missing optional dependency 'Jinja2'. DataFrame.style requires jinja2. Use pip or conda to install Jinja2.
"""

The above exception was the direct cause of the following exception:

Traceback (most recent call last):
  File "C:\Users\Main\anaconda3\lib\site-packages\pycaret\internal\tabular.py", line 2136, in compare_models
    model, model_fit_time = create_model_supervised(
  File "C:\Users\Main\anaconda3\lib\site-packages\pycaret\internal\tabular.py", line 3085, in create_model_supervised
    scores = cross_validate(
  File "C:\Users\Main\anaconda3\lib\site-packages\sklearn\model_selection\_validation.py", line 266, in cross_validate
    results = parallel(
  File "C:\Users\Main\anaconda3\lib\site-packages\joblib\parallel.py", line 1056, in __call__
    self.retrieve()
  File "C:\Users\Main\anaconda3\lib\site-packages\joblib\parallel.py", line 935, in retrieve
    self._output.extend(job.get(timeout=self.timeout))
  File "C:\Users\Main\anaconda3\lib\site-packages\joblib\_parallel_backends.py", line 542, in wrap_future_result
    return future.result(timeout=timeout)
  File "C:\Users\Main\anaconda3\lib\concurrent\futures\_base.py", line 446, in result
    return self.__get_result()
  File "C:\Users\Main\anaconda3\lib\concurrent\futures\_base.py", line 391, in __get_result
    raise self._exception
joblib.externals.loky.process_executor.BrokenProcessPool: A task has failed to un-serialize. Please ensure that the arguments of the function are all picklable.

2022-07-12 07:38:42,939:INFO:Initializing create_model()
2022-07-12 07:38:42,939:INFO:create_model(estimator=rf, fold=TimeSeriesSplit(gap=0, max_train_size=None, n_splits=3, test_size=None), round=4, cross_validation=True, predict=True, fit_kwargs=None, groups=None, refit=False, verbose=False, system=False, metrics=None, display=<pycaret.internal.Display.Display object at 0x0000027A585733D0>, kwargs={})
2022-07-12 07:38:42,939:INFO:Checking exceptions
2022-07-12 07:38:42,939:INFO:Importing libraries
2022-07-12 07:38:42,939:INFO:Copying training dataset
2022-07-12 07:38:42,940:INFO:Defining folds
2022-07-12 07:38:42,940:INFO:Declaring metric variables
2022-07-12 07:38:42,943:INFO:Importing untrained model
2022-07-12 07:38:42,947:INFO:Random Forest Regressor Imported succesfully
2022-07-12 07:38:42,953:INFO:Starting cross validation
2022-07-12 07:38:42,953:INFO:Cross validating with TimeSeriesSplit(gap=0, max_train_size=None, n_splits=3, test_size=None), n_jobs=-1
2022-07-12 07:38:44,638:ERROR:create_model() for rf raised an exception:
2022-07-12 07:38:44,639:ERROR:joblib.externals.loky.process_executor._RemoteTraceback: 
"""
Traceback (most recent call last):
  File "C:\Users\Main\anaconda3\lib\site-packages\pandas\compat\_optional.py", line 138, in import_optional_dependency
    module = importlib.import_module(name)
  File "C:\Users\Main\anaconda3\lib\importlib\__init__.py", line 127, in import_module
    return _bootstrap._gcd_import(name[level:], package, level)
  File "<frozen importlib._bootstrap>", line 1030, in _gcd_import
  File "<frozen importlib._bootstrap>", line 1007, in _find_and_load
  File "<frozen importlib._bootstrap>", line 986, in _find_and_load_unlocked
  File "<frozen importlib._bootstrap>", line 680, in _load_unlocked
  File "<frozen importlib._bootstrap_external>", line 850, in exec_module
  File "<frozen importlib._bootstrap>", line 228, in _call_with_frames_removed
  File "C:\Users\Main\anaconda3\lib\site-packages\jinja2\__init__.py", line 12, in <module>
    from .environment import Environment
  File "C:\Users\Main\anaconda3\lib\site-packages\jinja2\environment.py", line 25, in <module>
    from .defaults import BLOCK_END_STRING
  File "C:\Users\Main\anaconda3\lib\site-packages\jinja2\defaults.py", line 3, in <module>
    from .filters import FILTERS as DEFAULT_FILTERS  # noqa: F401
  File "C:\Users\Main\anaconda3\lib\site-packages\jinja2\filters.py", line 13, in <module>
    from markupsafe import soft_unicode
ImportError: cannot import name 'soft_unicode' from 'markupsafe' (C:\Users\Main\anaconda3\lib\site-packages\markupsafe\__init__.py)

During handling of the above exception, another exception occurred:

Traceback (most recent call last):
  File "C:\Users\Main\anaconda3\lib\site-packages\joblib\externals\loky\process_executor.py", line 407, in _process_worker
    call_item = call_queue.get(block=True, timeout=timeout)
  File "C:\Users\Main\anaconda3\lib\multiprocessing\queues.py", line 122, in get
    return _ForkingPickler.loads(res)
  File "C:\Users\Main\anaconda3\lib\site-packages\pycaret\internal\pipeline.py", line 11, in <module>
    from pycaret.internal.utils import get_all_object_vars_and_properties, is_fit_var
  File "C:\Users\Main\anaconda3\lib\site-packages\pycaret\internal\utils.py", line 10, in <module>
    import pandas.io.formats.style
  File "C:\Users\Main\anaconda3\lib\site-packages\pandas\io\formats\style.py", line 52, in <module>
    jinja2 = import_optional_dependency("jinja2", extra="DataFrame.style requires jinja2.")
  File "C:\Users\Main\anaconda3\lib\site-packages\pandas\compat\_optional.py", line 141, in import_optional_dependency
    raise ImportError(msg)
ImportError: Missing optional dependency 'Jinja2'. DataFrame.style requires jinja2. Use pip or conda to install Jinja2.
"""

The above exception was the direct cause of the following exception:

Traceback (most recent call last):
  File "C:\Users\Main\anaconda3\lib\site-packages\pycaret\internal\tabular.py", line 2156, in compare_models
    model, model_fit_time = create_model_supervised(
  File "C:\Users\Main\anaconda3\lib\site-packages\pycaret\internal\tabular.py", line 3085, in create_model_supervised
    scores = cross_validate(
  File "C:\Users\Main\anaconda3\lib\site-packages\sklearn\model_selection\_validation.py", line 266, in cross_validate
    results = parallel(
  File "C:\Users\Main\anaconda3\lib\site-packages\joblib\parallel.py", line 1056, in __call__
    self.retrieve()
  File "C:\Users\Main\anaconda3\lib\site-packages\joblib\parallel.py", line 935, in retrieve
    self._output.extend(job.get(timeout=self.timeout))
  File "C:\Users\Main\anaconda3\lib\site-packages\joblib\_parallel_backends.py", line 542, in wrap_future_result
    return future.result(timeout=timeout)
  File "C:\Users\Main\anaconda3\lib\concurrent\futures\_base.py", line 446, in result
    return self.__get_result()
  File "C:\Users\Main\anaconda3\lib\concurrent\futures\_base.py", line 391, in __get_result
    raise self._exception
joblib.externals.loky.process_executor.BrokenProcessPool: A task has failed to un-serialize. Please ensure that the arguments of the function are all picklable.

2022-07-12 07:38:44,639:INFO:Initializing Extra Trees Regressor
2022-07-12 07:38:44,639:INFO:Total runtime is 0.735266900062561 minutes
2022-07-12 07:38:44,643:INFO:SubProcess create_model() called ==================================
2022-07-12 07:38:44,643:INFO:Initializing create_model()
2022-07-12 07:38:44,643:INFO:create_model(estimator=et, fold=TimeSeriesSplit(gap=0, max_train_size=None, n_splits=3, test_size=None), round=4, cross_validation=True, predict=True, fit_kwargs={}, groups=None, refit=False, verbose=False, system=False, metrics=None, display=<pycaret.internal.Display.Display object at 0x0000027A585733D0>, kwargs={})
2022-07-12 07:38:44,643:INFO:Checking exceptions
2022-07-12 07:38:44,643:INFO:Importing libraries
2022-07-12 07:38:44,643:INFO:Copying training dataset
2022-07-12 07:38:44,643:INFO:Defining folds
2022-07-12 07:38:44,643:INFO:Declaring metric variables
2022-07-12 07:38:44,647:INFO:Importing untrained model
2022-07-12 07:38:44,651:INFO:Extra Trees Regressor Imported succesfully
2022-07-12 07:38:44,657:INFO:Starting cross validation
2022-07-12 07:38:44,657:INFO:Cross validating with TimeSeriesSplit(gap=0, max_train_size=None, n_splits=3, test_size=None), n_jobs=-1
2022-07-12 07:38:46,328:WARNING:create_model() for et raised an exception or returned all 0.0, trying without fit_kwargs:
2022-07-12 07:38:46,329:WARNING:joblib.externals.loky.process_executor._RemoteTraceback: 
"""
Traceback (most recent call last):
  File "C:\Users\Main\anaconda3\lib\site-packages\pandas\compat\_optional.py", line 138, in import_optional_dependency
    module = importlib.import_module(name)
  File "C:\Users\Main\anaconda3\lib\importlib\__init__.py", line 127, in import_module
    return _bootstrap._gcd_import(name[level:], package, level)
  File "<frozen importlib._bootstrap>", line 1030, in _gcd_import
  File "<frozen importlib._bootstrap>", line 1007, in _find_and_load
  File "<frozen importlib._bootstrap>", line 986, in _find_and_load_unlocked
  File "<frozen importlib._bootstrap>", line 680, in _load_unlocked
  File "<frozen importlib._bootstrap_external>", line 850, in exec_module
  File "<frozen importlib._bootstrap>", line 228, in _call_with_frames_removed
  File "C:\Users\Main\anaconda3\lib\site-packages\jinja2\__init__.py", line 12, in <module>
    from .environment import Environment
  File "C:\Users\Main\anaconda3\lib\site-packages\jinja2\environment.py", line 25, in <module>
    from .defaults import BLOCK_END_STRING
  File "C:\Users\Main\anaconda3\lib\site-packages\jinja2\defaults.py", line 3, in <module>
    from .filters import FILTERS as DEFAULT_FILTERS  # noqa: F401
  File "C:\Users\Main\anaconda3\lib\site-packages\jinja2\filters.py", line 13, in <module>
    from markupsafe import soft_unicode
ImportError: cannot import name 'soft_unicode' from 'markupsafe' (C:\Users\Main\anaconda3\lib\site-packages\markupsafe\__init__.py)

During handling of the above exception, another exception occurred:

Traceback (most recent call last):
  File "C:\Users\Main\anaconda3\lib\site-packages\joblib\externals\loky\process_executor.py", line 407, in _process_worker
    call_item = call_queue.get(block=True, timeout=timeout)
  File "C:\Users\Main\anaconda3\lib\multiprocessing\queues.py", line 122, in get
    return _ForkingPickler.loads(res)
  File "C:\Users\Main\anaconda3\lib\site-packages\pycaret\internal\pipeline.py", line 11, in <module>
    from pycaret.internal.utils import get_all_object_vars_and_properties, is_fit_var
  File "C:\Users\Main\anaconda3\lib\site-packages\pycaret\internal\utils.py", line 10, in <module>
    import pandas.io.formats.style
  File "C:\Users\Main\anaconda3\lib\site-packages\pandas\io\formats\style.py", line 52, in <module>
    jinja2 = import_optional_dependency("jinja2", extra="DataFrame.style requires jinja2.")
  File "C:\Users\Main\anaconda3\lib\site-packages\pandas\compat\_optional.py", line 141, in import_optional_dependency
    raise ImportError(msg)
ImportError: Missing optional dependency 'Jinja2'. DataFrame.style requires jinja2. Use pip or conda to install Jinja2.
"""

The above exception was the direct cause of the following exception:

Traceback (most recent call last):
  File "C:\Users\Main\anaconda3\lib\site-packages\pycaret\internal\tabular.py", line 2136, in compare_models
    model, model_fit_time = create_model_supervised(
  File "C:\Users\Main\anaconda3\lib\site-packages\pycaret\internal\tabular.py", line 3085, in create_model_supervised
    scores = cross_validate(
  File "C:\Users\Main\anaconda3\lib\site-packages\sklearn\model_selection\_validation.py", line 266, in cross_validate
    results = parallel(
  File "C:\Users\Main\anaconda3\lib\site-packages\joblib\parallel.py", line 1056, in __call__
    self.retrieve()
  File "C:\Users\Main\anaconda3\lib\site-packages\joblib\parallel.py", line 935, in retrieve
    self._output.extend(job.get(timeout=self.timeout))
  File "C:\Users\Main\anaconda3\lib\site-packages\joblib\_parallel_backends.py", line 542, in wrap_future_result
    return future.result(timeout=timeout)
  File "C:\Users\Main\anaconda3\lib\concurrent\futures\_base.py", line 446, in result
    return self.__get_result()
  File "C:\Users\Main\anaconda3\lib\concurrent\futures\_base.py", line 391, in __get_result
    raise self._exception
joblib.externals.loky.process_executor.BrokenProcessPool: A task has failed to un-serialize. Please ensure that the arguments of the function are all picklable.

2022-07-12 07:38:46,329:INFO:Initializing create_model()
2022-07-12 07:38:46,329:INFO:create_model(estimator=et, fold=TimeSeriesSplit(gap=0, max_train_size=None, n_splits=3, test_size=None), round=4, cross_validation=True, predict=True, fit_kwargs=None, groups=None, refit=False, verbose=False, system=False, metrics=None, display=<pycaret.internal.Display.Display object at 0x0000027A585733D0>, kwargs={})
2022-07-12 07:38:46,329:INFO:Checking exceptions
2022-07-12 07:38:46,329:INFO:Importing libraries
2022-07-12 07:38:46,329:INFO:Copying training dataset
2022-07-12 07:38:46,329:INFO:Defining folds
2022-07-12 07:38:46,330:INFO:Declaring metric variables
2022-07-12 07:38:46,333:INFO:Importing untrained model
2022-07-12 07:38:46,336:INFO:Extra Trees Regressor Imported succesfully
2022-07-12 07:38:46,343:INFO:Starting cross validation
2022-07-12 07:38:46,343:INFO:Cross validating with TimeSeriesSplit(gap=0, max_train_size=None, n_splits=3, test_size=None), n_jobs=-1
2022-07-12 07:38:48,020:ERROR:create_model() for et raised an exception:
2022-07-12 07:38:48,020:ERROR:joblib.externals.loky.process_executor._RemoteTraceback: 
"""
Traceback (most recent call last):
  File "C:\Users\Main\anaconda3\lib\site-packages\pandas\compat\_optional.py", line 138, in import_optional_dependency
    module = importlib.import_module(name)
  File "C:\Users\Main\anaconda3\lib\importlib\__init__.py", line 127, in import_module
    return _bootstrap._gcd_import(name[level:], package, level)
  File "<frozen importlib._bootstrap>", line 1030, in _gcd_import
  File "<frozen importlib._bootstrap>", line 1007, in _find_and_load
  File "<frozen importlib._bootstrap>", line 986, in _find_and_load_unlocked
  File "<frozen importlib._bootstrap>", line 680, in _load_unlocked
  File "<frozen importlib._bootstrap_external>", line 850, in exec_module
  File "<frozen importlib._bootstrap>", line 228, in _call_with_frames_removed
  File "C:\Users\Main\anaconda3\lib\site-packages\jinja2\__init__.py", line 12, in <module>
    from .environment import Environment
  File "C:\Users\Main\anaconda3\lib\site-packages\jinja2\environment.py", line 25, in <module>
    from .defaults import BLOCK_END_STRING
  File "C:\Users\Main\anaconda3\lib\site-packages\jinja2\defaults.py", line 3, in <module>
    from .filters import FILTERS as DEFAULT_FILTERS  # noqa: F401
  File "C:\Users\Main\anaconda3\lib\site-packages\jinja2\filters.py", line 13, in <module>
    from markupsafe import soft_unicode
ImportError: cannot import name 'soft_unicode' from 'markupsafe' (C:\Users\Main\anaconda3\lib\site-packages\markupsafe\__init__.py)

During handling of the above exception, another exception occurred:

Traceback (most recent call last):
  File "C:\Users\Main\anaconda3\lib\site-packages\joblib\externals\loky\process_executor.py", line 407, in _process_worker
    call_item = call_queue.get(block=True, timeout=timeout)
  File "C:\Users\Main\anaconda3\lib\multiprocessing\queues.py", line 122, in get
    return _ForkingPickler.loads(res)
  File "C:\Users\Main\anaconda3\lib\site-packages\pycaret\internal\pipeline.py", line 11, in <module>
    from pycaret.internal.utils import get_all_object_vars_and_properties, is_fit_var
  File "C:\Users\Main\anaconda3\lib\site-packages\pycaret\internal\utils.py", line 10, in <module>
    import pandas.io.formats.style
  File "C:\Users\Main\anaconda3\lib\site-packages\pandas\io\formats\style.py", line 52, in <module>
    jinja2 = import_optional_dependency("jinja2", extra="DataFrame.style requires jinja2.")
  File "C:\Users\Main\anaconda3\lib\site-packages\pandas\compat\_optional.py", line 141, in import_optional_dependency
    raise ImportError(msg)
ImportError: Missing optional dependency 'Jinja2'. DataFrame.style requires jinja2. Use pip or conda to install Jinja2.
"""

The above exception was the direct cause of the following exception:

Traceback (most recent call last):
  File "C:\Users\Main\anaconda3\lib\site-packages\pycaret\internal\tabular.py", line 2156, in compare_models
    model, model_fit_time = create_model_supervised(
  File "C:\Users\Main\anaconda3\lib\site-packages\pycaret\internal\tabular.py", line 3085, in create_model_supervised
    scores = cross_validate(
  File "C:\Users\Main\anaconda3\lib\site-packages\sklearn\model_selection\_validation.py", line 266, in cross_validate
    results = parallel(
  File "C:\Users\Main\anaconda3\lib\site-packages\joblib\parallel.py", line 1056, in __call__
    self.retrieve()
  File "C:\Users\Main\anaconda3\lib\site-packages\joblib\parallel.py", line 935, in retrieve
    self._output.extend(job.get(timeout=self.timeout))
  File "C:\Users\Main\anaconda3\lib\site-packages\joblib\_parallel_backends.py", line 542, in wrap_future_result
    return future.result(timeout=timeout)
  File "C:\Users\Main\anaconda3\lib\concurrent\futures\_base.py", line 446, in result
    return self.__get_result()
  File "C:\Users\Main\anaconda3\lib\concurrent\futures\_base.py", line 391, in __get_result
    raise self._exception
joblib.externals.loky.process_executor.BrokenProcessPool: A task has failed to un-serialize. Please ensure that the arguments of the function are all picklable.

2022-07-12 07:38:48,020:INFO:Initializing AdaBoost Regressor
2022-07-12 07:38:48,020:INFO:Total runtime is 0.79161110719045 minutes
2022-07-12 07:38:48,024:INFO:SubProcess create_model() called ==================================
2022-07-12 07:38:48,024:INFO:Initializing create_model()
2022-07-12 07:38:48,024:INFO:create_model(estimator=ada, fold=TimeSeriesSplit(gap=0, max_train_size=None, n_splits=3, test_size=None), round=4, cross_validation=True, predict=True, fit_kwargs={}, groups=None, refit=False, verbose=False, system=False, metrics=None, display=<pycaret.internal.Display.Display object at 0x0000027A585733D0>, kwargs={})
2022-07-12 07:38:48,024:INFO:Checking exceptions
2022-07-12 07:38:48,024:INFO:Importing libraries
2022-07-12 07:38:48,024:INFO:Copying training dataset
2022-07-12 07:38:48,025:INFO:Defining folds
2022-07-12 07:38:48,025:INFO:Declaring metric variables
2022-07-12 07:38:48,028:INFO:Importing untrained model
2022-07-12 07:38:48,032:INFO:AdaBoost Regressor Imported succesfully
2022-07-12 07:38:48,038:INFO:Starting cross validation
2022-07-12 07:38:48,038:INFO:Cross validating with TimeSeriesSplit(gap=0, max_train_size=None, n_splits=3, test_size=None), n_jobs=-1
2022-07-12 07:38:49,709:WARNING:create_model() for ada raised an exception or returned all 0.0, trying without fit_kwargs:
2022-07-12 07:38:49,709:WARNING:joblib.externals.loky.process_executor._RemoteTraceback: 
"""
Traceback (most recent call last):
  File "C:\Users\Main\anaconda3\lib\site-packages\pandas\compat\_optional.py", line 138, in import_optional_dependency
    module = importlib.import_module(name)
  File "C:\Users\Main\anaconda3\lib\importlib\__init__.py", line 127, in import_module
    return _bootstrap._gcd_import(name[level:], package, level)
  File "<frozen importlib._bootstrap>", line 1030, in _gcd_import
  File "<frozen importlib._bootstrap>", line 1007, in _find_and_load
  File "<frozen importlib._bootstrap>", line 986, in _find_and_load_unlocked
  File "<frozen importlib._bootstrap>", line 680, in _load_unlocked
  File "<frozen importlib._bootstrap_external>", line 850, in exec_module
  File "<frozen importlib._bootstrap>", line 228, in _call_with_frames_removed
  File "C:\Users\Main\anaconda3\lib\site-packages\jinja2\__init__.py", line 12, in <module>
    from .environment import Environment
  File "C:\Users\Main\anaconda3\lib\site-packages\jinja2\environment.py", line 25, in <module>
    from .defaults import BLOCK_END_STRING
  File "C:\Users\Main\anaconda3\lib\site-packages\jinja2\defaults.py", line 3, in <module>
    from .filters import FILTERS as DEFAULT_FILTERS  # noqa: F401
  File "C:\Users\Main\anaconda3\lib\site-packages\jinja2\filters.py", line 13, in <module>
    from markupsafe import soft_unicode
ImportError: cannot import name 'soft_unicode' from 'markupsafe' (C:\Users\Main\anaconda3\lib\site-packages\markupsafe\__init__.py)

During handling of the above exception, another exception occurred:

Traceback (most recent call last):
  File "C:\Users\Main\anaconda3\lib\site-packages\joblib\externals\loky\process_executor.py", line 407, in _process_worker
    call_item = call_queue.get(block=True, timeout=timeout)
  File "C:\Users\Main\anaconda3\lib\multiprocessing\queues.py", line 122, in get
    return _ForkingPickler.loads(res)
  File "C:\Users\Main\anaconda3\lib\site-packages\pycaret\internal\pipeline.py", line 11, in <module>
    from pycaret.internal.utils import get_all_object_vars_and_properties, is_fit_var
  File "C:\Users\Main\anaconda3\lib\site-packages\pycaret\internal\utils.py", line 10, in <module>
    import pandas.io.formats.style
  File "C:\Users\Main\anaconda3\lib\site-packages\pandas\io\formats\style.py", line 52, in <module>
    jinja2 = import_optional_dependency("jinja2", extra="DataFrame.style requires jinja2.")
  File "C:\Users\Main\anaconda3\lib\site-packages\pandas\compat\_optional.py", line 141, in import_optional_dependency
    raise ImportError(msg)
ImportError: Missing optional dependency 'Jinja2'. DataFrame.style requires jinja2. Use pip or conda to install Jinja2.
"""

The above exception was the direct cause of the following exception:

Traceback (most recent call last):
  File "C:\Users\Main\anaconda3\lib\site-packages\pycaret\internal\tabular.py", line 2136, in compare_models
    model, model_fit_time = create_model_supervised(
  File "C:\Users\Main\anaconda3\lib\site-packages\pycaret\internal\tabular.py", line 3085, in create_model_supervised
    scores = cross_validate(
  File "C:\Users\Main\anaconda3\lib\site-packages\sklearn\model_selection\_validation.py", line 266, in cross_validate
    results = parallel(
  File "C:\Users\Main\anaconda3\lib\site-packages\joblib\parallel.py", line 1056, in __call__
    self.retrieve()
  File "C:\Users\Main\anaconda3\lib\site-packages\joblib\parallel.py", line 935, in retrieve
    self._output.extend(job.get(timeout=self.timeout))
  File "C:\Users\Main\anaconda3\lib\site-packages\joblib\_parallel_backends.py", line 542, in wrap_future_result
    return future.result(timeout=timeout)
  File "C:\Users\Main\anaconda3\lib\concurrent\futures\_base.py", line 446, in result
    return self.__get_result()
  File "C:\Users\Main\anaconda3\lib\concurrent\futures\_base.py", line 391, in __get_result
    raise self._exception
joblib.externals.loky.process_executor.BrokenProcessPool: A task has failed to un-serialize. Please ensure that the arguments of the function are all picklable.

2022-07-12 07:38:49,710:INFO:Initializing create_model()
2022-07-12 07:38:49,710:INFO:create_model(estimator=ada, fold=TimeSeriesSplit(gap=0, max_train_size=None, n_splits=3, test_size=None), round=4, cross_validation=True, predict=True, fit_kwargs=None, groups=None, refit=False, verbose=False, system=False, metrics=None, display=<pycaret.internal.Display.Display object at 0x0000027A585733D0>, kwargs={})
2022-07-12 07:38:49,710:INFO:Checking exceptions
2022-07-12 07:38:49,710:INFO:Importing libraries
2022-07-12 07:38:49,710:INFO:Copying training dataset
2022-07-12 07:38:49,710:INFO:Defining folds
2022-07-12 07:38:49,711:INFO:Declaring metric variables
2022-07-12 07:38:49,714:INFO:Importing untrained model
2022-07-12 07:38:49,718:INFO:AdaBoost Regressor Imported succesfully
2022-07-12 07:38:49,725:INFO:Starting cross validation
2022-07-12 07:38:49,725:INFO:Cross validating with TimeSeriesSplit(gap=0, max_train_size=None, n_splits=3, test_size=None), n_jobs=-1
2022-07-12 07:38:51,366:ERROR:create_model() for ada raised an exception:
2022-07-12 07:38:51,367:ERROR:joblib.externals.loky.process_executor._RemoteTraceback: 
"""
Traceback (most recent call last):
  File "C:\Users\Main\anaconda3\lib\site-packages\pandas\compat\_optional.py", line 138, in import_optional_dependency
    module = importlib.import_module(name)
  File "C:\Users\Main\anaconda3\lib\importlib\__init__.py", line 127, in import_module
    return _bootstrap._gcd_import(name[level:], package, level)
  File "<frozen importlib._bootstrap>", line 1030, in _gcd_import
  File "<frozen importlib._bootstrap>", line 1007, in _find_and_load
  File "<frozen importlib._bootstrap>", line 986, in _find_and_load_unlocked
  File "<frozen importlib._bootstrap>", line 680, in _load_unlocked
  File "<frozen importlib._bootstrap_external>", line 850, in exec_module
  File "<frozen importlib._bootstrap>", line 228, in _call_with_frames_removed
  File "C:\Users\Main\anaconda3\lib\site-packages\jinja2\__init__.py", line 12, in <module>
    from .environment import Environment
  File "C:\Users\Main\anaconda3\lib\site-packages\jinja2\environment.py", line 25, in <module>
    from .defaults import BLOCK_END_STRING
  File "C:\Users\Main\anaconda3\lib\site-packages\jinja2\defaults.py", line 3, in <module>
    from .filters import FILTERS as DEFAULT_FILTERS  # noqa: F401
  File "C:\Users\Main\anaconda3\lib\site-packages\jinja2\filters.py", line 13, in <module>
    from markupsafe import soft_unicode
ImportError: cannot import name 'soft_unicode' from 'markupsafe' (C:\Users\Main\anaconda3\lib\site-packages\markupsafe\__init__.py)

During handling of the above exception, another exception occurred:

Traceback (most recent call last):
  File "C:\Users\Main\anaconda3\lib\site-packages\joblib\externals\loky\process_executor.py", line 407, in _process_worker
    call_item = call_queue.get(block=True, timeout=timeout)
  File "C:\Users\Main\anaconda3\lib\multiprocessing\queues.py", line 122, in get
    return _ForkingPickler.loads(res)
  File "C:\Users\Main\anaconda3\lib\site-packages\pycaret\internal\pipeline.py", line 11, in <module>
    from pycaret.internal.utils import get_all_object_vars_and_properties, is_fit_var
  File "C:\Users\Main\anaconda3\lib\site-packages\pycaret\internal\utils.py", line 10, in <module>
    import pandas.io.formats.style
  File "C:\Users\Main\anaconda3\lib\site-packages\pandas\io\formats\style.py", line 52, in <module>
    jinja2 = import_optional_dependency("jinja2", extra="DataFrame.style requires jinja2.")
  File "C:\Users\Main\anaconda3\lib\site-packages\pandas\compat\_optional.py", line 141, in import_optional_dependency
    raise ImportError(msg)
ImportError: Missing optional dependency 'Jinja2'. DataFrame.style requires jinja2. Use pip or conda to install Jinja2.
"""

The above exception was the direct cause of the following exception:

Traceback (most recent call last):
  File "C:\Users\Main\anaconda3\lib\site-packages\pycaret\internal\tabular.py", line 2156, in compare_models
    model, model_fit_time = create_model_supervised(
  File "C:\Users\Main\anaconda3\lib\site-packages\pycaret\internal\tabular.py", line 3085, in create_model_supervised
    scores = cross_validate(
  File "C:\Users\Main\anaconda3\lib\site-packages\sklearn\model_selection\_validation.py", line 266, in cross_validate
    results = parallel(
  File "C:\Users\Main\anaconda3\lib\site-packages\joblib\parallel.py", line 1056, in __call__
    self.retrieve()
  File "C:\Users\Main\anaconda3\lib\site-packages\joblib\parallel.py", line 935, in retrieve
    self._output.extend(job.get(timeout=self.timeout))
  File "C:\Users\Main\anaconda3\lib\site-packages\joblib\_parallel_backends.py", line 542, in wrap_future_result
    return future.result(timeout=timeout)
  File "C:\Users\Main\anaconda3\lib\concurrent\futures\_base.py", line 446, in result
    return self.__get_result()
  File "C:\Users\Main\anaconda3\lib\concurrent\futures\_base.py", line 391, in __get_result
    raise self._exception
joblib.externals.loky.process_executor.BrokenProcessPool: A task has failed to un-serialize. Please ensure that the arguments of the function are all picklable.

2022-07-12 07:38:51,367:INFO:Initializing Gradient Boosting Regressor
2022-07-12 07:38:51,367:INFO:Total runtime is 0.8474047025044759 minutes
2022-07-12 07:38:51,371:INFO:SubProcess create_model() called ==================================
2022-07-12 07:38:51,371:INFO:Initializing create_model()
2022-07-12 07:38:51,371:INFO:create_model(estimator=gbr, fold=TimeSeriesSplit(gap=0, max_train_size=None, n_splits=3, test_size=None), round=4, cross_validation=True, predict=True, fit_kwargs={}, groups=None, refit=False, verbose=False, system=False, metrics=None, display=<pycaret.internal.Display.Display object at 0x0000027A585733D0>, kwargs={})
2022-07-12 07:38:51,371:INFO:Checking exceptions
2022-07-12 07:38:51,371:INFO:Importing libraries
2022-07-12 07:38:51,371:INFO:Copying training dataset
2022-07-12 07:38:51,372:INFO:Defining folds
2022-07-12 07:38:51,372:INFO:Declaring metric variables
2022-07-12 07:38:51,375:INFO:Importing untrained model
2022-07-12 07:38:51,378:INFO:Gradient Boosting Regressor Imported succesfully
2022-07-12 07:38:51,385:INFO:Starting cross validation
2022-07-12 07:38:51,385:INFO:Cross validating with TimeSeriesSplit(gap=0, max_train_size=None, n_splits=3, test_size=None), n_jobs=-1
2022-07-12 07:38:53,038:WARNING:create_model() for gbr raised an exception or returned all 0.0, trying without fit_kwargs:
2022-07-12 07:38:53,039:WARNING:joblib.externals.loky.process_executor._RemoteTraceback: 
"""
Traceback (most recent call last):
  File "C:\Users\Main\anaconda3\lib\site-packages\pandas\compat\_optional.py", line 138, in import_optional_dependency
    module = importlib.import_module(name)
  File "C:\Users\Main\anaconda3\lib\importlib\__init__.py", line 127, in import_module
    return _bootstrap._gcd_import(name[level:], package, level)
  File "<frozen importlib._bootstrap>", line 1030, in _gcd_import
  File "<frozen importlib._bootstrap>", line 1007, in _find_and_load
  File "<frozen importlib._bootstrap>", line 986, in _find_and_load_unlocked
  File "<frozen importlib._bootstrap>", line 680, in _load_unlocked
  File "<frozen importlib._bootstrap_external>", line 850, in exec_module
  File "<frozen importlib._bootstrap>", line 228, in _call_with_frames_removed
  File "C:\Users\Main\anaconda3\lib\site-packages\jinja2\__init__.py", line 12, in <module>
    from .environment import Environment
  File "C:\Users\Main\anaconda3\lib\site-packages\jinja2\environment.py", line 25, in <module>
    from .defaults import BLOCK_END_STRING
  File "C:\Users\Main\anaconda3\lib\site-packages\jinja2\defaults.py", line 3, in <module>
    from .filters import FILTERS as DEFAULT_FILTERS  # noqa: F401
  File "C:\Users\Main\anaconda3\lib\site-packages\jinja2\filters.py", line 13, in <module>
    from markupsafe import soft_unicode
ImportError: cannot import name 'soft_unicode' from 'markupsafe' (C:\Users\Main\anaconda3\lib\site-packages\markupsafe\__init__.py)

During handling of the above exception, another exception occurred:

Traceback (most recent call last):
  File "C:\Users\Main\anaconda3\lib\site-packages\joblib\externals\loky\process_executor.py", line 407, in _process_worker
    call_item = call_queue.get(block=True, timeout=timeout)
  File "C:\Users\Main\anaconda3\lib\multiprocessing\queues.py", line 122, in get
    return _ForkingPickler.loads(res)
  File "C:\Users\Main\anaconda3\lib\site-packages\pycaret\internal\pipeline.py", line 11, in <module>
    from pycaret.internal.utils import get_all_object_vars_and_properties, is_fit_var
  File "C:\Users\Main\anaconda3\lib\site-packages\pycaret\internal\utils.py", line 10, in <module>
    import pandas.io.formats.style
  File "C:\Users\Main\anaconda3\lib\site-packages\pandas\io\formats\style.py", line 52, in <module>
    jinja2 = import_optional_dependency("jinja2", extra="DataFrame.style requires jinja2.")
  File "C:\Users\Main\anaconda3\lib\site-packages\pandas\compat\_optional.py", line 141, in import_optional_dependency
    raise ImportError(msg)
ImportError: Missing optional dependency 'Jinja2'. DataFrame.style requires jinja2. Use pip or conda to install Jinja2.
"""

The above exception was the direct cause of the following exception:

Traceback (most recent call last):
  File "C:\Users\Main\anaconda3\lib\site-packages\pycaret\internal\tabular.py", line 2136, in compare_models
    model, model_fit_time = create_model_supervised(
  File "C:\Users\Main\anaconda3\lib\site-packages\pycaret\internal\tabular.py", line 3085, in create_model_supervised
    scores = cross_validate(
  File "C:\Users\Main\anaconda3\lib\site-packages\sklearn\model_selection\_validation.py", line 266, in cross_validate
    results = parallel(
  File "C:\Users\Main\anaconda3\lib\site-packages\joblib\parallel.py", line 1056, in __call__
    self.retrieve()
  File "C:\Users\Main\anaconda3\lib\site-packages\joblib\parallel.py", line 935, in retrieve
    self._output.extend(job.get(timeout=self.timeout))
  File "C:\Users\Main\anaconda3\lib\site-packages\joblib\_parallel_backends.py", line 542, in wrap_future_result
    return future.result(timeout=timeout)
  File "C:\Users\Main\anaconda3\lib\concurrent\futures\_base.py", line 446, in result
    return self.__get_result()
  File "C:\Users\Main\anaconda3\lib\concurrent\futures\_base.py", line 391, in __get_result
    raise self._exception
joblib.externals.loky.process_executor.BrokenProcessPool: A task has failed to un-serialize. Please ensure that the arguments of the function are all picklable.

2022-07-12 07:38:53,039:INFO:Initializing create_model()
2022-07-12 07:38:53,039:INFO:create_model(estimator=gbr, fold=TimeSeriesSplit(gap=0, max_train_size=None, n_splits=3, test_size=None), round=4, cross_validation=True, predict=True, fit_kwargs=None, groups=None, refit=False, verbose=False, system=False, metrics=None, display=<pycaret.internal.Display.Display object at 0x0000027A585733D0>, kwargs={})
2022-07-12 07:38:53,039:INFO:Checking exceptions
2022-07-12 07:38:53,039:INFO:Importing libraries
2022-07-12 07:38:53,039:INFO:Copying training dataset
2022-07-12 07:38:53,040:INFO:Defining folds
2022-07-12 07:38:53,040:INFO:Declaring metric variables
2022-07-12 07:38:53,044:INFO:Importing untrained model
2022-07-12 07:38:53,047:INFO:Gradient Boosting Regressor Imported succesfully
2022-07-12 07:38:53,054:INFO:Starting cross validation
2022-07-12 07:38:53,054:INFO:Cross validating with TimeSeriesSplit(gap=0, max_train_size=None, n_splits=3, test_size=None), n_jobs=-1
2022-07-12 07:38:54,723:ERROR:create_model() for gbr raised an exception:
2022-07-12 07:38:54,723:ERROR:joblib.externals.loky.process_executor._RemoteTraceback: 
"""
Traceback (most recent call last):
  File "C:\Users\Main\anaconda3\lib\site-packages\pandas\compat\_optional.py", line 138, in import_optional_dependency
    module = importlib.import_module(name)
  File "C:\Users\Main\anaconda3\lib\importlib\__init__.py", line 127, in import_module
    return _bootstrap._gcd_import(name[level:], package, level)
  File "<frozen importlib._bootstrap>", line 1030, in _gcd_import
  File "<frozen importlib._bootstrap>", line 1007, in _find_and_load
  File "<frozen importlib._bootstrap>", line 986, in _find_and_load_unlocked
  File "<frozen importlib._bootstrap>", line 680, in _load_unlocked
  File "<frozen importlib._bootstrap_external>", line 850, in exec_module
  File "<frozen importlib._bootstrap>", line 228, in _call_with_frames_removed
  File "C:\Users\Main\anaconda3\lib\site-packages\jinja2\__init__.py", line 12, in <module>
    from .environment import Environment
  File "C:\Users\Main\anaconda3\lib\site-packages\jinja2\environment.py", line 25, in <module>
    from .defaults import BLOCK_END_STRING
  File "C:\Users\Main\anaconda3\lib\site-packages\jinja2\defaults.py", line 3, in <module>
    from .filters import FILTERS as DEFAULT_FILTERS  # noqa: F401
  File "C:\Users\Main\anaconda3\lib\site-packages\jinja2\filters.py", line 13, in <module>
    from markupsafe import soft_unicode
ImportError: cannot import name 'soft_unicode' from 'markupsafe' (C:\Users\Main\anaconda3\lib\site-packages\markupsafe\__init__.py)

During handling of the above exception, another exception occurred:

Traceback (most recent call last):
  File "C:\Users\Main\anaconda3\lib\site-packages\joblib\externals\loky\process_executor.py", line 407, in _process_worker
    call_item = call_queue.get(block=True, timeout=timeout)
  File "C:\Users\Main\anaconda3\lib\multiprocessing\queues.py", line 122, in get
    return _ForkingPickler.loads(res)
  File "C:\Users\Main\anaconda3\lib\site-packages\pycaret\internal\pipeline.py", line 11, in <module>
    from pycaret.internal.utils import get_all_object_vars_and_properties, is_fit_var
  File "C:\Users\Main\anaconda3\lib\site-packages\pycaret\internal\utils.py", line 10, in <module>
    import pandas.io.formats.style
  File "C:\Users\Main\anaconda3\lib\site-packages\pandas\io\formats\style.py", line 52, in <module>
    jinja2 = import_optional_dependency("jinja2", extra="DataFrame.style requires jinja2.")
  File "C:\Users\Main\anaconda3\lib\site-packages\pandas\compat\_optional.py", line 141, in import_optional_dependency
    raise ImportError(msg)
ImportError: Missing optional dependency 'Jinja2'. DataFrame.style requires jinja2. Use pip or conda to install Jinja2.
"""

The above exception was the direct cause of the following exception:

Traceback (most recent call last):
  File "C:\Users\Main\anaconda3\lib\site-packages\pycaret\internal\tabular.py", line 2156, in compare_models
    model, model_fit_time = create_model_supervised(
  File "C:\Users\Main\anaconda3\lib\site-packages\pycaret\internal\tabular.py", line 3085, in create_model_supervised
    scores = cross_validate(
  File "C:\Users\Main\anaconda3\lib\site-packages\sklearn\model_selection\_validation.py", line 266, in cross_validate
    results = parallel(
  File "C:\Users\Main\anaconda3\lib\site-packages\joblib\parallel.py", line 1056, in __call__
    self.retrieve()
  File "C:\Users\Main\anaconda3\lib\site-packages\joblib\parallel.py", line 935, in retrieve
    self._output.extend(job.get(timeout=self.timeout))
  File "C:\Users\Main\anaconda3\lib\site-packages\joblib\_parallel_backends.py", line 542, in wrap_future_result
    return future.result(timeout=timeout)
  File "C:\Users\Main\anaconda3\lib\concurrent\futures\_base.py", line 446, in result
    return self.__get_result()
  File "C:\Users\Main\anaconda3\lib\concurrent\futures\_base.py", line 391, in __get_result
    raise self._exception
joblib.externals.loky.process_executor.BrokenProcessPool: A task has failed to un-serialize. Please ensure that the arguments of the function are all picklable.

2022-07-12 07:38:54,723:INFO:Initializing Extreme Gradient Boosting
2022-07-12 07:38:54,724:INFO:Total runtime is 0.9033503055572509 minutes
2022-07-12 07:38:54,727:INFO:SubProcess create_model() called ==================================
2022-07-12 07:38:54,728:INFO:Initializing create_model()
2022-07-12 07:38:54,728:INFO:create_model(estimator=xgboost, fold=TimeSeriesSplit(gap=0, max_train_size=None, n_splits=3, test_size=None), round=4, cross_validation=True, predict=True, fit_kwargs={}, groups=None, refit=False, verbose=False, system=False, metrics=None, display=<pycaret.internal.Display.Display object at 0x0000027A585733D0>, kwargs={})
2022-07-12 07:38:54,728:INFO:Checking exceptions
2022-07-12 07:38:54,728:INFO:Importing libraries
2022-07-12 07:38:54,728:INFO:Copying training dataset
2022-07-12 07:38:54,728:INFO:Defining folds
2022-07-12 07:38:54,728:INFO:Declaring metric variables
2022-07-12 07:38:54,731:INFO:Importing untrained model
2022-07-12 07:38:54,734:INFO:Extreme Gradient Boosting Imported succesfully
2022-07-12 07:38:54,741:INFO:Starting cross validation
2022-07-12 07:38:54,741:INFO:Cross validating with TimeSeriesSplit(gap=0, max_train_size=None, n_splits=3, test_size=None), n_jobs=-1
2022-07-12 07:38:56,391:WARNING:create_model() for xgboost raised an exception or returned all 0.0, trying without fit_kwargs:
2022-07-12 07:38:56,391:WARNING:joblib.externals.loky.process_executor._RemoteTraceback: 
"""
Traceback (most recent call last):
  File "C:\Users\Main\anaconda3\lib\site-packages\pandas\compat\_optional.py", line 138, in import_optional_dependency
    module = importlib.import_module(name)
  File "C:\Users\Main\anaconda3\lib\importlib\__init__.py", line 127, in import_module
    return _bootstrap._gcd_import(name[level:], package, level)
  File "<frozen importlib._bootstrap>", line 1030, in _gcd_import
  File "<frozen importlib._bootstrap>", line 1007, in _find_and_load
  File "<frozen importlib._bootstrap>", line 986, in _find_and_load_unlocked
  File "<frozen importlib._bootstrap>", line 680, in _load_unlocked
  File "<frozen importlib._bootstrap_external>", line 850, in exec_module
  File "<frozen importlib._bootstrap>", line 228, in _call_with_frames_removed
  File "C:\Users\Main\anaconda3\lib\site-packages\jinja2\__init__.py", line 12, in <module>
    from .environment import Environment
  File "C:\Users\Main\anaconda3\lib\site-packages\jinja2\environment.py", line 25, in <module>
    from .defaults import BLOCK_END_STRING
  File "C:\Users\Main\anaconda3\lib\site-packages\jinja2\defaults.py", line 3, in <module>
    from .filters import FILTERS as DEFAULT_FILTERS  # noqa: F401
  File "C:\Users\Main\anaconda3\lib\site-packages\jinja2\filters.py", line 13, in <module>
    from markupsafe import soft_unicode
ImportError: cannot import name 'soft_unicode' from 'markupsafe' (C:\Users\Main\anaconda3\lib\site-packages\markupsafe\__init__.py)

During handling of the above exception, another exception occurred:

Traceback (most recent call last):
  File "C:\Users\Main\anaconda3\lib\site-packages\joblib\externals\loky\process_executor.py", line 407, in _process_worker
    call_item = call_queue.get(block=True, timeout=timeout)
  File "C:\Users\Main\anaconda3\lib\multiprocessing\queues.py", line 122, in get
    return _ForkingPickler.loads(res)
  File "C:\Users\Main\anaconda3\lib\site-packages\pycaret\internal\pipeline.py", line 11, in <module>
    from pycaret.internal.utils import get_all_object_vars_and_properties, is_fit_var
  File "C:\Users\Main\anaconda3\lib\site-packages\pycaret\internal\utils.py", line 10, in <module>
    import pandas.io.formats.style
  File "C:\Users\Main\anaconda3\lib\site-packages\pandas\io\formats\style.py", line 52, in <module>
    jinja2 = import_optional_dependency("jinja2", extra="DataFrame.style requires jinja2.")
  File "C:\Users\Main\anaconda3\lib\site-packages\pandas\compat\_optional.py", line 141, in import_optional_dependency
    raise ImportError(msg)
ImportError: Missing optional dependency 'Jinja2'. DataFrame.style requires jinja2. Use pip or conda to install Jinja2.
"""

The above exception was the direct cause of the following exception:

Traceback (most recent call last):
  File "C:\Users\Main\anaconda3\lib\site-packages\pycaret\internal\tabular.py", line 2136, in compare_models
    model, model_fit_time = create_model_supervised(
  File "C:\Users\Main\anaconda3\lib\site-packages\pycaret\internal\tabular.py", line 3085, in create_model_supervised
    scores = cross_validate(
  File "C:\Users\Main\anaconda3\lib\site-packages\sklearn\model_selection\_validation.py", line 266, in cross_validate
    results = parallel(
  File "C:\Users\Main\anaconda3\lib\site-packages\joblib\parallel.py", line 1056, in __call__
    self.retrieve()
  File "C:\Users\Main\anaconda3\lib\site-packages\joblib\parallel.py", line 935, in retrieve
    self._output.extend(job.get(timeout=self.timeout))
  File "C:\Users\Main\anaconda3\lib\site-packages\joblib\_parallel_backends.py", line 542, in wrap_future_result
    return future.result(timeout=timeout)
  File "C:\Users\Main\anaconda3\lib\concurrent\futures\_base.py", line 446, in result
    return self.__get_result()
  File "C:\Users\Main\anaconda3\lib\concurrent\futures\_base.py", line 391, in __get_result
    raise self._exception
joblib.externals.loky.process_executor.BrokenProcessPool: A task has failed to un-serialize. Please ensure that the arguments of the function are all picklable.

2022-07-12 07:38:56,392:INFO:Initializing create_model()
2022-07-12 07:38:56,392:INFO:create_model(estimator=xgboost, fold=TimeSeriesSplit(gap=0, max_train_size=None, n_splits=3, test_size=None), round=4, cross_validation=True, predict=True, fit_kwargs=None, groups=None, refit=False, verbose=False, system=False, metrics=None, display=<pycaret.internal.Display.Display object at 0x0000027A585733D0>, kwargs={})
2022-07-12 07:38:56,392:INFO:Checking exceptions
2022-07-12 07:38:56,392:INFO:Importing libraries
2022-07-12 07:38:56,392:INFO:Copying training dataset
2022-07-12 07:38:56,392:INFO:Defining folds
2022-07-12 07:38:56,392:INFO:Declaring metric variables
2022-07-12 07:38:56,396:INFO:Importing untrained model
2022-07-12 07:38:56,399:INFO:Extreme Gradient Boosting Imported succesfully
2022-07-12 07:38:56,405:INFO:Starting cross validation
2022-07-12 07:38:56,406:INFO:Cross validating with TimeSeriesSplit(gap=0, max_train_size=None, n_splits=3, test_size=None), n_jobs=-1
2022-07-12 07:38:58,053:ERROR:create_model() for xgboost raised an exception:
2022-07-12 07:38:58,053:ERROR:joblib.externals.loky.process_executor._RemoteTraceback: 
"""
Traceback (most recent call last):
  File "C:\Users\Main\anaconda3\lib\site-packages\pandas\compat\_optional.py", line 138, in import_optional_dependency
    module = importlib.import_module(name)
  File "C:\Users\Main\anaconda3\lib\importlib\__init__.py", line 127, in import_module
    return _bootstrap._gcd_import(name[level:], package, level)
  File "<frozen importlib._bootstrap>", line 1030, in _gcd_import
  File "<frozen importlib._bootstrap>", line 1007, in _find_and_load
  File "<frozen importlib._bootstrap>", line 986, in _find_and_load_unlocked
  File "<frozen importlib._bootstrap>", line 680, in _load_unlocked
  File "<frozen importlib._bootstrap_external>", line 850, in exec_module
  File "<frozen importlib._bootstrap>", line 228, in _call_with_frames_removed
  File "C:\Users\Main\anaconda3\lib\site-packages\jinja2\__init__.py", line 12, in <module>
    from .environment import Environment
  File "C:\Users\Main\anaconda3\lib\site-packages\jinja2\environment.py", line 25, in <module>
    from .defaults import BLOCK_END_STRING
  File "C:\Users\Main\anaconda3\lib\site-packages\jinja2\defaults.py", line 3, in <module>
    from .filters import FILTERS as DEFAULT_FILTERS  # noqa: F401
  File "C:\Users\Main\anaconda3\lib\site-packages\jinja2\filters.py", line 13, in <module>
    from markupsafe import soft_unicode
ImportError: cannot import name 'soft_unicode' from 'markupsafe' (C:\Users\Main\anaconda3\lib\site-packages\markupsafe\__init__.py)

During handling of the above exception, another exception occurred:

Traceback (most recent call last):
  File "C:\Users\Main\anaconda3\lib\site-packages\joblib\externals\loky\process_executor.py", line 407, in _process_worker
    call_item = call_queue.get(block=True, timeout=timeout)
  File "C:\Users\Main\anaconda3\lib\multiprocessing\queues.py", line 122, in get
    return _ForkingPickler.loads(res)
  File "C:\Users\Main\anaconda3\lib\site-packages\pycaret\internal\pipeline.py", line 11, in <module>
    from pycaret.internal.utils import get_all_object_vars_and_properties, is_fit_var
  File "C:\Users\Main\anaconda3\lib\site-packages\pycaret\internal\utils.py", line 10, in <module>
    import pandas.io.formats.style
  File "C:\Users\Main\anaconda3\lib\site-packages\pandas\io\formats\style.py", line 52, in <module>
    jinja2 = import_optional_dependency("jinja2", extra="DataFrame.style requires jinja2.")
  File "C:\Users\Main\anaconda3\lib\site-packages\pandas\compat\_optional.py", line 141, in import_optional_dependency
    raise ImportError(msg)
ImportError: Missing optional dependency 'Jinja2'. DataFrame.style requires jinja2. Use pip or conda to install Jinja2.
"""

The above exception was the direct cause of the following exception:

Traceback (most recent call last):
  File "C:\Users\Main\anaconda3\lib\site-packages\pycaret\internal\tabular.py", line 2156, in compare_models
    model, model_fit_time = create_model_supervised(
  File "C:\Users\Main\anaconda3\lib\site-packages\pycaret\internal\tabular.py", line 3085, in create_model_supervised
    scores = cross_validate(
  File "C:\Users\Main\anaconda3\lib\site-packages\sklearn\model_selection\_validation.py", line 266, in cross_validate
    results = parallel(
  File "C:\Users\Main\anaconda3\lib\site-packages\joblib\parallel.py", line 1056, in __call__
    self.retrieve()
  File "C:\Users\Main\anaconda3\lib\site-packages\joblib\parallel.py", line 935, in retrieve
    self._output.extend(job.get(timeout=self.timeout))
  File "C:\Users\Main\anaconda3\lib\site-packages\joblib\_parallel_backends.py", line 542, in wrap_future_result
    return future.result(timeout=timeout)
  File "C:\Users\Main\anaconda3\lib\concurrent\futures\_base.py", line 446, in result
    return self.__get_result()
  File "C:\Users\Main\anaconda3\lib\concurrent\futures\_base.py", line 391, in __get_result
    raise self._exception
joblib.externals.loky.process_executor.BrokenProcessPool: A task has failed to un-serialize. Please ensure that the arguments of the function are all picklable.

2022-07-12 07:38:58,053:INFO:Initializing Light Gradient Boosting Machine
2022-07-12 07:38:58,053:INFO:Total runtime is 0.9588336507479349 minutes
2022-07-12 07:38:58,057:INFO:SubProcess create_model() called ==================================
2022-07-12 07:38:58,057:INFO:Initializing create_model()
2022-07-12 07:38:58,057:INFO:create_model(estimator=lightgbm, fold=TimeSeriesSplit(gap=0, max_train_size=None, n_splits=3, test_size=None), round=4, cross_validation=True, predict=True, fit_kwargs={}, groups=None, refit=False, verbose=False, system=False, metrics=None, display=<pycaret.internal.Display.Display object at 0x0000027A585733D0>, kwargs={})
2022-07-12 07:38:58,058:INFO:Checking exceptions
2022-07-12 07:38:58,058:INFO:Importing libraries
2022-07-12 07:38:58,058:INFO:Copying training dataset
2022-07-12 07:38:58,058:INFO:Defining folds
2022-07-12 07:38:58,058:INFO:Declaring metric variables
2022-07-12 07:38:58,061:INFO:Importing untrained model
2022-07-12 07:38:58,065:INFO:Light Gradient Boosting Machine Imported succesfully
2022-07-12 07:38:58,071:INFO:Starting cross validation
2022-07-12 07:38:58,071:INFO:Cross validating with TimeSeriesSplit(gap=0, max_train_size=None, n_splits=3, test_size=None), n_jobs=-1
2022-07-12 07:38:59,728:WARNING:create_model() for lightgbm raised an exception or returned all 0.0, trying without fit_kwargs:
2022-07-12 07:38:59,728:WARNING:joblib.externals.loky.process_executor._RemoteTraceback: 
"""
Traceback (most recent call last):
  File "C:\Users\Main\anaconda3\lib\site-packages\pandas\compat\_optional.py", line 138, in import_optional_dependency
    module = importlib.import_module(name)
  File "C:\Users\Main\anaconda3\lib\importlib\__init__.py", line 127, in import_module
    return _bootstrap._gcd_import(name[level:], package, level)
  File "<frozen importlib._bootstrap>", line 1030, in _gcd_import
  File "<frozen importlib._bootstrap>", line 1007, in _find_and_load
  File "<frozen importlib._bootstrap>", line 986, in _find_and_load_unlocked
  File "<frozen importlib._bootstrap>", line 680, in _load_unlocked
  File "<frozen importlib._bootstrap_external>", line 850, in exec_module
  File "<frozen importlib._bootstrap>", line 228, in _call_with_frames_removed
  File "C:\Users\Main\anaconda3\lib\site-packages\jinja2\__init__.py", line 12, in <module>
    from .environment import Environment
  File "C:\Users\Main\anaconda3\lib\site-packages\jinja2\environment.py", line 25, in <module>
    from .defaults import BLOCK_END_STRING
  File "C:\Users\Main\anaconda3\lib\site-packages\jinja2\defaults.py", line 3, in <module>
    from .filters import FILTERS as DEFAULT_FILTERS  # noqa: F401
  File "C:\Users\Main\anaconda3\lib\site-packages\jinja2\filters.py", line 13, in <module>
    from markupsafe import soft_unicode
ImportError: cannot import name 'soft_unicode' from 'markupsafe' (C:\Users\Main\anaconda3\lib\site-packages\markupsafe\__init__.py)

During handling of the above exception, another exception occurred:

Traceback (most recent call last):
  File "C:\Users\Main\anaconda3\lib\site-packages\joblib\externals\loky\process_executor.py", line 407, in _process_worker
    call_item = call_queue.get(block=True, timeout=timeout)
  File "C:\Users\Main\anaconda3\lib\multiprocessing\queues.py", line 122, in get
    return _ForkingPickler.loads(res)
  File "C:\Users\Main\anaconda3\lib\site-packages\pycaret\internal\pipeline.py", line 11, in <module>
    from pycaret.internal.utils import get_all_object_vars_and_properties, is_fit_var
  File "C:\Users\Main\anaconda3\lib\site-packages\pycaret\internal\utils.py", line 10, in <module>
    import pandas.io.formats.style
  File "C:\Users\Main\anaconda3\lib\site-packages\pandas\io\formats\style.py", line 52, in <module>
    jinja2 = import_optional_dependency("jinja2", extra="DataFrame.style requires jinja2.")
  File "C:\Users\Main\anaconda3\lib\site-packages\pandas\compat\_optional.py", line 141, in import_optional_dependency
    raise ImportError(msg)
ImportError: Missing optional dependency 'Jinja2'. DataFrame.style requires jinja2. Use pip or conda to install Jinja2.
"""

The above exception was the direct cause of the following exception:

Traceback (most recent call last):
  File "C:\Users\Main\anaconda3\lib\site-packages\pycaret\internal\tabular.py", line 2136, in compare_models
    model, model_fit_time = create_model_supervised(
  File "C:\Users\Main\anaconda3\lib\site-packages\pycaret\internal\tabular.py", line 3085, in create_model_supervised
    scores = cross_validate(
  File "C:\Users\Main\anaconda3\lib\site-packages\sklearn\model_selection\_validation.py", line 266, in cross_validate
    results = parallel(
  File "C:\Users\Main\anaconda3\lib\site-packages\joblib\parallel.py", line 1056, in __call__
    self.retrieve()
  File "C:\Users\Main\anaconda3\lib\site-packages\joblib\parallel.py", line 935, in retrieve
    self._output.extend(job.get(timeout=self.timeout))
  File "C:\Users\Main\anaconda3\lib\site-packages\joblib\_parallel_backends.py", line 542, in wrap_future_result
    return future.result(timeout=timeout)
  File "C:\Users\Main\anaconda3\lib\concurrent\futures\_base.py", line 446, in result
    return self.__get_result()
  File "C:\Users\Main\anaconda3\lib\concurrent\futures\_base.py", line 391, in __get_result
    raise self._exception
joblib.externals.loky.process_executor.BrokenProcessPool: A task has failed to un-serialize. Please ensure that the arguments of the function are all picklable.

2022-07-12 07:38:59,728:INFO:Initializing create_model()
2022-07-12 07:38:59,729:INFO:create_model(estimator=lightgbm, fold=TimeSeriesSplit(gap=0, max_train_size=None, n_splits=3, test_size=None), round=4, cross_validation=True, predict=True, fit_kwargs=None, groups=None, refit=False, verbose=False, system=False, metrics=None, display=<pycaret.internal.Display.Display object at 0x0000027A585733D0>, kwargs={})
2022-07-12 07:38:59,729:INFO:Checking exceptions
2022-07-12 07:38:59,729:INFO:Importing libraries
2022-07-12 07:38:59,729:INFO:Copying training dataset
2022-07-12 07:38:59,729:INFO:Defining folds
2022-07-12 07:38:59,729:INFO:Declaring metric variables
2022-07-12 07:38:59,733:INFO:Importing untrained model
2022-07-12 07:38:59,736:INFO:Light Gradient Boosting Machine Imported succesfully
2022-07-12 07:38:59,742:INFO:Starting cross validation
2022-07-12 07:38:59,742:INFO:Cross validating with TimeSeriesSplit(gap=0, max_train_size=None, n_splits=3, test_size=None), n_jobs=-1
2022-07-12 07:39:01,380:ERROR:create_model() for lightgbm raised an exception:
2022-07-12 07:39:01,380:ERROR:joblib.externals.loky.process_executor._RemoteTraceback: 
"""
Traceback (most recent call last):
  File "C:\Users\Main\anaconda3\lib\site-packages\pandas\compat\_optional.py", line 138, in import_optional_dependency
    module = importlib.import_module(name)
  File "C:\Users\Main\anaconda3\lib\importlib\__init__.py", line 127, in import_module
    return _bootstrap._gcd_import(name[level:], package, level)
  File "<frozen importlib._bootstrap>", line 1030, in _gcd_import
  File "<frozen importlib._bootstrap>", line 1007, in _find_and_load
  File "<frozen importlib._bootstrap>", line 986, in _find_and_load_unlocked
  File "<frozen importlib._bootstrap>", line 680, in _load_unlocked
  File "<frozen importlib._bootstrap_external>", line 850, in exec_module
  File "<frozen importlib._bootstrap>", line 228, in _call_with_frames_removed
  File "C:\Users\Main\anaconda3\lib\site-packages\jinja2\__init__.py", line 12, in <module>
    from .environment import Environment
  File "C:\Users\Main\anaconda3\lib\site-packages\jinja2\environment.py", line 25, in <module>
    from .defaults import BLOCK_END_STRING
  File "C:\Users\Main\anaconda3\lib\site-packages\jinja2\defaults.py", line 3, in <module>
    from .filters import FILTERS as DEFAULT_FILTERS  # noqa: F401
  File "C:\Users\Main\anaconda3\lib\site-packages\jinja2\filters.py", line 13, in <module>
    from markupsafe import soft_unicode
ImportError: cannot import name 'soft_unicode' from 'markupsafe' (C:\Users\Main\anaconda3\lib\site-packages\markupsafe\__init__.py)

During handling of the above exception, another exception occurred:

Traceback (most recent call last):
  File "C:\Users\Main\anaconda3\lib\site-packages\joblib\externals\loky\process_executor.py", line 407, in _process_worker
    call_item = call_queue.get(block=True, timeout=timeout)
  File "C:\Users\Main\anaconda3\lib\multiprocessing\queues.py", line 122, in get
    return _ForkingPickler.loads(res)
  File "C:\Users\Main\anaconda3\lib\site-packages\pycaret\internal\pipeline.py", line 11, in <module>
    from pycaret.internal.utils import get_all_object_vars_and_properties, is_fit_var
  File "C:\Users\Main\anaconda3\lib\site-packages\pycaret\internal\utils.py", line 10, in <module>
    import pandas.io.formats.style
  File "C:\Users\Main\anaconda3\lib\site-packages\pandas\io\formats\style.py", line 52, in <module>
    jinja2 = import_optional_dependency("jinja2", extra="DataFrame.style requires jinja2.")
  File "C:\Users\Main\anaconda3\lib\site-packages\pandas\compat\_optional.py", line 141, in import_optional_dependency
    raise ImportError(msg)
ImportError: Missing optional dependency 'Jinja2'. DataFrame.style requires jinja2. Use pip or conda to install Jinja2.
"""

The above exception was the direct cause of the following exception:

Traceback (most recent call last):
  File "C:\Users\Main\anaconda3\lib\site-packages\pycaret\internal\tabular.py", line 2156, in compare_models
    model, model_fit_time = create_model_supervised(
  File "C:\Users\Main\anaconda3\lib\site-packages\pycaret\internal\tabular.py", line 3085, in create_model_supervised
    scores = cross_validate(
  File "C:\Users\Main\anaconda3\lib\site-packages\sklearn\model_selection\_validation.py", line 266, in cross_validate
    results = parallel(
  File "C:\Users\Main\anaconda3\lib\site-packages\joblib\parallel.py", line 1056, in __call__
    self.retrieve()
  File "C:\Users\Main\anaconda3\lib\site-packages\joblib\parallel.py", line 935, in retrieve
    self._output.extend(job.get(timeout=self.timeout))
  File "C:\Users\Main\anaconda3\lib\site-packages\joblib\_parallel_backends.py", line 542, in wrap_future_result
    return future.result(timeout=timeout)
  File "C:\Users\Main\anaconda3\lib\concurrent\futures\_base.py", line 446, in result
    return self.__get_result()
  File "C:\Users\Main\anaconda3\lib\concurrent\futures\_base.py", line 391, in __get_result
    raise self._exception
joblib.externals.loky.process_executor.BrokenProcessPool: A task has failed to un-serialize. Please ensure that the arguments of the function are all picklable.

2022-07-12 07:39:01,381:INFO:Initializing CatBoost Regressor
2022-07-12 07:39:01,381:INFO:Total runtime is 1.014294906457265 minutes
2022-07-12 07:39:01,384:INFO:SubProcess create_model() called ==================================
2022-07-12 07:39:01,385:INFO:Initializing create_model()
2022-07-12 07:39:01,385:INFO:create_model(estimator=catboost, fold=TimeSeriesSplit(gap=0, max_train_size=None, n_splits=3, test_size=None), round=4, cross_validation=True, predict=True, fit_kwargs={}, groups=None, refit=False, verbose=False, system=False, metrics=None, display=<pycaret.internal.Display.Display object at 0x0000027A585733D0>, kwargs={})
2022-07-12 07:39:01,385:INFO:Checking exceptions
2022-07-12 07:39:01,385:INFO:Importing libraries
2022-07-12 07:39:01,385:INFO:Copying training dataset
2022-07-12 07:39:01,385:INFO:Defining folds
2022-07-12 07:39:01,385:INFO:Declaring metric variables
2022-07-12 07:39:01,388:INFO:Importing untrained model
2022-07-12 07:39:01,392:INFO:CatBoost Regressor Imported succesfully
2022-07-12 07:39:01,399:INFO:Starting cross validation
2022-07-12 07:39:01,399:INFO:Cross validating with TimeSeriesSplit(gap=0, max_train_size=None, n_splits=3, test_size=None), n_jobs=-1
2022-07-12 07:39:03,051:WARNING:create_model() for catboost raised an exception or returned all 0.0, trying without fit_kwargs:
2022-07-12 07:39:03,051:WARNING:joblib.externals.loky.process_executor._RemoteTraceback: 
"""
Traceback (most recent call last):
  File "C:\Users\Main\anaconda3\lib\site-packages\pandas\compat\_optional.py", line 138, in import_optional_dependency
    module = importlib.import_module(name)
  File "C:\Users\Main\anaconda3\lib\importlib\__init__.py", line 127, in import_module
    return _bootstrap._gcd_import(name[level:], package, level)
  File "<frozen importlib._bootstrap>", line 1030, in _gcd_import
  File "<frozen importlib._bootstrap>", line 1007, in _find_and_load
  File "<frozen importlib._bootstrap>", line 986, in _find_and_load_unlocked
  File "<frozen importlib._bootstrap>", line 680, in _load_unlocked
  File "<frozen importlib._bootstrap_external>", line 850, in exec_module
  File "<frozen importlib._bootstrap>", line 228, in _call_with_frames_removed
  File "C:\Users\Main\anaconda3\lib\site-packages\jinja2\__init__.py", line 12, in <module>
    from .environment import Environment
  File "C:\Users\Main\anaconda3\lib\site-packages\jinja2\environment.py", line 25, in <module>
    from .defaults import BLOCK_END_STRING
  File "C:\Users\Main\anaconda3\lib\site-packages\jinja2\defaults.py", line 3, in <module>
    from .filters import FILTERS as DEFAULT_FILTERS  # noqa: F401
  File "C:\Users\Main\anaconda3\lib\site-packages\jinja2\filters.py", line 13, in <module>
    from markupsafe import soft_unicode
ImportError: cannot import name 'soft_unicode' from 'markupsafe' (C:\Users\Main\anaconda3\lib\site-packages\markupsafe\__init__.py)

During handling of the above exception, another exception occurred:

Traceback (most recent call last):
  File "C:\Users\Main\anaconda3\lib\site-packages\joblib\externals\loky\process_executor.py", line 407, in _process_worker
    call_item = call_queue.get(block=True, timeout=timeout)
  File "C:\Users\Main\anaconda3\lib\multiprocessing\queues.py", line 122, in get
    return _ForkingPickler.loads(res)
  File "C:\Users\Main\anaconda3\lib\site-packages\pycaret\internal\pipeline.py", line 11, in <module>
    from pycaret.internal.utils import get_all_object_vars_and_properties, is_fit_var
  File "C:\Users\Main\anaconda3\lib\site-packages\pycaret\internal\utils.py", line 10, in <module>
    import pandas.io.formats.style
  File "C:\Users\Main\anaconda3\lib\site-packages\pandas\io\formats\style.py", line 52, in <module>
    jinja2 = import_optional_dependency("jinja2", extra="DataFrame.style requires jinja2.")
  File "C:\Users\Main\anaconda3\lib\site-packages\pandas\compat\_optional.py", line 141, in import_optional_dependency
    raise ImportError(msg)
ImportError: Missing optional dependency 'Jinja2'. DataFrame.style requires jinja2. Use pip or conda to install Jinja2.
"""

The above exception was the direct cause of the following exception:

Traceback (most recent call last):
  File "C:\Users\Main\anaconda3\lib\site-packages\pycaret\internal\tabular.py", line 2136, in compare_models
    model, model_fit_time = create_model_supervised(
  File "C:\Users\Main\anaconda3\lib\site-packages\pycaret\internal\tabular.py", line 3085, in create_model_supervised
    scores = cross_validate(
  File "C:\Users\Main\anaconda3\lib\site-packages\sklearn\model_selection\_validation.py", line 266, in cross_validate
    results = parallel(
  File "C:\Users\Main\anaconda3\lib\site-packages\joblib\parallel.py", line 1056, in __call__
    self.retrieve()
  File "C:\Users\Main\anaconda3\lib\site-packages\joblib\parallel.py", line 935, in retrieve
    self._output.extend(job.get(timeout=self.timeout))
  File "C:\Users\Main\anaconda3\lib\site-packages\joblib\_parallel_backends.py", line 542, in wrap_future_result
    return future.result(timeout=timeout)
  File "C:\Users\Main\anaconda3\lib\concurrent\futures\_base.py", line 446, in result
    return self.__get_result()
  File "C:\Users\Main\anaconda3\lib\concurrent\futures\_base.py", line 391, in __get_result
    raise self._exception
joblib.externals.loky.process_executor.BrokenProcessPool: A task has failed to un-serialize. Please ensure that the arguments of the function are all picklable.

2022-07-12 07:39:03,051:INFO:Initializing create_model()
2022-07-12 07:39:03,052:INFO:create_model(estimator=catboost, fold=TimeSeriesSplit(gap=0, max_train_size=None, n_splits=3, test_size=None), round=4, cross_validation=True, predict=True, fit_kwargs=None, groups=None, refit=False, verbose=False, system=False, metrics=None, display=<pycaret.internal.Display.Display object at 0x0000027A585733D0>, kwargs={})
2022-07-12 07:39:03,052:INFO:Checking exceptions
2022-07-12 07:39:03,052:INFO:Importing libraries
2022-07-12 07:39:03,052:INFO:Copying training dataset
2022-07-12 07:39:03,052:INFO:Defining folds
2022-07-12 07:39:03,052:INFO:Declaring metric variables
2022-07-12 07:39:03,056:INFO:Importing untrained model
2022-07-12 07:39:03,059:INFO:CatBoost Regressor Imported succesfully
2022-07-12 07:39:03,066:INFO:Starting cross validation
2022-07-12 07:39:03,066:INFO:Cross validating with TimeSeriesSplit(gap=0, max_train_size=None, n_splits=3, test_size=None), n_jobs=-1
2022-07-12 07:39:04,724:ERROR:create_model() for catboost raised an exception:
2022-07-12 07:39:04,725:ERROR:joblib.externals.loky.process_executor._RemoteTraceback: 
"""
Traceback (most recent call last):
  File "C:\Users\Main\anaconda3\lib\site-packages\pandas\compat\_optional.py", line 138, in import_optional_dependency
    module = importlib.import_module(name)
  File "C:\Users\Main\anaconda3\lib\importlib\__init__.py", line 127, in import_module
    return _bootstrap._gcd_import(name[level:], package, level)
  File "<frozen importlib._bootstrap>", line 1030, in _gcd_import
  File "<frozen importlib._bootstrap>", line 1007, in _find_and_load
  File "<frozen importlib._bootstrap>", line 986, in _find_and_load_unlocked
  File "<frozen importlib._bootstrap>", line 680, in _load_unlocked
  File "<frozen importlib._bootstrap_external>", line 850, in exec_module
  File "<frozen importlib._bootstrap>", line 228, in _call_with_frames_removed
  File "C:\Users\Main\anaconda3\lib\site-packages\jinja2\__init__.py", line 12, in <module>
    from .environment import Environment
  File "C:\Users\Main\anaconda3\lib\site-packages\jinja2\environment.py", line 25, in <module>
    from .defaults import BLOCK_END_STRING
  File "C:\Users\Main\anaconda3\lib\site-packages\jinja2\defaults.py", line 3, in <module>
    from .filters import FILTERS as DEFAULT_FILTERS  # noqa: F401
  File "C:\Users\Main\anaconda3\lib\site-packages\jinja2\filters.py", line 13, in <module>
    from markupsafe import soft_unicode
ImportError: cannot import name 'soft_unicode' from 'markupsafe' (C:\Users\Main\anaconda3\lib\site-packages\markupsafe\__init__.py)

During handling of the above exception, another exception occurred:

Traceback (most recent call last):
  File "C:\Users\Main\anaconda3\lib\site-packages\joblib\externals\loky\process_executor.py", line 407, in _process_worker
    call_item = call_queue.get(block=True, timeout=timeout)
  File "C:\Users\Main\anaconda3\lib\multiprocessing\queues.py", line 122, in get
    return _ForkingPickler.loads(res)
  File "C:\Users\Main\anaconda3\lib\site-packages\pycaret\internal\pipeline.py", line 11, in <module>
    from pycaret.internal.utils import get_all_object_vars_and_properties, is_fit_var
  File "C:\Users\Main\anaconda3\lib\site-packages\pycaret\internal\utils.py", line 10, in <module>
    import pandas.io.formats.style
  File "C:\Users\Main\anaconda3\lib\site-packages\pandas\io\formats\style.py", line 52, in <module>
    jinja2 = import_optional_dependency("jinja2", extra="DataFrame.style requires jinja2.")
  File "C:\Users\Main\anaconda3\lib\site-packages\pandas\compat\_optional.py", line 141, in import_optional_dependency
    raise ImportError(msg)
ImportError: Missing optional dependency 'Jinja2'. DataFrame.style requires jinja2. Use pip or conda to install Jinja2.
"""

The above exception was the direct cause of the following exception:

Traceback (most recent call last):
  File "C:\Users\Main\anaconda3\lib\site-packages\pycaret\internal\tabular.py", line 2156, in compare_models
    model, model_fit_time = create_model_supervised(
  File "C:\Users\Main\anaconda3\lib\site-packages\pycaret\internal\tabular.py", line 3085, in create_model_supervised
    scores = cross_validate(
  File "C:\Users\Main\anaconda3\lib\site-packages\sklearn\model_selection\_validation.py", line 266, in cross_validate
    results = parallel(
  File "C:\Users\Main\anaconda3\lib\site-packages\joblib\parallel.py", line 1056, in __call__
    self.retrieve()
  File "C:\Users\Main\anaconda3\lib\site-packages\joblib\parallel.py", line 935, in retrieve
    self._output.extend(job.get(timeout=self.timeout))
  File "C:\Users\Main\anaconda3\lib\site-packages\joblib\_parallel_backends.py", line 542, in wrap_future_result
    return future.result(timeout=timeout)
  File "C:\Users\Main\anaconda3\lib\concurrent\futures\_base.py", line 446, in result
    return self.__get_result()
  File "C:\Users\Main\anaconda3\lib\concurrent\futures\_base.py", line 391, in __get_result
    raise self._exception
joblib.externals.loky.process_executor.BrokenProcessPool: A task has failed to un-serialize. Please ensure that the arguments of the function are all picklable.

2022-07-12 07:39:04,730:INFO:create_model_container: 0
2022-07-12 07:39:04,730:INFO:master_model_container: 0
2022-07-12 07:39:04,731:INFO:display_container: 1
2022-07-12 07:39:04,731:INFO:[]
2022-07-12 07:39:04,731:INFO:compare_models() succesfully completed......................................
2022-07-12 07:46:22,209:INFO:PyCaret Supervised Module
2022-07-12 07:46:22,209:INFO:ML Usecase: regression
2022-07-12 07:46:22,209:INFO:version 2.2.2
2022-07-12 07:46:22,209:INFO:Initializing setup()
2022-07-12 07:46:22,209:INFO:setup(target=Passengers, ml_usecase=regression, available_plots={'parameter': 'Hyperparameters', 'residuals': 'Residuals', 'error': 'Prediction Error', 'cooks': 'Cooks Distance', 'rfe': 'Feature Selection', 'learning': 'Learning Curve', 'manifold': 'Manifold Learning', 'vc': 'Validation Curve', 'feature': 'Feature Importance', 'feature_all': 'Feature Importance (All)', 'tree': 'Decision Tree'}, train_size=0.7, test_data=     Series  Year  Month  Passengers
132     133  1960      1         417
133     134  1960      2         391
134     135  1960      3         419
135     136  1960      4         461
136     137  1960      5         472
137     138  1960      6         535
138     139  1960      7         622
139     140  1960      8         606
140     141  1960      9         508
141     142  1960     10         461
142     143  1960     11         390
143     144  1960     12         432, preprocess=True, imputation_type=simple, iterative_imputation_iters=5, categorical_features=None, categorical_imputation=constant, categorical_iterative_imputer=lightgbm, ordinal_features=None, high_cardinality_features=None, high_cardinality_method=frequency, numeric_features=['Year', 'Series'], numeric_imputation=mean, numeric_iterative_imputer=lightgbm, date_features=None, ignore_features=None, normalize=False, normalize_method=zscore, transformation=False, transformation_method=yeo-johnson, handle_unknown_categorical=True, unknown_categorical_method=least_frequent, pca=False, pca_method=linear, pca_components=None, ignore_low_variance=False, combine_rare_levels=False, rare_level_threshold=0.1, bin_numeric_features=None, remove_outliers=False, outliers_threshold=0.05, remove_multicollinearity=False, multicollinearity_threshold=0.9, remove_perfect_collinearity=True, create_clusters=False, cluster_iter=20, polynomial_features=False, polynomial_degree=2, trigonometry_features=False, polynomial_threshold=0.1, group_features=None, group_names=None, feature_selection=False, feature_selection_threshold=0.8, feature_selection_method=classic, feature_interaction=False, feature_ratio=False, interaction_threshold=0.01, fix_imbalance=False, fix_imbalance_method=None, transform_target=True, transform_target_method=box-cox, data_split_shuffle=True, data_split_stratify=False, fold_strategy=timeseries, fold=3, fold_shuffle=False, fold_groups=None, n_jobs=-1, use_gpu=False, custom_pipeline=None, html=True, session_id=123, log_experiment=False, experiment_name=None, log_plots=False, log_profile=False, log_data=False, silent=False, verbose=True, profile=False, profile_kwargs=None, display=None)
2022-07-12 07:46:22,209:INFO:Checking environment
2022-07-12 07:46:22,209:INFO:python_version: 3.9.12
2022-07-12 07:46:22,209:INFO:python_build: ('main', 'Apr  4 2022 05:22:27')
2022-07-12 07:46:22,209:INFO:machine: AMD64
2022-07-12 07:46:22,209:INFO:platform: Windows-10-10.0.22000-SP0
2022-07-12 07:46:22,209:INFO:Memory: svmem(total=137220710400, available=26099621888, percent=81.0, used=111121088512, free=26099621888)
2022-07-12 07:46:22,209:INFO:Physical Core: 12
2022-07-12 07:46:22,209:INFO:Logical Core: 20
2022-07-12 07:46:22,209:INFO:Checking libraries
2022-07-12 07:46:22,210:INFO:pd==1.4.2
2022-07-12 07:46:22,210:INFO:numpy==1.21.5
2022-07-12 07:46:22,210:INFO:sklearn==1.1.1
2022-07-12 07:46:22,221:INFO:xgboost==1.6.1
2022-07-12 07:46:22,221:INFO:lightgbm==3.3.2
2022-07-12 07:46:22,231:INFO:catboost==1.0.6
2022-07-12 07:46:22,469:INFO:mlflow==1.27.0
2022-07-12 07:46:22,469:INFO:Checking Exceptions
2022-07-12 07:46:22,469:INFO:Declaring global variables
2022-07-12 07:46:22,469:INFO:USI: 19de
2022-07-12 07:46:22,469:INFO:pycaret_globals: {'data_before_preprocess', 'html_param', 'pycaret_globals', 'X_train', 'log_plots_param', 'transform_target_param', 'imputation_classifier', 'experiment__', '_all_metrics', 'y_test', 'y', '_all_models', 'imputation_regressor', 'create_model_container', 'iterative_imputation_iters_param', 'fix_imbalance_param', 'display_container', 'USI', 'prep_pipe', 'transform_target_method_param', 'X_test', 'y_train', 'fold_groups_param', 'exp_name_log', '_gpu_n_jobs_param', '_internal_pipeline', 'logging_param', 'X', 'gpu_param', 'seed', 'fold_shuffle_param', '_ml_usecase', 'fix_imbalance_method_param', 'fold_generator', 'n_jobs_param', 'master_model_container', 'target_param', 'fold_param', '_available_plots', '_all_models_internal', 'stratify_param'}
2022-07-12 07:46:22,469:INFO:Preparing display monitor
2022-07-12 07:46:22,469:INFO:Preparing display monitor
2022-07-12 07:46:22,475:INFO:Importing libraries
2022-07-12 07:46:22,475:INFO:Copying data for preprocessing
2022-07-12 07:46:22,478:INFO:Declaring preprocessing parameters
2022-07-12 07:46:22,479:INFO:Creating preprocessing pipeline
2022-07-12 07:46:22,480:INFO:Preprocessing pipeline created successfully
2022-07-12 07:46:22,480:ERROR:(Process Exit): setup has been interupted with user command 'quit'. setup must rerun.
2022-07-12 07:46:22,480:INFO:Creating global containers
2022-07-12 07:46:22,480:INFO:Internal pipeline: Pipeline(memory=None, steps=[('empty_step', 'passthrough')], verbose=False)
2022-07-12 07:46:47,278:INFO:Creating grid variables
2022-07-12 07:46:47,284:INFO:create_model_container: 0
2022-07-12 07:46:47,284:INFO:master_model_container: 0
2022-07-12 07:46:47,284:INFO:display_container: 0
2022-07-12 08:11:21,087:INFO:PyCaret Supervised Module
2022-07-12 08:11:21,087:INFO:ML Usecase: regression
2022-07-12 08:11:21,088:INFO:version 2.2.2
2022-07-12 08:11:21,088:INFO:Initializing setup()
2022-07-12 08:11:21,088:INFO:setup(target=sales, ml_usecase=regression, available_plots={'parameter': 'Hyperparameters', 'residuals': 'Residuals', 'error': 'Prediction Error', 'cooks': 'Cooks Distance', 'rfe': 'Feature Selection', 'learning': 'Learning Curve', 'manifold': 'Manifold Learning', 'vc': 'Validation Curve', 'feature': 'Feature Importance', 'feature_all': 'Feature Importance (All)', 'tree': 'Decision Tree'}, train_size=0.95, test_data=None, preprocess=True, imputation_type=simple, iterative_imputation_iters=5, categorical_features=['month', 'day_of_week'], categorical_imputation=constant, categorical_iterative_imputer=lightgbm, ordinal_features=None, high_cardinality_features=None, high_cardinality_method=frequency, numeric_features=['day_of_year', 'year'], numeric_imputation=mean, numeric_iterative_imputer=lightgbm, date_features=None, ignore_features=['date', 'time_series'], normalize=False, normalize_method=zscore, transformation=False, transformation_method=yeo-johnson, handle_unknown_categorical=True, unknown_categorical_method=least_frequent, pca=False, pca_method=linear, pca_components=None, ignore_low_variance=False, combine_rare_levels=False, rare_level_threshold=0.1, bin_numeric_features=None, remove_outliers=False, outliers_threshold=0.05, remove_multicollinearity=False, multicollinearity_threshold=0.9, remove_perfect_collinearity=True, create_clusters=False, cluster_iter=20, polynomial_features=False, polynomial_degree=2, trigonometry_features=False, polynomial_threshold=0.1, group_features=None, group_names=None, feature_selection=False, feature_selection_threshold=0.8, feature_selection_method=classic, feature_interaction=False, feature_ratio=False, interaction_threshold=0.01, fix_imbalance=False, fix_imbalance_method=None, transform_target=False, transform_target_method=box-cox, data_split_shuffle=False, data_split_stratify=False, fold_strategy=timeseries, fold=3, fold_shuffle=False, fold_groups=None, n_jobs=-1, use_gpu=False, custom_pipeline=None, html=True, session_id=123, log_experiment=False, experiment_name=None, log_plots=False, log_profile=False, log_data=False, silent=True, verbose=False, profile=False, profile_kwargs=None, display=None)
2022-07-12 08:11:21,088:INFO:Checking environment
2022-07-12 08:11:21,088:INFO:python_version: 3.9.12
2022-07-12 08:11:21,088:INFO:python_build: ('main', 'Apr  4 2022 05:22:27')
2022-07-12 08:11:21,088:INFO:machine: AMD64
2022-07-12 08:11:21,088:INFO:platform: Windows-10-10.0.22000-SP0
2022-07-12 08:11:21,088:INFO:Memory: svmem(total=137220710400, available=22515666944, percent=83.6, used=114705043456, free=22515666944)
2022-07-12 08:11:21,088:INFO:Physical Core: 12
2022-07-12 08:11:21,088:INFO:Logical Core: 20
2022-07-12 08:11:21,088:INFO:Checking libraries
2022-07-12 08:11:21,088:INFO:pd==1.4.2
2022-07-12 08:11:21,088:INFO:numpy==1.21.5
2022-07-12 08:11:21,088:INFO:sklearn==1.1.1
2022-07-12 08:11:21,098:INFO:xgboost==1.6.1
2022-07-12 08:11:21,098:INFO:lightgbm==3.3.2
2022-07-12 08:11:21,107:INFO:catboost==1.0.6
2022-07-12 08:11:21,373:INFO:mlflow==1.27.0
2022-07-12 08:11:21,374:INFO:Checking Exceptions
2022-07-12 08:11:21,374:INFO:Declaring global variables
2022-07-12 08:11:21,374:INFO:USI: deab
2022-07-12 08:11:21,374:INFO:pycaret_globals: {'seed', '_all_models', 'pycaret_globals', 'n_jobs_param', 'gpu_param', 'fold_groups_param', 'exp_name_log', 'display_container', 'fold_param', 'USI', 'X', '_all_models_internal', 'logging_param', 'y_train', 'master_model_container', 'transform_target_param', 'fold_generator', 'log_plots_param', 'create_model_container', '_internal_pipeline', 'X_test', '_ml_usecase', 'transform_target_method_param', '_gpu_n_jobs_param', 'fix_imbalance_method_param', 'fix_imbalance_param', 'prep_pipe', '_all_metrics', 'stratify_param', 'imputation_regressor', 'experiment__', 'target_param', '_available_plots', 'X_train', 'iterative_imputation_iters_param', 'data_before_preprocess', 'imputation_classifier', 'html_param', 'fold_shuffle_param', 'y_test', 'y'}
2022-07-12 08:11:21,374:INFO:Preparing display monitor
2022-07-12 08:11:21,374:INFO:Importing libraries
2022-07-12 08:11:21,374:INFO:Copying data for preprocessing
2022-07-12 08:11:21,374:INFO:Declaring preprocessing parameters
2022-07-12 08:11:21,375:INFO:Creating preprocessing pipeline
2022-07-12 08:11:21,376:INFO:Preprocessing pipeline created successfully
2022-07-12 08:11:21,376:ERROR:(Process Exit): setup has been interupted with user command 'quit'. setup must rerun.
2022-07-12 08:11:21,376:INFO:Creating global containers
2022-07-12 08:11:21,376:INFO:Internal pipeline: Pipeline(memory=None, steps=[('empty_step', 'passthrough')], verbose=False)
2022-07-12 08:11:21,649:INFO:Creating grid variables
2022-07-12 08:11:21,650:INFO:create_model_container: 0
2022-07-12 08:11:21,651:INFO:master_model_container: 0
2022-07-12 08:11:21,651:INFO:display_container: 0
